#-----------------------------------------------------------
# Vivado v2018.3 (64-bit)
# SW Build 2405991 on Thu Dec  6 23:38:27 MST 2018
# IP Build 2404404 on Fri Dec  7 01:43:56 MST 2018
# Start of session at: Wed Jun 17 10:05:04 2020
# Process ID: 12024
# Current directory: G:/QH_WORK/Demo/vivado_prj/demo_rb_64/demo_rb_64
# Command line: vivado.exe -gui_launcher_event rodinguilauncherevent16120 G:\QH_WORK\Demo\vivado_prj\demo_rb_64\demo_rb_64\demo_rb_64.xpr
# Log file: G:/QH_WORK/Demo/vivado_prj/demo_rb_64/demo_rb_64/vivado.log
# Journal file: G:/QH_WORK/Demo/vivado_prj/demo_rb_64/demo_rb_64\vivado.jou
#-----------------------------------------------------------
start_gui
open_project G:/QH_WORK/Demo/vivado_prj/demo_rb_64/demo_rb_64/demo_rb_64.xpr
Scanning sources...
Finished scanning sources
INFO: [IP_Flow 19-234] Refreshing IP repositories
INFO: [IP_Flow 19-1704] No user IP repositories specified
INFO: [IP_Flow 19-2313] Loaded Vivado IP repository 'D:/Xilinx/Vivado/2018.3/data/ip'.
open_project: Time (s): cpu = 00:00:19 ; elapsed = 00:00:13 . Memory (MB): peak = 869.914 ; gain = 215.363
update_compile_order -fileset sources_1
update_compile_order -fileset sources_1
update_compile_order -fileset sources_1
reset_run synth_1
WARNING: [Vivado 12-1017] Problems encountered:
1. Failed to delete one or more files in run directory G:/QH_WORK/Demo/vivado_prj/demo_rb_64/demo_rb_64/demo_rb_64.runs/synth_1

launch_runs synth_1 -jobs 6
[Wed Jun 17 10:24:22 2020] Launched synth_1...
Run output will be captured here: G:/QH_WORK/Demo/vivado_prj/demo_rb_64/demo_rb_64/demo_rb_64.runs/synth_1/runme.log
check_syntax
CRITICAL WARNING: [HDL 9-3136] 'idataOutCtrl' is not declared [G:/QH_WORK/Demo/vivado_prj/demo_rb_64/demo_rb_64/demo_rb_64.srcs/sources_1/new/TOP_RB.v:256]
CRITICAL WARNING: [HDL 9-3136] 'idataOutCtrl' is not declared [G:/QH_WORK/Demo/vivado_prj/demo_rb_64/demo_rb_64/demo_rb_64.srcs/sources_1/new/TOP_RB.v:257]
CRITICAL WARNING: [HDL 9-3136] 'idataOutCtrl' is not declared [G:/QH_WORK/Demo/vivado_prj/demo_rb_64/demo_rb_64/demo_rb_64.srcs/sources_1/new/TOP_RB.v:258]
CRITICAL WARNING: [HDL 9-3136] 'idataOutCtrl' is not declared [G:/QH_WORK/Demo/vivado_prj/demo_rb_64/demo_rb_64/demo_rb_64.srcs/sources_1/new/TOP_RB.v:259]
CRITICAL WARNING: [HDL 9-3136] 'idataOutCtrl' is not declared [G:/QH_WORK/Demo/vivado_prj/demo_rb_64/demo_rb_64/demo_rb_64.srcs/sources_1/new/TOP_RB.v:272]
CRITICAL WARNING: [HDL 9-3136] 'idataOutCtrl' is not declared [G:/QH_WORK/Demo/vivado_prj/demo_rb_64/demo_rb_64/demo_rb_64.srcs/sources_1/new/TOP_RB.v:272]
CRITICAL WARNING: [HDL 9-3136] 'idataOutCtrl' is not declared [G:/QH_WORK/Demo/vivado_prj/demo_rb_64/demo_rb_64/demo_rb_64.srcs/sources_1/new/TOP_RB.v:273]
CRITICAL WARNING: [HDL 9-3136] 'idataOutCtrl' is not declared [G:/QH_WORK/Demo/vivado_prj/demo_rb_64/demo_rb_64/demo_rb_64.srcs/sources_1/new/TOP_RB.v:273]
CRITICAL WARNING: [HDL 9-3136] 'idataOutCtrl' is not declared [G:/QH_WORK/Demo/vivado_prj/demo_rb_64/demo_rb_64/demo_rb_64.srcs/sources_1/new/TOP_RB.v:431]
CRITICAL WARNING: [HDL 9-3136] 'idataOutCtrl' is not declared [G:/QH_WORK/Demo/vivado_prj/demo_rb_64/demo_rb_64/demo_rb_64.srcs/sources_1/new/TOP_RB.v:432]
reset_run synth_1
WARNING: [Vivado 12-1017] Problems encountered:
1. Failed to delete one or more files in run directory G:/QH_WORK/Demo/vivado_prj/demo_rb_64/demo_rb_64/demo_rb_64.runs/synth_1

launch_runs impl_1 -to_step write_bitstream -jobs 6
[Wed Jun 17 10:35:17 2020] Launched synth_1...
Run output will be captured here: G:/QH_WORK/Demo/vivado_prj/demo_rb_64/demo_rb_64/demo_rb_64.runs/synth_1/runme.log
[Wed Jun 17 10:35:17 2020] Launched impl_1...
Run output will be captured here: G:/QH_WORK/Demo/vivado_prj/demo_rb_64/demo_rb_64/demo_rb_64.runs/impl_1/runme.log
open_hw
connect_hw_server
INFO: [Labtools 27-2285] Connecting to hw_server url TCP:localhost:3121
open_hw_target
INFO: [Labtoolstcl 44-466] Opening hw_target localhost:3121/xilinx_tcf/Digilent/210512180081
ERROR: [Labtools 27-2269] No devices detected on target localhost:3121/xilinx_tcf/Digilent/210512180081.
Check cable connectivity and that the target board is powered up then
use the disconnect_hw_server and connect_hw_server to re-register this hardware target.
ERROR: [Common 17-39] 'open_hw_target' failed due to earlier errors.
set_property PROBES.FILE {G:/QH_WORK/Demo/vivado_prj/demo_rb_64/demo_rb_64/demo_rb_64.runs/impl_1/TOP_RB.ltx} [get_hw_devices xc7z100_1]
set_property FULL_PROBES.FILE {G:/QH_WORK/Demo/vivado_prj/demo_rb_64/demo_rb_64/demo_rb_64.runs/impl_1/TOP_RB.ltx} [get_hw_devices xc7z100_1]
set_property PROGRAM.FILE {G:/QH_WORK/Demo/vivado_prj/demo_rb_64/demo_rb_64/demo_rb_64.runs/impl_1/TOP_RB.bit} [get_hw_devices xc7z100_1]
program_hw_devices [get_hw_devices xc7z100_1]
INFO: [Labtools 27-3164] End of startup status: HIGH
program_hw_devices: Time (s): cpu = 00:00:15 ; elapsed = 00:00:15 . Memory (MB): peak = 1905.148 ; gain = 0.000
refresh_hw_device [lindex [get_hw_devices xc7z100_1] 0]
INFO: [Labtools 27-2302] Device xc7z100 (JTAG device index = 1) is programmed with a design that has 3 ILA core(s).
display_hw_ila_data [ get_hw_ila_data hw_ila_data_1 -of_objects [get_hw_ilas -of_objects [get_hw_devices xc7z100_1] -filter {CELL_NAME=~"ila_1_rx"}]]
WARNING: Simulation object DATA_IN[0]__0 was not found in the design.
WARNING: Simulation object DATA_IN[1]__0 was not found in the design.
WARNING: Simulation object read_len was not found in the design.
WARNING: Simulation object Rx_Cnt was not found in the design.
display_hw_ila_data [ get_hw_ila_data hw_ila_data_2 -of_objects [get_hw_ilas -of_objects [get_hw_devices xc7z100_1] -filter {CELL_NAME=~"ila_1_tx"}]]
WARNING: Simulation object channel_up was not found in the design.
WARNING: Simulation object lane_up was not found in the design.
WARNING: Simulation object m_axi_rx_tdata was not found in the design.
WARNING: Simulation object m_axi_rx_tkeep was not found in the design.
WARNING: Simulation object m_axi_rx_tlast was not found in the design.
WARNING: Simulation object m_axi_rx_tvalid was not found in the design.
display_hw_ila_data [ get_hw_ila_data hw_ila_data_3 -of_objects [get_hw_ilas -of_objects [get_hw_devices xc7z100_1] -filter {CELL_NAME=~"ila_RX"}]]
run_hw_ila [get_hw_ilas -of_objects [get_hw_devices xc7z100_1] -filter {CELL_NAME=~"ila_RX"}]
INFO: [Labtools 27-1964] The ILA core 'hw_ila_3' trigger was armed at 2020-Jun-17 11:53:17
wait_on_hw_ila [get_hw_ilas -of_objects [get_hw_devices xc7z100_1] -filter {CELL_NAME=~"ila_RX"}]
display_hw_ila_data [upload_hw_ila_data [get_hw_ilas -of_objects [get_hw_devices xc7z100_1] -filter {CELL_NAME=~"ila_RX"}]]
INFO: [Labtools 27-1966] The ILA core 'hw_ila_3' triggered at 2020-Jun-17 11:53:17
INFO: [Labtools 27-3304] ILA Waveform data saved to file G:/QH_WORK/Demo/vivado_prj/demo_rb_64/demo_rb_64/demo_rb_64.hw/backup/hw_ila_data_3.ila. Use Tcl command 'read_hw_ila_data' or Vivado File->Import->Import ILA Data menu item to import the previously saved data.
add_wave -into {hw_ila_data_2.wcfg} -radix hex { {ap_start_r2} {DATA_IN[0]__0} {DATA_IN[1]__0} {DATA_OUT[2]__0} {idataOutCtrl[0]} {idataOutCtrl[3]} {parity} {read_len} {Rx_Cnt} {s_axi_tx_tdata} }
run_hw_ila [get_hw_ilas -of_objects [get_hw_devices xc7z100_1] -filter {CELL_NAME=~"ila_1_tx"}]
INFO: [Labtools 27-1964] The ILA core 'hw_ila_2' trigger was armed at 2020-Jun-17 11:53:33
wait_on_hw_ila [get_hw_ilas -of_objects [get_hw_devices xc7z100_1] -filter {CELL_NAME=~"ila_1_tx"}]
display_hw_ila_data [upload_hw_ila_data [get_hw_ilas -of_objects [get_hw_devices xc7z100_1] -filter {CELL_NAME=~"ila_1_tx"}]]
INFO: [Labtools 27-1966] The ILA core 'hw_ila_2' triggered at 2020-Jun-17 11:53:33
INFO: [Labtools 27-3304] ILA Waveform data saved to file G:/QH_WORK/Demo/vivado_prj/demo_rb_64/demo_rb_64/demo_rb_64.hw/backup/hw_ila_data_2.ila. Use Tcl command 'read_hw_ila_data' or Vivado File->Import->Import ILA Data menu item to import the previously saved data.
run_hw_ila [get_hw_ilas -of_objects [get_hw_devices xc7z100_1] -filter {CELL_NAME=~"ila_1_rx"}]
INFO: [Labtools 27-1964] The ILA core 'hw_ila_1' trigger was armed at 2020-Jun-17 11:53:50
wait_on_hw_ila -timeout 0 [get_hw_ilas -of_objects [get_hw_devices xc7z100_1] -filter {CELL_NAME=~"ila_1_rx"}]
upload_hw_ila_data [get_hw_ilas -of_objects [get_hw_devices xc7z100_1] -filter {CELL_NAME=~"ila_1_rx"}]
INFO: [Labtools 27-1965] The ILA core 'hw_ila_1' trigger was stopped by user at 2020-Jun-17 11:53:56
WARNING: [Labtools 27-157] hw_ila [hw_ila_1] stopped. No data to upload.
run_hw_ila [get_hw_ilas -of_objects [get_hw_devices xc7z100_1] -filter {CELL_NAME=~"ila_1_rx"}] -trigger_now
INFO: [Labtools 27-1964] The ILA core 'hw_ila_1' trigger was armed at 2020-Jun-17 11:53:56
wait_on_hw_ila [get_hw_ilas -of_objects [get_hw_devices xc7z100_1] -filter {CELL_NAME=~"ila_1_rx"}]
display_hw_ila_data [upload_hw_ila_data [get_hw_ilas -of_objects [get_hw_devices xc7z100_1] -filter {CELL_NAME=~"ila_1_rx"}]]
INFO: [Labtools 27-1966] The ILA core 'hw_ila_1' triggered at 2020-Jun-17 11:53:56
INFO: [Labtools 27-3304] ILA Waveform data saved to file G:/QH_WORK/Demo/vivado_prj/demo_rb_64/demo_rb_64/demo_rb_64.hw/backup/hw_ila_data_1.ila. Use Tcl command 'read_hw_ila_data' or Vivado File->Import->Import ILA Data menu item to import the previously saved data.
run_hw_ila [get_hw_ilas -of_objects [get_hw_devices xc7z100_1] -filter {CELL_NAME=~"ila_1_rx"}]
INFO: [Labtools 27-1964] The ILA core 'hw_ila_1' trigger was armed at 2020-Jun-17 11:54:25
wait_on_hw_ila -timeout 0 [get_hw_ilas -of_objects [get_hw_devices xc7z100_1] -filter {CELL_NAME=~"ila_1_rx"}]
upload_hw_ila_data [get_hw_ilas -of_objects [get_hw_devices xc7z100_1] -filter {CELL_NAME=~"ila_1_rx"}]
INFO: [Labtools 27-1965] The ILA core 'hw_ila_1' trigger was stopped by user at 2020-Jun-17 11:54:28
WARNING: [Labtools 27-157] hw_ila [hw_ila_1] stopped. No data to upload.
run_hw_ila [get_hw_ilas -of_objects [get_hw_devices xc7z100_1] -filter {CELL_NAME=~"ila_1_rx"}] -trigger_now
INFO: [Labtools 27-1964] The ILA core 'hw_ila_1' trigger was armed at 2020-Jun-17 11:54:28
wait_on_hw_ila [get_hw_ilas -of_objects [get_hw_devices xc7z100_1] -filter {CELL_NAME=~"ila_1_rx"}]
display_hw_ila_data [upload_hw_ila_data [get_hw_ilas -of_objects [get_hw_devices xc7z100_1] -filter {CELL_NAME=~"ila_1_rx"}]]
INFO: [Labtools 27-1966] The ILA core 'hw_ila_1' triggered at 2020-Jun-17 11:54:28
INFO: [Labtools 27-3304] ILA Waveform data saved to file G:/QH_WORK/Demo/vivado_prj/demo_rb_64/demo_rb_64/demo_rb_64.hw/backup/hw_ila_data_1.ila. Use Tcl command 'read_hw_ila_data' or Vivado File->Import->Import ILA Data menu item to import the previously saved data.
run_hw_ila [get_hw_ilas -of_objects [get_hw_devices xc7z100_1] -filter {CELL_NAME=~"ila_1_rx"}]
INFO: [Labtools 27-1964] The ILA core 'hw_ila_1' trigger was armed at 2020-Jun-17 11:54:52
save_wave_config {G:/QH_WORK/Demo/vivado_prj/demo_rb_64/demo_rb_64/demo_rb_64.hw/hw_1/wave/hw_ila_data_1/hw_ila_data_1.wcfg}
save_wave_config {G:/QH_WORK/Demo/vivado_prj/demo_rb_64/demo_rb_64/demo_rb_64.hw/hw_1/wave/hw_ila_data_2/hw_ila_data_2.wcfg}
save_wave_config {G:/QH_WORK/Demo/vivado_prj/demo_rb_64/demo_rb_64/demo_rb_64.hw/hw_1/wave/hw_ila_data_3/hw_ila_data_3.wcfg}
close_hw
open_hw
connect_hw_server
INFO: [Labtools 27-2285] Connecting to hw_server url TCP:localhost:3121
open_hw_target
INFO: [Labtoolstcl 44-466] Opening hw_target localhost:3121/xilinx_tcf/Digilent/210512180081
set_property PROGRAM.FILE {G:/QH_WORK/Demo/vivado_prj/demo_rb_64/demo_rb_64/demo_rb_64.runs/impl_1/TOP_RB.bit} [get_hw_devices xc7z100_1]
set_property PROBES.FILE {G:/QH_WORK/Demo/vivado_prj/demo_rb_64/demo_rb_64/demo_rb_64.runs/impl_1/TOP_RB.ltx} [get_hw_devices xc7z100_1]
set_property FULL_PROBES.FILE {G:/QH_WORK/Demo/vivado_prj/demo_rb_64/demo_rb_64/demo_rb_64.runs/impl_1/TOP_RB.ltx} [get_hw_devices xc7z100_1]
current_hw_device [get_hw_devices xc7z100_1]
refresh_hw_device [lindex [get_hw_devices xc7z100_1] 0]
INFO: [Labtools 27-2302] Device xc7z100 (JTAG device index = 1) is programmed with a design that has 3 ILA core(s).
display_hw_ila_data [ get_hw_ila_data hw_ila_data_1 -of_objects [get_hw_ilas -of_objects [get_hw_devices xc7z100_1] -filter {CELL_NAME=~"ila_1_rx"}]]
display_hw_ila_data [ get_hw_ila_data hw_ila_data_2 -of_objects [get_hw_ilas -of_objects [get_hw_devices xc7z100_1] -filter {CELL_NAME=~"ila_1_tx"}]]
display_hw_ila_data [ get_hw_ila_data hw_ila_data_3 -of_objects [get_hw_ilas -of_objects [get_hw_devices xc7z100_1] -filter {CELL_NAME=~"ila_RX"}]]
set_property PROBES.FILE {G:/QH_WORK/Demo/vivado_prj/demo_rb_64/demo_rb_64/demo_rb_64.runs/impl_1/TOP_RB.ltx} [get_hw_devices xc7z100_1]
set_property FULL_PROBES.FILE {G:/QH_WORK/Demo/vivado_prj/demo_rb_64/demo_rb_64/demo_rb_64.runs/impl_1/TOP_RB.ltx} [get_hw_devices xc7z100_1]
set_property PROGRAM.FILE {G:/QH_WORK/Demo/vivado_prj/demo_rb_64/demo_rb_64/demo_rb_64.runs/impl_1/TOP_RB.bit} [get_hw_devices xc7z100_1]
program_hw_devices [get_hw_devices xc7z100_1]
INFO: [Labtools 27-3164] End of startup status: HIGH
program_hw_devices: Time (s): cpu = 00:00:15 ; elapsed = 00:00:15 . Memory (MB): peak = 2139.445 ; gain = 0.000
refresh_hw_device [lindex [get_hw_devices xc7z100_1] 0]
INFO: [Labtools 27-2302] Device xc7z100 (JTAG device index = 1) is programmed with a design that has 3 ILA core(s).
run_hw_ila [get_hw_ilas -of_objects [get_hw_devices xc7z100_1] -filter {CELL_NAME=~"ila_1_rx"}]
INFO: [Labtools 27-1964] The ILA core 'hw_ila_1' trigger was armed at 2020-Jun-17 11:56:05
wait_on_hw_ila [get_hw_ilas -of_objects [get_hw_devices xc7z100_1] -filter {CELL_NAME=~"ila_1_rx"}]
display_hw_ila_data [upload_hw_ila_data [get_hw_ilas -of_objects [get_hw_devices xc7z100_1] -filter {CELL_NAME=~"ila_1_rx"}]]
INFO: [Labtools 27-1966] The ILA core 'hw_ila_1' triggered at 2020-Jun-17 11:56:05
INFO: [Labtools 27-3304] ILA Waveform data saved to file G:/QH_WORK/Demo/vivado_prj/demo_rb_64/demo_rb_64/demo_rb_64.hw/backup/hw_ila_data_1.ila. Use Tcl command 'read_hw_ila_data' or Vivado File->Import->Import ILA Data menu item to import the previously saved data.
save_wave_config {G:/QH_WORK/Demo/vivado_prj/demo_rb_64/demo_rb_64/demo_rb_64.hw/hw_1/wave/hw_ila_data_1/hw_ila_data_1.wcfg}
save_wave_config {G:/QH_WORK/Demo/vivado_prj/demo_rb_64/demo_rb_64/demo_rb_64.hw/hw_1/wave/hw_ila_data_2/hw_ila_data_2.wcfg}
save_wave_config {G:/QH_WORK/Demo/vivado_prj/demo_rb_64/demo_rb_64/demo_rb_64.hw/hw_1/wave/hw_ila_data_3/hw_ila_data_3.wcfg}
close_hw
open_hw
connect_hw_server
INFO: [Labtools 27-2285] Connecting to hw_server url TCP:localhost:3121
INFO: [Labtools 27-2222] Launching hw_server...
INFO: [Labtools 27-2221] Launch Output:

****** Xilinx hw_server v2018.3
  **** Build date : Dec  7 2018-00:40:27
    ** Copyright 1986-2018 Xilinx, Inc. All Rights Reserved.


open_hw_target
INFO: [Labtoolstcl 44-466] Opening hw_target localhost:3121/xilinx_tcf/Digilent/210512180081
set_property PROGRAM.FILE {G:/QH_WORK/Demo/vivado_prj/demo_rb_64/demo_rb_64/demo_rb_64.runs/impl_1/TOP_RB.bit} [get_hw_devices xc7z100_1]
set_property PROBES.FILE {G:/QH_WORK/Demo/vivado_prj/demo_rb_64/demo_rb_64/demo_rb_64.runs/impl_1/TOP_RB.ltx} [get_hw_devices xc7z100_1]
set_property FULL_PROBES.FILE {G:/QH_WORK/Demo/vivado_prj/demo_rb_64/demo_rb_64/demo_rb_64.runs/impl_1/TOP_RB.ltx} [get_hw_devices xc7z100_1]
current_hw_device [get_hw_devices xc7z100_1]
refresh_hw_device [lindex [get_hw_devices xc7z100_1] 0]
WARNING: [Xicom 50-38] xicom: No CseXsdb register file specified for CseXsdb slave type: 0, cse driver version: 0. Slave initialization skipped.
WARNING: [Xicom 50-38] xicom: No CseXsdb register file specified for CseXsdb slave type: 0, cse driver version: 0. Slave initialization skipped.
WARNING: [Xicom 50-38] xicom: No CseXsdb register file specified for CseXsdb slave type: 0, cse driver version: 0. Slave initialization skipped.
WARNING: [Xicom 50-38] xicom: No CseXsdb register file specified for CseXsdb slave type: 0, cse driver version: 0. Slave initialization skipped.
INFO: [Labtools 27-1434] Device xc7z100 (JTAG device index = 1) is programmed with a design that has no supported debug core(s) in it.
WARNING: [Labtools 27-3361] The debug hub core was not detected.
Resolution: 
1. Make sure the clock connected to the debug hub (dbg_hub) core is a free running clock and is active.
2. Make sure the BSCAN_SWITCH_USER_MASK device property in Vivado Hardware Manager reflects the user scan chain setting in the design and refresh the device.  To determine the user scan chain setting in the design, open the implemented design and use 'get_property C_USER_SCAN_CHAIN [get_debug_cores dbg_hub]'.
For more details on setting the scan chain property, consult the Vivado Debug and Programming User Guide (UG908).
WARNING: [Labtools 27-3413] Dropping logic core with cellname:'ila_1_tx' at location 'uuid_6E45834853335EA8A3C9159B219C0C83' from probes file, since it cannot be found on the programmed device.
WARNING: [Labtools 27-3413] Dropping logic core with cellname:'ila_RX' at location 'uuid_72CC72F785D65FDDA1FCFC47DC5C57F7' from probes file, since it cannot be found on the programmed device.
WARNING: [Labtools 27-3413] Dropping logic core with cellname:'ila_1_rx' at location 'uuid_FE06D2363B555149AB0E918009892F32' from probes file, since it cannot be found on the programmed device.
set_property PROBES.FILE {G:/QH_WORK/Demo/vivado_prj/demo_rb_64/demo_rb_64/demo_rb_64.runs/impl_1/TOP_RB.ltx} [get_hw_devices xc7z100_1]
set_property FULL_PROBES.FILE {G:/QH_WORK/Demo/vivado_prj/demo_rb_64/demo_rb_64/demo_rb_64.runs/impl_1/TOP_RB.ltx} [get_hw_devices xc7z100_1]
set_property PROGRAM.FILE {G:/QH_WORK/Demo/vivado_prj/demo_rb_64/demo_rb_64/demo_rb_64.runs/impl_1/TOP_RB.bit} [get_hw_devices xc7z100_1]
program_hw_devices [get_hw_devices xc7z100_1]
INFO: [Labtools 27-3164] End of startup status: HIGH
program_hw_devices: Time (s): cpu = 00:00:15 ; elapsed = 00:00:15 . Memory (MB): peak = 2388.160 ; gain = 0.000
refresh_hw_device [lindex [get_hw_devices xc7z100_1] 0]
INFO: [Labtools 27-2302] Device xc7z100 (JTAG device index = 1) is programmed with a design that has 3 ILA core(s).
display_hw_ila_data [ get_hw_ila_data hw_ila_data_1 -of_objects [get_hw_ilas -of_objects [get_hw_devices xc7z100_1] -filter {CELL_NAME=~"ila_1_rx"}]]
display_hw_ila_data [ get_hw_ila_data hw_ila_data_2 -of_objects [get_hw_ilas -of_objects [get_hw_devices xc7z100_1] -filter {CELL_NAME=~"ila_1_tx"}]]
display_hw_ila_data [ get_hw_ila_data hw_ila_data_3 -of_objects [get_hw_ilas -of_objects [get_hw_devices xc7z100_1] -filter {CELL_NAME=~"ila_RX"}]]
run_hw_ila [get_hw_ilas -of_objects [get_hw_devices xc7z100_1] -filter {CELL_NAME=~"ila_1_rx"}]
INFO: [Labtools 27-1964] The ILA core 'hw_ila_1' trigger was armed at 2020-Jun-17 14:21:54
save_wave_config {G:/QH_WORK/Demo/vivado_prj/demo_rb_64/demo_rb_64/demo_rb_64.hw/hw_1/wave/hw_ila_data_1/hw_ila_data_1.wcfg}
save_wave_config {G:/QH_WORK/Demo/vivado_prj/demo_rb_64/demo_rb_64/demo_rb_64.hw/hw_1/wave/hw_ila_data_2/hw_ila_data_2.wcfg}
save_wave_config {G:/QH_WORK/Demo/vivado_prj/demo_rb_64/demo_rb_64/demo_rb_64.hw/hw_1/wave/hw_ila_data_3/hw_ila_data_3.wcfg}
close_hw
reset_run synth_1
WARNING: [Vivado 12-1017] Problems encountered:
1. Failed to delete one or more files in run directory G:/QH_WORK/Demo/vivado_prj/demo_rb_64/demo_rb_64/demo_rb_64.runs/synth_1

launch_runs impl_1 -to_step write_bitstream -jobs 6
[Wed Jun 17 17:45:41 2020] Launched synth_1...
Run output will be captured here: G:/QH_WORK/Demo/vivado_prj/demo_rb_64/demo_rb_64/demo_rb_64.runs/synth_1/runme.log
[Wed Jun 17 17:45:41 2020] Launched impl_1...
Run output will be captured here: G:/QH_WORK/Demo/vivado_prj/demo_rb_64/demo_rb_64/demo_rb_64.runs/impl_1/runme.log
open_hw
connect_hw_server
INFO: [Labtools 27-2285] Connecting to hw_server url TCP:localhost:3121
ERROR: [Labtoolstcl 44-494] There is no active target available for server at localhost.
 Targets(s) ", jsn-JTAG-HS1-210249855163" may be locked by another hw_server.
disconnect_hw_server localhost:3121
connect_hw_server
INFO: [Labtools 27-2285] Connecting to hw_server url TCP:localhost:3121
open_hw_target
INFO: [Labtoolstcl 44-466] Opening hw_target localhost:3121/xilinx_tcf/Digilent/210512180081
set_property PROGRAM.FILE {G:/QH_WORK/Demo/vivado_prj/demo_rb_64/demo_rb_64/demo_rb_64.runs/impl_1/TOP_RB.bit} [get_hw_devices xc7z100_1]
set_property PROBES.FILE {G:/QH_WORK/Demo/vivado_prj/demo_rb_64/demo_rb_64/demo_rb_64.runs/impl_1/TOP_RB.ltx} [get_hw_devices xc7z100_1]
set_property FULL_PROBES.FILE {G:/QH_WORK/Demo/vivado_prj/demo_rb_64/demo_rb_64/demo_rb_64.runs/impl_1/TOP_RB.ltx} [get_hw_devices xc7z100_1]
current_hw_device [get_hw_devices xc7z100_1]
refresh_hw_device [lindex [get_hw_devices xc7z100_1] 0]
INFO: [Labtools 27-2302] Device xc7z100 (JTAG device index = 1) is programmed with a design that has 3 ILA core(s).
display_hw_ila_data [ get_hw_ila_data hw_ila_data_1 -of_objects [get_hw_ilas -of_objects [get_hw_devices xc7z100_1] -filter {CELL_NAME=~"ila_1_rx"}]]
display_hw_ila_data [ get_hw_ila_data hw_ila_data_2 -of_objects [get_hw_ilas -of_objects [get_hw_devices xc7z100_1] -filter {CELL_NAME=~"ila_1_tx"}]]
WARNING: Simulation object DATA_IN[0]__0 was not found in the design.
display_hw_ila_data [ get_hw_ila_data hw_ila_data_3 -of_objects [get_hw_ilas -of_objects [get_hw_devices xc7z100_1] -filter {CELL_NAME=~"ila_RX"}]]
set_property PROBES.FILE {G:/QH_WORK/Demo/vivado_prj/demo_rb_64/demo_rb_64/demo_rb_64.runs/impl_1/TOP_RB.ltx} [get_hw_devices xc7z100_1]
set_property FULL_PROBES.FILE {G:/QH_WORK/Demo/vivado_prj/demo_rb_64/demo_rb_64/demo_rb_64.runs/impl_1/TOP_RB.ltx} [get_hw_devices xc7z100_1]
set_property PROGRAM.FILE {G:/QH_WORK/Demo/vivado_prj/demo_rb_64/demo_rb_64/demo_rb_64.runs/impl_1/TOP_RB.bit} [get_hw_devices xc7z100_1]
program_hw_devices [get_hw_devices xc7z100_1]
INFO: [Labtools 27-3164] End of startup status: HIGH
program_hw_devices: Time (s): cpu = 00:00:15 ; elapsed = 00:00:15 . Memory (MB): peak = 2388.160 ; gain = 0.000
refresh_hw_device [lindex [get_hw_devices xc7z100_1] 0]
INFO: [Labtools 27-2302] Device xc7z100 (JTAG device index = 1) is programmed with a design that has 3 ILA core(s).
run_hw_ila [get_hw_ilas -of_objects [get_hw_devices xc7z100_1] -filter {CELL_NAME=~"ila_1_rx"}]
INFO: [Labtools 27-1964] The ILA core 'hw_ila_1' trigger was armed at 2020-Jun-17 17:54:31
wait_on_hw_ila [get_hw_ilas -of_objects [get_hw_devices xc7z100_1] -filter {CELL_NAME=~"ila_1_rx"}]
display_hw_ila_data [upload_hw_ila_data [get_hw_ilas -of_objects [get_hw_devices xc7z100_1] -filter {CELL_NAME=~"ila_1_rx"}]]
INFO: [Labtools 27-1966] The ILA core 'hw_ila_1' triggered at 2020-Jun-17 17:54:31
INFO: [Labtools 27-3304] ILA Waveform data saved to file G:/QH_WORK/Demo/vivado_prj/demo_rb_64/demo_rb_64/demo_rb_64.hw/backup/hw_ila_data_1.ila. Use Tcl command 'read_hw_ila_data' or Vivado File->Import->Import ILA Data menu item to import the previously saved data.
close_hw
exit
INFO: [Common 17-206] Exiting Vivado at Wed Jun 17 18:08:55 2020...
