#-----------------------------------------------------------
# Vivado v2018.3 (64-bit)
# SW Build 2405991 on Thu Dec  6 23:38:27 MST 2018
# IP Build 2404404 on Fri Dec  7 01:43:56 MST 2018
# Start of session at: Mon Jun 15 08:58:15 2020
# Process ID: 4808
# Current directory: G:/QH_WORK/Demo/vivado_prj/demo_rb_64/demo_rb_64
# Command line: vivado.exe -gui_launcher_event rodinguilauncherevent12364 G:\QH_WORK\Demo\vivado_prj\demo_rb_64\demo_rb_64\demo_rb_64.xpr
# Log file: G:/QH_WORK/Demo/vivado_prj/demo_rb_64/demo_rb_64/vivado.log
# Journal file: G:/QH_WORK/Demo/vivado_prj/demo_rb_64/demo_rb_64\vivado.jou
#-----------------------------------------------------------
start_gui
open_project G:/QH_WORK/Demo/vivado_prj/demo_rb_64/demo_rb_64/demo_rb_64.xpr
Scanning sources...
Finished scanning sources
INFO: [IP_Flow 19-234] Refreshing IP repositories
INFO: [IP_Flow 19-1704] No user IP repositories specified
INFO: [IP_Flow 19-2313] Loaded Vivado IP repository 'D:/Xilinx/Vivado/2018.3/data/ip'.
open_project: Time (s): cpu = 00:00:15 ; elapsed = 00:00:12 . Memory (MB): peak = 792.727 ; gain = 157.238
update_compile_order -fileset sources_1
check_syntax
CRITICAL WARNING: [HDL 9-3136] 'clk_100m' is not declared [G:/QH_WORK/Demo/vivado_prj/demo_rb_64/demo_rb_64/demo_rb_64.srcs/sources_1/new/TOP_RB.v:84]
CRITICAL WARNING: [HDL 9-3136] 'clk_100m' is not declared [G:/QH_WORK/Demo/vivado_prj/demo_rb_64/demo_rb_64/demo_rb_64.srcs/sources_1/new/TOP_RB.v:85]
CRITICAL WARNING: [HDL 9-3136] 'reset' is not declared [G:/QH_WORK/Demo/vivado_prj/demo_rb_64/demo_rb_64/demo_rb_64.srcs/sources_1/new/TOP_RB.v:87]
CRITICAL WARNING: [HDL 9-3136] 'DATA_IN' is not declared [G:/QH_WORK/Demo/vivado_prj/demo_rb_64/demo_rb_64/demo_rb_64.srcs/sources_1/new/TOP_RB.v:139]
CRITICAL WARNING: [HDL 9-3136] 'DATA_IN' is not declared [G:/QH_WORK/Demo/vivado_prj/demo_rb_64/demo_rb_64/demo_rb_64.srcs/sources_1/new/TOP_RB.v:187]
CRITICAL WARNING: [HDL 9-3136] 'DATA_IN' is not declared [G:/QH_WORK/Demo/vivado_prj/demo_rb_64/demo_rb_64/demo_rb_64.srcs/sources_1/new/TOP_RB.v:188]
CRITICAL WARNING: [HDL 9-3136] 'DATA_IN' is not declared [G:/QH_WORK/Demo/vivado_prj/demo_rb_64/demo_rb_64/demo_rb_64.srcs/sources_1/new/TOP_RB.v:190]
CRITICAL WARNING: [HDL 9-3136] 'DATA_IN' is not declared [G:/QH_WORK/Demo/vivado_prj/demo_rb_64/demo_rb_64/demo_rb_64.srcs/sources_1/new/TOP_RB.v:191]
check_syntax
INFO: [HDL 9-2728] undeclared symbol sys_clk_i, assumed default net type wire [G:/QH_WORK/Demo/vivado_prj/demo_rb_64/demo_rb_64/demo_rb_64.srcs/sources_1/new/TOP_RB.v:110]
CRITICAL WARNING: [HDL 9-3136] 'reset' is not declared [G:/QH_WORK/Demo/vivado_prj/demo_rb_64/demo_rb_64/demo_rb_64.srcs/sources_1/new/TOP_RB.v:90]
check_syntax
INFO: [HDL 9-2728] undeclared symbol sys_clk_i, assumed default net type wire [G:/QH_WORK/Demo/vivado_prj/demo_rb_64/demo_rb_64/demo_rb_64.srcs/sources_1/new/TOP_RB.v:110]
check_syntax
INFO: [Vivado 12-4796] No errors or warning reported.
launch_runs synth_1 -jobs 6
[Mon Jun 15 09:08:17 2020] Launched synth_1...
Run output will be captured here: G:/QH_WORK/Demo/vivado_prj/demo_rb_64/demo_rb_64/demo_rb_64.runs/synth_1/runme.log
open_run synth_1 -name synth_1
Design is defaulting to impl run constrset: constrs_1
Design is defaulting to synth run part: xc7z100ffg900-2
INFO: [Project 1-454] Reading design checkpoint 'g:/QH_WORK/Demo/vivado_prj/demo_rb_64/demo_rb_64/demo_rb_64.srcs/sources_1/ip/aurora_64b66b_0/aurora_64b66b_0.dcp' for cell 'aurora_64b66b_sd'
INFO: [Netlist 29-17] Analyzing 44 Unisim elements for replacement
INFO: [Netlist 29-28] Unisim Transformation completed in 0 CPU seconds
INFO: [Project 1-479] Netlist was created with Vivado 2018.3
INFO: [Device 21-403] Loading part xc7z100ffg900-2
INFO: [Project 1-570] Preparing netlist for logic optimization
Parsing XDC File [g:/QH_WORK/Demo/vivado_prj/demo_rb_64/demo_rb_64/demo_rb_64.srcs/sources_1/ip/aurora_64b66b_0/aurora_64b66b_0.xdc] for cell 'aurora_64b66b_sd/inst'
Finished Parsing XDC File [g:/QH_WORK/Demo/vivado_prj/demo_rb_64/demo_rb_64/demo_rb_64.srcs/sources_1/ip/aurora_64b66b_0/aurora_64b66b_0.xdc] for cell 'aurora_64b66b_sd/inst'
Parsing XDC File [g:/QH_WORK/Demo/vivado_prj/demo_rb_64/demo_rb_64/demo_rb_64.srcs/sources_1/ip/aurora_64b66b_0/aurora_64b66b_0_clocks.xdc] for cell 'aurora_64b66b_sd/inst'
Finished Parsing XDC File [g:/QH_WORK/Demo/vivado_prj/demo_rb_64/demo_rb_64/demo_rb_64.srcs/sources_1/ip/aurora_64b66b_0/aurora_64b66b_0_clocks.xdc] for cell 'aurora_64b66b_sd/inst'
INFO: [Opt 31-138] Pushed 0 inverter(s) to 0 load pin(s).
Netlist sorting complete. Time (s): cpu = 00:00:00 ; elapsed = 00:00:00.002 . Memory (MB): peak = 1288.285 ; gain = 0.000
INFO: [Project 1-111] Unisim Transformation Summary:
No Unisim elements were transformed.

open_run: Time (s): cpu = 00:00:21 ; elapsed = 00:00:13 . Memory (MB): peak = 1480.203 ; gain = 595.781
place_ports {sfp_dis[1]} AE17
place_ports {sfp_dis[0]} AE18
set_property IOSTANDARD LVCMOS33 [get_ports [list {sfp_dis[1]} {sfp_dis[0]}]]
place_ports GTXQ_P AC8
place_ports reset AF18
set_property IOSTANDARD LVCMOS33 [get_ports [list reset]]
place_ports RXP AD6
place_ports sys_clk_p F9
set_property IOSTANDARD DIFF_SSTL15 [get_ports [list sys_clk_p]]
file mkdir G:/QH_WORK/Demo/vivado_prj/demo_rb_64/demo_rb_64/demo_rb_64.srcs/constrs_1/new
close [ open G:/QH_WORK/Demo/vivado_prj/demo_rb_64/demo_rb_64/demo_rb_64.srcs/constrs_1/new/TOP_PIN.xdc w ]
add_files -fileset constrs_1 G:/QH_WORK/Demo/vivado_prj/demo_rb_64/demo_rb_64/demo_rb_64.srcs/constrs_1/new/TOP_PIN.xdc
set_property target_constrs_file G:/QH_WORK/Demo/vivado_prj/demo_rb_64/demo_rb_64/demo_rb_64.srcs/constrs_1/new/TOP_PIN.xdc [current_fileset -constrset]
save_constraints -force
Netlist sorting complete. Time (s): cpu = 00:00:00 ; elapsed = 00:00:00.002 . Memory (MB): peak = 1997.063 ; gain = 0.000
show_objects -name NET_ONLY [get_nets -hierarchical -top_net_of_hierarchical_group "*Rx_data_temp*" ]
WARNING: [Vivado 12-507] No nets matched '*Rx_data_temp*'.
WARNING: [Coretcl 2-1122] No objects found.
show_objects -name NET_ONLY [get_nets -hierarchical -top_net_of_hierarchical_group "*Rx_data_temp*" ]
WARNING: [Vivado 12-507] No nets matched '*Rx_data_temp*'.
WARNING: [Coretcl 2-1122] No objects found.
WARNING: [IP_Flow 19-4067] Ignoring invalid widget type specified checkbox.Providing a default widget
create_ip -name ila -vendor xilinx.com -library ip -version 6.2 -module_name ila_0 -dir g:/QH_WORK/Demo/vivado_prj/demo_rb_64/demo_rb_64/demo_rb_64.srcs/sources_1/ip
set_property -dict [list CONFIG.C_PROBE3_WIDTH {8} CONFIG.C_PROBE2_WIDTH {64} CONFIG.C_NUM_OF_PROBES {6}] [get_ips ila_0]
generate_target {instantiation_template} [get_files g:/QH_WORK/Demo/vivado_prj/demo_rb_64/demo_rb_64/demo_rb_64.srcs/sources_1/ip/ila_0/ila_0.xci]
INFO: [IP_Flow 19-1686] Generating 'Instantiation Template' target for IP 'ila_0'...
generate_target all [get_files  g:/QH_WORK/Demo/vivado_prj/demo_rb_64/demo_rb_64/demo_rb_64.srcs/sources_1/ip/ila_0/ila_0.xci]
INFO: [IP_Flow 19-1686] Generating 'Synthesis' target for IP 'ila_0'...
WARNING: [IP_Flow 19-4994] Overwriting existing constraint file 'g:/QH_WORK/Demo/vivado_prj/demo_rb_64/demo_rb_64/demo_rb_64.srcs/sources_1/ip/ila_0/ila_0_ooc.xdc'
INFO: [IP_Flow 19-1686] Generating 'Simulation' target for IP 'ila_0'...
INFO: [IP_Flow 19-1686] Generating 'Implementation' target for IP 'ila_0'...
INFO: [IP_Flow 19-1686] Generating 'Change Log' target for IP 'ila_0'...
catch { config_ip_cache -export [get_ips -all ila_0] }
export_ip_user_files -of_objects [get_files g:/QH_WORK/Demo/vivado_prj/demo_rb_64/demo_rb_64/demo_rb_64.srcs/sources_1/ip/ila_0/ila_0.xci] -no_script -sync -force -quiet
create_ip_run [get_files -of_objects [get_fileset sources_1] g:/QH_WORK/Demo/vivado_prj/demo_rb_64/demo_rb_64/demo_rb_64.srcs/sources_1/ip/ila_0/ila_0.xci]
launch_runs -jobs 6 ila_0_synth_1
[Mon Jun 15 09:14:23 2020] Launched ila_0_synth_1...
Run output will be captured here: G:/QH_WORK/Demo/vivado_prj/demo_rb_64/demo_rb_64/demo_rb_64.runs/ila_0_synth_1/runme.log
export_simulation -of_objects [get_files g:/QH_WORK/Demo/vivado_prj/demo_rb_64/demo_rb_64/demo_rb_64.srcs/sources_1/ip/ila_0/ila_0.xci] -directory G:/QH_WORK/Demo/vivado_prj/demo_rb_64/demo_rb_64/demo_rb_64.ip_user_files/sim_scripts -ip_user_files_dir G:/QH_WORK/Demo/vivado_prj/demo_rb_64/demo_rb_64/demo_rb_64.ip_user_files -ipstatic_source_dir G:/QH_WORK/Demo/vivado_prj/demo_rb_64/demo_rb_64/demo_rb_64.ip_user_files/ipstatic -lib_map_path [list {modelsim=G:/QH_WORK/Demo/vivado_prj/demo_rb_64/demo_rb_64/demo_rb_64.cache/compile_simlib/modelsim} {questa=G:/QH_WORK/Demo/vivado_prj/demo_rb_64/demo_rb_64/demo_rb_64.cache/compile_simlib/questa} {riviera=G:/QH_WORK/Demo/vivado_prj/demo_rb_64/demo_rb_64/demo_rb_64.cache/compile_simlib/riviera} {activehdl=G:/QH_WORK/Demo/vivado_prj/demo_rb_64/demo_rb_64/demo_rb_64.cache/compile_simlib/activehdl}] -use_ip_compiled_libs -force -quiet
close_design
reset_run synth_1
launch_runs impl_1 -jobs 6
[Mon Jun 15 09:17:11 2020] Launched synth_1...
Run output will be captured here: G:/QH_WORK/Demo/vivado_prj/demo_rb_64/demo_rb_64/demo_rb_64.runs/synth_1/runme.log
[Mon Jun 15 09:17:11 2020] Launched impl_1...
Run output will be captured here: G:/QH_WORK/Demo/vivado_prj/demo_rb_64/demo_rb_64/demo_rb_64.runs/impl_1/runme.log
reset_run synth_1
launch_runs synth_1 -jobs 6
[Mon Jun 15 09:21:35 2020] Launched synth_1...
Run output will be captured here: G:/QH_WORK/Demo/vivado_prj/demo_rb_64/demo_rb_64/demo_rb_64.runs/synth_1/runme.log
reset_run synth_1
launch_runs impl_1 -jobs 6
[Mon Jun 15 09:22:16 2020] Launched synth_1...
Run output will be captured here: G:/QH_WORK/Demo/vivado_prj/demo_rb_64/demo_rb_64/demo_rb_64.runs/synth_1/runme.log
[Mon Jun 15 09:22:16 2020] Launched impl_1...
Run output will be captured here: G:/QH_WORK/Demo/vivado_prj/demo_rb_64/demo_rb_64/demo_rb_64.runs/impl_1/runme.log
reset_run synth_1
launch_runs impl_1 -jobs 6
[Mon Jun 15 09:24:31 2020] Launched synth_1...
Run output will be captured here: G:/QH_WORK/Demo/vivado_prj/demo_rb_64/demo_rb_64/demo_rb_64.runs/synth_1/runme.log
[Mon Jun 15 09:24:31 2020] Launched impl_1...
Run output will be captured here: G:/QH_WORK/Demo/vivado_prj/demo_rb_64/demo_rb_64/demo_rb_64.runs/impl_1/runme.log
reset_run synth_1
launch_runs impl_1 -jobs 6
[Mon Jun 15 09:32:53 2020] Launched synth_1...
Run output will be captured here: G:/QH_WORK/Demo/vivado_prj/demo_rb_64/demo_rb_64/demo_rb_64.runs/synth_1/runme.log
[Mon Jun 15 09:32:53 2020] Launched impl_1...
Run output will be captured here: G:/QH_WORK/Demo/vivado_prj/demo_rb_64/demo_rb_64/demo_rb_64.runs/impl_1/runme.log
reset_run synth_1
launch_runs impl_1 -jobs 6
[Mon Jun 15 09:37:54 2020] Launched synth_1...
Run output will be captured here: G:/QH_WORK/Demo/vivado_prj/demo_rb_64/demo_rb_64/demo_rb_64.runs/synth_1/runme.log
[Mon Jun 15 09:37:54 2020] Launched impl_1...
Run output will be captured here: G:/QH_WORK/Demo/vivado_prj/demo_rb_64/demo_rb_64/demo_rb_64.runs/impl_1/runme.log
reset_run synth_1
launch_runs impl_1 -jobs 6
[Mon Jun 15 09:39:55 2020] Launched synth_1...
Run output will be captured here: G:/QH_WORK/Demo/vivado_prj/demo_rb_64/demo_rb_64/demo_rb_64.runs/synth_1/runme.log
[Mon Jun 15 09:39:56 2020] Launched impl_1...
Run output will be captured here: G:/QH_WORK/Demo/vivado_prj/demo_rb_64/demo_rb_64/demo_rb_64.runs/impl_1/runme.log
open_run synth_1 -name synth_1
Design is defaulting to impl run constrset: constrs_1
Design is defaulting to synth run part: xc7z100ffg900-2
INFO: [Project 1-454] Reading design checkpoint 'g:/QH_WORK/Demo/vivado_prj/demo_rb_64/demo_rb_64/demo_rb_64.srcs/sources_1/ip/aurora_64b66b_0/aurora_64b66b_0.dcp' for cell 'aurora_64b66b_rb'
INFO: [Netlist 29-17] Analyzing 44 Unisim elements for replacement
INFO: [Netlist 29-28] Unisim Transformation completed in 0 CPU seconds
INFO: [Project 1-479] Netlist was created with Vivado 2018.3
INFO: [Project 1-570] Preparing netlist for logic optimization
Parsing XDC File [g:/QH_WORK/Demo/vivado_prj/demo_rb_64/demo_rb_64/demo_rb_64.srcs/sources_1/ip/aurora_64b66b_0/aurora_64b66b_0.xdc] for cell 'aurora_64b66b_rb/inst'
Finished Parsing XDC File [g:/QH_WORK/Demo/vivado_prj/demo_rb_64/demo_rb_64/demo_rb_64.srcs/sources_1/ip/aurora_64b66b_0/aurora_64b66b_0.xdc] for cell 'aurora_64b66b_rb/inst'
Parsing XDC File [G:/QH_WORK/Demo/vivado_prj/demo_rb_64/demo_rb_64/demo_rb_64.srcs/constrs_1/new/TOP_PIN.xdc]
Finished Parsing XDC File [G:/QH_WORK/Demo/vivado_prj/demo_rb_64/demo_rb_64/demo_rb_64.srcs/constrs_1/new/TOP_PIN.xdc]
Parsing XDC File [g:/QH_WORK/Demo/vivado_prj/demo_rb_64/demo_rb_64/demo_rb_64.srcs/sources_1/ip/aurora_64b66b_0/aurora_64b66b_0_clocks.xdc] for cell 'aurora_64b66b_rb/inst'
Finished Parsing XDC File [g:/QH_WORK/Demo/vivado_prj/demo_rb_64/demo_rb_64/demo_rb_64.srcs/sources_1/ip/aurora_64b66b_0/aurora_64b66b_0_clocks.xdc] for cell 'aurora_64b66b_rb/inst'
INFO: [Opt 31-138] Pushed 0 inverter(s) to 0 load pin(s).
Netlist sorting complete. Time (s): cpu = 00:00:00 ; elapsed = 00:00:00.001 . Memory (MB): peak = 3036.824 ; gain = 0.000
INFO: [Project 1-111] Unisim Transformation Summary:
No Unisim elements were transformed.

reset_run synth_1
launch_runs synth_1 -jobs 6
[Mon Jun 15 09:45:33 2020] Launched synth_1...
Run output will be captured here: G:/QH_WORK/Demo/vivado_prj/demo_rb_64/demo_rb_64/demo_rb_64.runs/synth_1/runme.log
close_design
launch_runs impl_1 -jobs 6
[Mon Jun 15 09:46:55 2020] Launched impl_1...
Run output will be captured here: G:/QH_WORK/Demo/vivado_prj/demo_rb_64/demo_rb_64/demo_rb_64.runs/impl_1/runme.log
set_property -dict [list CONFIG.C_REFCLK_FREQUENCY {156.250} CONFIG.C_INIT_CLK {50.0}] [get_ips aurora_64b66b_0]
set_property -dict [list CONFIG.C_REFCLK_FREQUENCY {125.000} CONFIG.C_INIT_CLK {100}] [get_ips aurora_64b66b_0]
delete_ip_run [get_files -of_objects [get_fileset aurora_64b66b_0] G:/QH_WORK/Demo/vivado_prj/demo_rb_64/demo_rb_64/demo_rb_64.srcs/sources_1/ip/aurora_64b66b_0/aurora_64b66b_0.xci]
INFO: [Project 1-386] Moving file 'G:/QH_WORK/Demo/vivado_prj/demo_rb_64/demo_rb_64/demo_rb_64.srcs/sources_1/ip/aurora_64b66b_0/aurora_64b66b_0.xci' from fileset 'aurora_64b66b_0' to fileset 'sources_1'.
set_property generate_synth_checkpoint false [get_files  G:/QH_WORK/Demo/vivado_prj/demo_rb_64/demo_rb_64/demo_rb_64.srcs/sources_1/ip/aurora_64b66b_0/aurora_64b66b_0.xci]
generate_target all [get_files  G:/QH_WORK/Demo/vivado_prj/demo_rb_64/demo_rb_64/demo_rb_64.srcs/sources_1/ip/aurora_64b66b_0/aurora_64b66b_0.xci]
INFO: [IP_Flow 19-1686] Generating 'Instantiation Template' target for IP 'aurora_64b66b_0'...
INFO: [IP_Flow 19-1686] Generating 'Synthesis' target for IP 'aurora_64b66b_0'...
INFO: [IP_Flow 19-1686] Generating 'Simulation' target for IP 'aurora_64b66b_0'...
INFO: [IP_Flow 19-1686] Generating 'Shared Logic Files' target for IP 'aurora_64b66b_0'...
INFO: [IP_Flow 19-1686] Generating 'Change Log' target for IP 'aurora_64b66b_0'...
export_ip_user_files -of_objects [get_files G:/QH_WORK/Demo/vivado_prj/demo_rb_64/demo_rb_64/demo_rb_64.srcs/sources_1/ip/aurora_64b66b_0/aurora_64b66b_0.xci] -no_script -sync -force -quiet
export_simulation -of_objects [get_files G:/QH_WORK/Demo/vivado_prj/demo_rb_64/demo_rb_64/demo_rb_64.srcs/sources_1/ip/aurora_64b66b_0/aurora_64b66b_0.xci] -directory G:/QH_WORK/Demo/vivado_prj/demo_rb_64/demo_rb_64/demo_rb_64.ip_user_files/sim_scripts -ip_user_files_dir G:/QH_WORK/Demo/vivado_prj/demo_rb_64/demo_rb_64/demo_rb_64.ip_user_files -ipstatic_source_dir G:/QH_WORK/Demo/vivado_prj/demo_rb_64/demo_rb_64/demo_rb_64.ip_user_files/ipstatic -lib_map_path [list {modelsim=G:/QH_WORK/Demo/vivado_prj/demo_rb_64/demo_rb_64/demo_rb_64.cache/compile_simlib/modelsim} {questa=G:/QH_WORK/Demo/vivado_prj/demo_rb_64/demo_rb_64/demo_rb_64.cache/compile_simlib/questa} {riviera=G:/QH_WORK/Demo/vivado_prj/demo_rb_64/demo_rb_64/demo_rb_64.cache/compile_simlib/riviera} {activehdl=G:/QH_WORK/Demo/vivado_prj/demo_rb_64/demo_rb_64/demo_rb_64.cache/compile_simlib/activehdl}] -use_ip_compiled_libs -force -quiet
update_compile_order -fileset sources_1
reset_run synth_1
launch_runs impl_1 -jobs 6
[Mon Jun 15 09:49:08 2020] Launched synth_1...
Run output will be captured here: G:/QH_WORK/Demo/vivado_prj/demo_rb_64/demo_rb_64/demo_rb_64.runs/synth_1/runme.log
[Mon Jun 15 09:49:08 2020] Launched impl_1...
Run output will be captured here: G:/QH_WORK/Demo/vivado_prj/demo_rb_64/demo_rb_64/demo_rb_64.runs/impl_1/runme.log
launch_runs impl_1 -to_step write_bitstream -jobs 6
[Mon Jun 15 09:56:27 2020] Launched impl_1...
Run output will be captured here: G:/QH_WORK/Demo/vivado_prj/demo_rb_64/demo_rb_64/demo_rb_64.runs/impl_1/runme.log
reset_run synth_1
launch_runs impl_1 -to_step write_bitstream -jobs 6
[Mon Jun 15 09:59:50 2020] Launched synth_1...
Run output will be captured here: G:/QH_WORK/Demo/vivado_prj/demo_rb_64/demo_rb_64/demo_rb_64.runs/synth_1/runme.log
[Mon Jun 15 09:59:50 2020] Launched impl_1...
Run output will be captured here: G:/QH_WORK/Demo/vivado_prj/demo_rb_64/demo_rb_64/demo_rb_64.runs/impl_1/runme.log
open_hw
connect_hw_server
INFO: [Labtools 27-2285] Connecting to hw_server url TCP:localhost:3121
INFO: [Labtools 27-2222] Launching hw_server...
INFO: [Labtools 27-2221] Launch Output:

****** Xilinx hw_server v2018.3
  **** Build date : Dec  7 2018-00:40:27
    ** Copyright 1986-2018 Xilinx, Inc. All Rights Reserved.


open_hw_target
INFO: [Labtoolstcl 44-466] Opening hw_target localhost:3121/xilinx_tcf/Digilent/210512180081
set_property PROGRAM.FILE {G:/QH_WORK/Demo/vivado_prj/demo_rb_64/demo_rb_64/demo_rb_64.runs/impl_1/TOP_RB.bit} [get_hw_devices xc7z100_1]
set_property PROBES.FILE {G:/QH_WORK/Demo/vivado_prj/demo_rb_64/demo_rb_64/demo_rb_64.runs/impl_1/TOP_RB.ltx} [get_hw_devices xc7z100_1]
set_property FULL_PROBES.FILE {G:/QH_WORK/Demo/vivado_prj/demo_rb_64/demo_rb_64/demo_rb_64.runs/impl_1/TOP_RB.ltx} [get_hw_devices xc7z100_1]
current_hw_device [get_hw_devices xc7z100_1]
refresh_hw_device [lindex [get_hw_devices xc7z100_1] 0]
WARNING: [Xicom 50-38] xicom: No CseXsdb register file specified for CseXsdb slave type: 0, cse driver version: 0. Slave initialization skipped.
WARNING: [Xicom 50-38] xicom: No CseXsdb register file specified for CseXsdb slave type: 0, cse driver version: 0. Slave initialization skipped.
WARNING: [Xicom 50-38] xicom: No CseXsdb register file specified for CseXsdb slave type: 0, cse driver version: 0. Slave initialization skipped.
WARNING: [Xicom 50-38] xicom: No CseXsdb register file specified for CseXsdb slave type: 0, cse driver version: 0. Slave initialization skipped.
INFO: [Labtools 27-1434] Device xc7z100 (JTAG device index = 1) is programmed with a design that has no supported debug core(s) in it.
WARNING: [Labtools 27-3361] The debug hub core was not detected.
Resolution: 
1. Make sure the clock connected to the debug hub (dbg_hub) core is a free running clock and is active.
2. Make sure the BSCAN_SWITCH_USER_MASK device property in Vivado Hardware Manager reflects the user scan chain setting in the design and refresh the device.  To determine the user scan chain setting in the design, open the implemented design and use 'get_property C_USER_SCAN_CHAIN [get_debug_cores dbg_hub]'.
For more details on setting the scan chain property, consult the Vivado Debug and Programming User Guide (UG908).
WARNING: [Labtools 27-3413] Dropping logic core with cellname:'ila_RX' at location 'uuid_72CC72F785D65FDDA1FCFC47DC5C57F7' from probes file, since it cannot be found on the programmed device.
set_property PROBES.FILE {G:/QH_WORK/Demo/vivado_prj/demo_rb_64/demo_rb_64/demo_rb_64.runs/impl_1/TOP_RB.ltx} [get_hw_devices xc7z100_1]
set_property FULL_PROBES.FILE {G:/QH_WORK/Demo/vivado_prj/demo_rb_64/demo_rb_64/demo_rb_64.runs/impl_1/TOP_RB.ltx} [get_hw_devices xc7z100_1]
set_property PROGRAM.FILE {G:/QH_WORK/Demo/vivado_prj/demo_rb_64/demo_rb_64/demo_rb_64.runs/impl_1/TOP_RB.bit} [get_hw_devices xc7z100_1]
program_hw_devices [get_hw_devices xc7z100_1]
INFO: [Labtools 27-3164] End of startup status: HIGH
program_hw_devices: Time (s): cpu = 00:00:14 ; elapsed = 00:00:15 . Memory (MB): peak = 3303.500 ; gain = 0.000
refresh_hw_device [lindex [get_hw_devices xc7z100_1] 0]
INFO: [Labtools 27-2302] Device xc7z100 (JTAG device index = 1) is programmed with a design that has 1 ILA core(s).
display_hw_ila_data [ get_hw_ila_data hw_ila_data_1 -of_objects [get_hw_ilas -of_objects [get_hw_devices xc7z100_1] -filter {CELL_NAME=~"ila_RX"}]]
save_wave_config {G:/QH_WORK/Demo/vivado_prj/demo_rb_64/demo_rb_64/demo_rb_64.hw/hw_1/wave/hw_ila_data_1/hw_ila_data_1.wcfg}
close_hw
open_hw
connect_hw_server
INFO: [Labtools 27-2285] Connecting to hw_server url TCP:localhost:3121
open_hw_target
INFO: [Labtoolstcl 44-466] Opening hw_target localhost:3121/xilinx_tcf/Digilent/210512180081
set_property PROGRAM.FILE {G:/QH_WORK/Demo/vivado_prj/demo_rb_64/demo_rb_64/demo_rb_64.runs/impl_1/TOP_RB.bit} [get_hw_devices xc7z100_1]
set_property PROBES.FILE {G:/QH_WORK/Demo/vivado_prj/demo_rb_64/demo_rb_64/demo_rb_64.runs/impl_1/TOP_RB.ltx} [get_hw_devices xc7z100_1]
set_property FULL_PROBES.FILE {G:/QH_WORK/Demo/vivado_prj/demo_rb_64/demo_rb_64/demo_rb_64.runs/impl_1/TOP_RB.ltx} [get_hw_devices xc7z100_1]
current_hw_device [get_hw_devices xc7z100_1]
refresh_hw_device [lindex [get_hw_devices xc7z100_1] 0]
INFO: [Labtools 27-2302] Device xc7z100 (JTAG device index = 1) is programmed with a design that has 1 ILA core(s).
display_hw_ila_data [ get_hw_ila_data hw_ila_data_1 -of_objects [get_hw_ilas -of_objects [get_hw_devices xc7z100_1] -filter {CELL_NAME=~"ila_RX"}]]
set_property TRIGGER_COMPARE_VALUE eq1'bR [get_hw_probes lane_up -of_objects [get_hw_ilas -of_objects [get_hw_devices xc7z100_1] -filter {CELL_NAME=~"ila_RX"}]]
set_property TRIGGER_COMPARE_VALUE eq1'bR [get_hw_probes channel_up -of_objects [get_hw_ilas -of_objects [get_hw_devices xc7z100_1] -filter {CELL_NAME=~"ila_RX"}]]
run_hw_ila [get_hw_ilas -of_objects [get_hw_devices xc7z100_1] -filter {CELL_NAME=~"ila_RX"}]
INFO: [Labtools 27-1964] The ILA core 'hw_ila_1' trigger was armed at 2020-Jun-15 10:35:36
wait_on_hw_ila -timeout 0 [get_hw_ilas -of_objects [get_hw_devices xc7z100_1] -filter {CELL_NAME=~"ila_RX"}]
upload_hw_ila_data [get_hw_ilas -of_objects [get_hw_devices xc7z100_1] -filter {CELL_NAME=~"ila_RX"}]
INFO: [Labtools 27-1965] The ILA core 'hw_ila_1' trigger was stopped by user at 2020-Jun-15 10:35:40
WARNING: [Labtools 27-157] hw_ila [hw_ila_1] stopped. No data to upload.
run_hw_ila [get_hw_ilas -of_objects [get_hw_devices xc7z100_1] -filter {CELL_NAME=~"ila_RX"}] -trigger_now
INFO: [Labtools 27-1964] The ILA core 'hw_ila_1' trigger was armed at 2020-Jun-15 10:35:40
wait_on_hw_ila [get_hw_ilas -of_objects [get_hw_devices xc7z100_1] -filter {CELL_NAME=~"ila_RX"}]
display_hw_ila_data [upload_hw_ila_data [get_hw_ilas -of_objects [get_hw_devices xc7z100_1] -filter {CELL_NAME=~"ila_RX"}]]
INFO: [Labtools 27-1966] The ILA core 'hw_ila_1' triggered at 2020-Jun-15 10:35:40
INFO: [Labtools 27-3304] ILA Waveform data saved to file G:/QH_WORK/Demo/vivado_prj/demo_rb_64/demo_rb_64/demo_rb_64.hw/backup/hw_ila_data_1.ila. Use Tcl command 'read_hw_ila_data' or Vivado File->Import->Import ILA Data menu item to import the previously saved data.
set_property TRIGGER_COMPARE_VALUE eq1'bX [get_hw_probes channel_up -of_objects [get_hw_ilas -of_objects [get_hw_devices xc7z100_1] -filter {CELL_NAME=~"ila_RX"}]]
run_hw_ila [get_hw_ilas -of_objects [get_hw_devices xc7z100_1] -filter {CELL_NAME=~"ila_RX"}]
INFO: [Labtools 27-1964] The ILA core 'hw_ila_1' trigger was armed at 2020-Jun-15 10:35:48
wait_on_hw_ila [get_hw_ilas -of_objects [get_hw_devices xc7z100_1] -filter {CELL_NAME=~"ila_RX"}]
display_hw_ila_data [upload_hw_ila_data [get_hw_ilas -of_objects [get_hw_devices xc7z100_1] -filter {CELL_NAME=~"ila_RX"}]]
INFO: [Labtools 27-1966] The ILA core 'hw_ila_1' triggered at 2020-Jun-15 10:35:49
INFO: [Labtools 27-3304] ILA Waveform data saved to file G:/QH_WORK/Demo/vivado_prj/demo_rb_64/demo_rb_64/demo_rb_64.hw/backup/hw_ila_data_1.ila. Use Tcl command 'read_hw_ila_data' or Vivado File->Import->Import ILA Data menu item to import the previously saved data.
set_property TRIGGER_COMPARE_VALUE eq1'bX [get_hw_probes lane_up -of_objects [get_hw_ilas -of_objects [get_hw_devices xc7z100_1] -filter {CELL_NAME=~"ila_RX"}]]
run_hw_ila [get_hw_ilas -of_objects [get_hw_devices xc7z100_1] -filter {CELL_NAME=~"ila_RX"}]
INFO: [Labtools 27-1964] The ILA core 'hw_ila_1' trigger was armed at 2020-Jun-15 10:36:15
wait_on_hw_ila [get_hw_ilas -of_objects [get_hw_devices xc7z100_1] -filter {CELL_NAME=~"ila_RX"}]
display_hw_ila_data [upload_hw_ila_data [get_hw_ilas -of_objects [get_hw_devices xc7z100_1] -filter {CELL_NAME=~"ila_RX"}]]
INFO: [Labtools 27-1966] The ILA core 'hw_ila_1' triggered at 2020-Jun-15 10:36:15
INFO: [Labtools 27-3304] ILA Waveform data saved to file G:/QH_WORK/Demo/vivado_prj/demo_rb_64/demo_rb_64/demo_rb_64.hw/backup/hw_ila_data_1.ila. Use Tcl command 'read_hw_ila_data' or Vivado File->Import->Import ILA Data menu item to import the previously saved data.
set_property TRIGGER_COMPARE_VALUE eq1'bR [get_hw_probes channel_up -of_objects [get_hw_ilas -of_objects [get_hw_devices xc7z100_1] -filter {CELL_NAME=~"ila_RX"}]]
run_hw_ila [get_hw_ilas -of_objects [get_hw_devices xc7z100_1] -filter {CELL_NAME=~"ila_RX"}]
INFO: [Labtools 27-1964] The ILA core 'hw_ila_1' trigger was armed at 2020-Jun-15 10:36:21
wait_on_hw_ila -timeout 0 [get_hw_ilas -of_objects [get_hw_devices xc7z100_1] -filter {CELL_NAME=~"ila_RX"}]
upload_hw_ila_data [get_hw_ilas -of_objects [get_hw_devices xc7z100_1] -filter {CELL_NAME=~"ila_RX"}]
INFO: [Labtools 27-1965] The ILA core 'hw_ila_1' trigger was stopped by user at 2020-Jun-15 10:36:50
WARNING: [Labtools 27-157] hw_ila [hw_ila_1] stopped. No data to upload.
run_hw_ila [get_hw_ilas -of_objects [get_hw_devices xc7z100_1] -filter {CELL_NAME=~"ila_RX"}] -trigger_now
INFO: [Labtools 27-1964] The ILA core 'hw_ila_1' trigger was armed at 2020-Jun-15 10:36:50
wait_on_hw_ila [get_hw_ilas -of_objects [get_hw_devices xc7z100_1] -filter {CELL_NAME=~"ila_RX"}]
display_hw_ila_data [upload_hw_ila_data [get_hw_ilas -of_objects [get_hw_devices xc7z100_1] -filter {CELL_NAME=~"ila_RX"}]]
INFO: [Labtools 27-1966] The ILA core 'hw_ila_1' triggered at 2020-Jun-15 10:36:50
INFO: [Labtools 27-3304] ILA Waveform data saved to file G:/QH_WORK/Demo/vivado_prj/demo_rb_64/demo_rb_64/demo_rb_64.hw/backup/hw_ila_data_1.ila. Use Tcl command 'read_hw_ila_data' or Vivado File->Import->Import ILA Data menu item to import the previously saved data.
run_hw_ila [get_hw_ilas -of_objects [get_hw_devices xc7z100_1] -filter {CELL_NAME=~"ila_RX"}]
INFO: [Labtools 27-1964] The ILA core 'hw_ila_1' trigger was armed at 2020-Jun-15 10:40:33
set_property TRIGGER_COMPARE_VALUE eq1'bX [get_hw_probes channel_up -of_objects [get_hw_ilas -of_objects [get_hw_devices xc7z100_1] -filter {CELL_NAME=~"ila_RX"}]]
wait_on_hw_ila -timeout 0 [get_hw_ilas -of_objects [get_hw_devices xc7z100_1] -filter {CELL_NAME=~"ila_RX"}]
upload_hw_ila_data [get_hw_ilas -of_objects [get_hw_devices xc7z100_1] -filter {CELL_NAME=~"ila_RX"}]
INFO: [Labtools 27-1965] The ILA core 'hw_ila_1' trigger was stopped by user at 2020-Jun-15 10:41:41
WARNING: [Labtools 27-157] hw_ila [hw_ila_1] stopped. No data to upload.
run_hw_ila [get_hw_ilas -of_objects [get_hw_devices xc7z100_1] -filter {CELL_NAME=~"ila_RX"}] -trigger_now
INFO: [Labtools 27-1964] The ILA core 'hw_ila_1' trigger was armed at 2020-Jun-15 10:41:41
wait_on_hw_ila [get_hw_ilas -of_objects [get_hw_devices xc7z100_1] -filter {CELL_NAME=~"ila_RX"}]
display_hw_ila_data [upload_hw_ila_data [get_hw_ilas -of_objects [get_hw_devices xc7z100_1] -filter {CELL_NAME=~"ila_RX"}]]
INFO: [Labtools 27-1966] The ILA core 'hw_ila_1' triggered at 2020-Jun-15 10:41:41
INFO: [Labtools 27-3304] ILA Waveform data saved to file G:/QH_WORK/Demo/vivado_prj/demo_rb_64/demo_rb_64/demo_rb_64.hw/backup/hw_ila_data_1.ila. Use Tcl command 'read_hw_ila_data' or Vivado File->Import->Import ILA Data menu item to import the previously saved data.
save_wave_config {G:/QH_WORK/Demo/vivado_prj/demo_rb_64/demo_rb_64/demo_rb_64.hw/hw_1/wave/hw_ila_data_1/hw_ila_data_1.wcfg}
close_hw
open_hw
connect_hw_server
INFO: [Labtools 27-2285] Connecting to hw_server url TCP:localhost:3121
open_hw_target
INFO: [Labtoolstcl 44-466] Opening hw_target localhost:3121/xilinx_tcf/Digilent/210512180081
set_property PROGRAM.FILE {G:/QH_WORK/Demo/vivado_prj/demo_rb_64/demo_rb_64/demo_rb_64.runs/impl_1/TOP_RB.bit} [get_hw_devices xc7z100_1]
set_property PROBES.FILE {G:/QH_WORK/Demo/vivado_prj/demo_rb_64/demo_rb_64/demo_rb_64.runs/impl_1/TOP_RB.ltx} [get_hw_devices xc7z100_1]
set_property FULL_PROBES.FILE {G:/QH_WORK/Demo/vivado_prj/demo_rb_64/demo_rb_64/demo_rb_64.runs/impl_1/TOP_RB.ltx} [get_hw_devices xc7z100_1]
current_hw_device [get_hw_devices xc7z100_1]
refresh_hw_device [lindex [get_hw_devices xc7z100_1] 0]
INFO: [Labtools 27-2302] Device xc7z100 (JTAG device index = 1) is programmed with a design that has 2 ILA core(s).
WARNING: [Labtools 27-3413] Dropping logic core with cellname:'ila_RX' at location 'uuid_72CC72F785D65FDDA1FCFC47DC5C57F7' from probes file, since it cannot be found on the programmed device.
WARNING: [Labtools 27-1974] Mismatch between the design programmed into the device xc7z100_1 and the probes file(s) G:/QH_WORK/Demo/vivado_prj/demo_rb_64/demo_rb_64/demo_rb_64.runs/impl_1/TOP_RB.ltx.
The device design has 2 ILA core(s) and 0 VIO core(s). 0 ILA core(s) and 0 VIO core(s) are matched in the probes file(s).
Resolution: 
1. Reprogram device with the correct programming file and associated probes file(s) OR
2. Goto device properties and associate the correct probes file(s) with the programming file already programmed in the device.
set_property PROBES.FILE {G:/QH_WORK/Demo/vivado_prj/demo_rb_64/demo_rb_64/demo_rb_64.runs/impl_1/TOP_RB.ltx} [get_hw_devices xc7z100_1]
set_property FULL_PROBES.FILE {G:/QH_WORK/Demo/vivado_prj/demo_rb_64/demo_rb_64/demo_rb_64.runs/impl_1/TOP_RB.ltx} [get_hw_devices xc7z100_1]
set_property PROGRAM.FILE {G:/QH_WORK/Demo/vivado_prj/demo_rb_64/demo_rb_64/demo_rb_64.runs/impl_1/TOP_RB.bit} [get_hw_devices xc7z100_1]
program_hw_devices [get_hw_devices xc7z100_1]
INFO: [Labtools 27-3164] End of startup status: HIGH
program_hw_devices: Time (s): cpu = 00:00:15 ; elapsed = 00:00:15 . Memory (MB): peak = 3303.500 ; gain = 0.000
refresh_hw_device [lindex [get_hw_devices xc7z100_1] 0]
INFO: [Labtools 27-2302] Device xc7z100 (JTAG device index = 1) is programmed with a design that has 1 ILA core(s).
display_hw_ila_data [ get_hw_ila_data hw_ila_data_1 -of_objects [get_hw_ilas -of_objects [get_hw_devices xc7z100_1] -filter {CELL_NAME=~"ila_RX"}]]
run_hw_ila [get_hw_ilas -of_objects [get_hw_devices xc7z100_1] -filter {CELL_NAME=~"ila_RX"}]
INFO: [Labtools 27-1964] The ILA core 'hw_ila_1' trigger was armed at 2020-Jun-15 11:22:17
wait_on_hw_ila [get_hw_ilas -of_objects [get_hw_devices xc7z100_1] -filter {CELL_NAME=~"ila_RX"}]
display_hw_ila_data [upload_hw_ila_data [get_hw_ilas -of_objects [get_hw_devices xc7z100_1] -filter {CELL_NAME=~"ila_RX"}]]
INFO: [Labtools 27-1966] The ILA core 'hw_ila_1' triggered at 2020-Jun-15 11:22:17
INFO: [Labtools 27-3304] ILA Waveform data saved to file G:/QH_WORK/Demo/vivado_prj/demo_rb_64/demo_rb_64/demo_rb_64.hw/backup/hw_ila_data_1.ila. Use Tcl command 'read_hw_ila_data' or Vivado File->Import->Import ILA Data menu item to import the previously saved data.
save_wave_config {G:/QH_WORK/Demo/vivado_prj/demo_rb_64/demo_rb_64/demo_rb_64.hw/hw_1/wave/hw_ila_data_1/hw_ila_data_1.wcfg}
close_hw
open_hw
connect_hw_server
INFO: [Labtools 27-2285] Connecting to hw_server url TCP:localhost:3121
INFO: [Labtools 27-2222] Launching hw_server...
INFO: [Labtools 27-2221] Launch Output:

****** Xilinx hw_server v2018.3
  **** Build date : Dec  7 2018-00:40:27
    ** Copyright 1986-2018 Xilinx, Inc. All Rights Reserved.


open_hw_target
INFO: [Labtoolstcl 44-466] Opening hw_target localhost:3121/xilinx_tcf/Digilent/210512180081
set_property PROGRAM.FILE {G:/QH_WORK/Demo/vivado_prj/demo_rb_64/demo_rb_64/demo_rb_64.runs/impl_1/TOP_RB.bit} [get_hw_devices xc7z100_1]
set_property PROBES.FILE {G:/QH_WORK/Demo/vivado_prj/demo_rb_64/demo_rb_64/demo_rb_64.runs/impl_1/TOP_RB.ltx} [get_hw_devices xc7z100_1]
set_property FULL_PROBES.FILE {G:/QH_WORK/Demo/vivado_prj/demo_rb_64/demo_rb_64/demo_rb_64.runs/impl_1/TOP_RB.ltx} [get_hw_devices xc7z100_1]
current_hw_device [get_hw_devices xc7z100_1]
refresh_hw_device [lindex [get_hw_devices xc7z100_1] 0]
INFO: [Labtools 27-2302] Device xc7z100 (JTAG device index = 1) is programmed with a design that has 1 ILA core(s).
display_hw_ila_data [ get_hw_ila_data hw_ila_data_1 -of_objects [get_hw_ilas -of_objects [get_hw_devices xc7z100_1] -filter {CELL_NAME=~"ila_RX"}]]
set_property TRIGGER_COMPARE_VALUE eq1'bR [get_hw_probes channel_up -of_objects [get_hw_ilas -of_objects [get_hw_devices xc7z100_1] -filter {CELL_NAME=~"ila_RX"}]]
set_property TRIGGER_COMPARE_VALUE eq1'bR [get_hw_probes lane_up -of_objects [get_hw_ilas -of_objects [get_hw_devices xc7z100_1] -filter {CELL_NAME=~"ila_RX"}]]
run_hw_ila [get_hw_ilas -of_objects [get_hw_devices xc7z100_1] -filter {CELL_NAME=~"ila_RX"}]
INFO: [Labtools 27-1964] The ILA core 'hw_ila_1' trigger was armed at 2020-Jun-15 11:27:03
wait_on_hw_ila -timeout 0 [get_hw_ilas -of_objects [get_hw_devices xc7z100_1] -filter {CELL_NAME=~"ila_RX"}]
upload_hw_ila_data [get_hw_ilas -of_objects [get_hw_devices xc7z100_1] -filter {CELL_NAME=~"ila_RX"}]
INFO: [Labtools 27-1965] The ILA core 'hw_ila_1' trigger was stopped by user at 2020-Jun-15 11:27:10
WARNING: [Labtools 27-157] hw_ila [hw_ila_1] stopped. No data to upload.
run_hw_ila [get_hw_ilas -of_objects [get_hw_devices xc7z100_1] -filter {CELL_NAME=~"ila_RX"}] -trigger_now
INFO: [Labtools 27-1964] The ILA core 'hw_ila_1' trigger was armed at 2020-Jun-15 11:27:11
wait_on_hw_ila [get_hw_ilas -of_objects [get_hw_devices xc7z100_1] -filter {CELL_NAME=~"ila_RX"}]
display_hw_ila_data [upload_hw_ila_data [get_hw_ilas -of_objects [get_hw_devices xc7z100_1] -filter {CELL_NAME=~"ila_RX"}]]
INFO: [Labtools 27-1966] The ILA core 'hw_ila_1' triggered at 2020-Jun-15 11:27:11
INFO: [Labtools 27-3304] ILA Waveform data saved to file G:/QH_WORK/Demo/vivado_prj/demo_rb_64/demo_rb_64/demo_rb_64.hw/backup/hw_ila_data_1.ila. Use Tcl command 'read_hw_ila_data' or Vivado File->Import->Import ILA Data menu item to import the previously saved data.
save_wave_config {G:/QH_WORK/Demo/vivado_prj/demo_rb_64/demo_rb_64/demo_rb_64.hw/hw_1/wave/hw_ila_data_1/hw_ila_data_1.wcfg}
close_hw
open_hw
connect_hw_server
INFO: [Labtools 27-2285] Connecting to hw_server url TCP:localhost:3121
disconnect_hw_server localhost:3121
connect_hw_server
INFO: [Labtools 27-2285] Connecting to hw_server url TCP:localhost:3121
open_hw_target
INFO: [Labtoolstcl 44-466] Opening hw_target localhost:3121/xilinx_tcf/Digilent/210249855163
current_hw_device [get_hw_devices xc7z030_1]
refresh_hw_device -update_hw_probes false [lindex [get_hw_devices xc7z030_1] 0]
INFO: [Labtools 27-2302] Device xc7z030 (JTAG device index = 1) is programmed with a design that has 1 ILA core(s).
close_hw
open_hw
connect_hw_server
INFO: [Labtools 27-2285] Connecting to hw_server url TCP:localhost:3121
open_hw_target
INFO: [Labtoolstcl 44-466] Opening hw_target localhost:3121/xilinx_tcf/Digilent/210512180081
set_property PROGRAM.FILE {G:/QH_WORK/Demo/vivado_prj/demo_rb_64/demo_rb_64/demo_rb_64.runs/impl_1/TOP_RB.bit} [get_hw_devices xc7z100_1]
set_property PROBES.FILE {G:/QH_WORK/Demo/vivado_prj/demo_rb_64/demo_rb_64/demo_rb_64.runs/impl_1/TOP_RB.ltx} [get_hw_devices xc7z100_1]
set_property FULL_PROBES.FILE {G:/QH_WORK/Demo/vivado_prj/demo_rb_64/demo_rb_64/demo_rb_64.runs/impl_1/TOP_RB.ltx} [get_hw_devices xc7z100_1]
current_hw_device [get_hw_devices xc7z100_1]
refresh_hw_device [lindex [get_hw_devices xc7z100_1] 0]
INFO: [Labtools 27-2302] Device xc7z100 (JTAG device index = 1) is programmed with a design that has 1 ILA core(s).
display_hw_ila_data [ get_hw_ila_data hw_ila_data_1 -of_objects [get_hw_ilas -of_objects [get_hw_devices xc7z100_1] -filter {CELL_NAME=~"ila_RX"}]]
run_hw_ila [get_hw_ilas -of_objects [get_hw_devices xc7z100_1] -filter {CELL_NAME=~"ila_RX"}]
INFO: [Labtools 27-1964] The ILA core 'hw_ila_1' trigger was armed at 2020-Jun-15 11:36:16
set_property PROBES.FILE {G:/QH_WORK/Demo/vivado_prj/demo_rb_64/demo_rb_64/demo_rb_64.runs/impl_1/TOP_RB.ltx} [get_hw_devices xc7z100_1]
set_property FULL_PROBES.FILE {G:/QH_WORK/Demo/vivado_prj/demo_rb_64/demo_rb_64/demo_rb_64.runs/impl_1/TOP_RB.ltx} [get_hw_devices xc7z100_1]
set_property PROGRAM.FILE {G:/QH_WORK/Demo/vivado_prj/demo_rb_64/demo_rb_64/demo_rb_64.runs/impl_1/TOP_RB.bit} [get_hw_devices xc7z100_1]
program_hw_devices [get_hw_devices xc7z100_1]
INFO: [Labtools 27-3164] End of startup status: HIGH
program_hw_devices: Time (s): cpu = 00:00:15 ; elapsed = 00:00:15 . Memory (MB): peak = 3303.500 ; gain = 0.000
refresh_hw_device [lindex [get_hw_devices xc7z100_1] 0]
INFO: [Labtools 27-2302] Device xc7z100 (JTAG device index = 1) is programmed with a design that has 1 ILA core(s).
set_property TRIGGER_COMPARE_VALUE eq1'b1 [get_hw_probes lane_up -of_objects [get_hw_ilas -of_objects [get_hw_devices xc7z100_1] -filter {CELL_NAME=~"ila_RX"}]]
set_property TRIGGER_COMPARE_VALUE eq1'b1 [get_hw_probes channel_up -of_objects [get_hw_ilas -of_objects [get_hw_devices xc7z100_1] -filter {CELL_NAME=~"ila_RX"}]]
run_hw_ila [get_hw_ilas -of_objects [get_hw_devices xc7z100_1] -filter {CELL_NAME=~"ila_RX"}]
INFO: [Labtools 27-1964] The ILA core 'hw_ila_1' trigger was armed at 2020-Jun-15 11:36:51
wait_on_hw_ila [get_hw_ilas -of_objects [get_hw_devices xc7z100_1] -filter {CELL_NAME=~"ila_RX"}]
display_hw_ila_data [upload_hw_ila_data [get_hw_ilas -of_objects [get_hw_devices xc7z100_1] -filter {CELL_NAME=~"ila_RX"}]]
INFO: [Labtools 27-1966] The ILA core 'hw_ila_1' triggered at 2020-Jun-15 11:36:51
INFO: [Labtools 27-3304] ILA Waveform data saved to file G:/QH_WORK/Demo/vivado_prj/demo_rb_64/demo_rb_64/demo_rb_64.hw/backup/hw_ila_data_1.ila. Use Tcl command 'read_hw_ila_data' or Vivado File->Import->Import ILA Data menu item to import the previously saved data.
save_wave_config {G:/QH_WORK/Demo/vivado_prj/demo_rb_64/demo_rb_64/demo_rb_64.hw/hw_1/wave/hw_ila_data_1/hw_ila_data_1.wcfg}
close_hw
open_hw
connect_hw_server
INFO: [Labtools 27-2285] Connecting to hw_server url TCP:localhost:3121
INFO: [Labtools 27-2222] Launching hw_server...
INFO: [Labtools 27-2221] Launch Output:

****** Xilinx hw_server v2018.3
  **** Build date : Dec  7 2018-00:40:27
    ** Copyright 1986-2018 Xilinx, Inc. All Rights Reserved.


open_hw_target
INFO: [Labtoolstcl 44-466] Opening hw_target localhost:3121/xilinx_tcf/Digilent/210512180081
set_property PROGRAM.FILE {G:/QH_WORK/Demo/vivado_prj/demo_rb_64/demo_rb_64/demo_rb_64.runs/impl_1/TOP_RB.bit} [get_hw_devices xc7z100_1]
set_property PROBES.FILE {G:/QH_WORK/Demo/vivado_prj/demo_rb_64/demo_rb_64/demo_rb_64.runs/impl_1/TOP_RB.ltx} [get_hw_devices xc7z100_1]
set_property FULL_PROBES.FILE {G:/QH_WORK/Demo/vivado_prj/demo_rb_64/demo_rb_64/demo_rb_64.runs/impl_1/TOP_RB.ltx} [get_hw_devices xc7z100_1]
current_hw_device [get_hw_devices xc7z100_1]
refresh_hw_device [lindex [get_hw_devices xc7z100_1] 0]
WARNING: [Xicom 50-38] xicom: No CseXsdb register file specified for CseXsdb slave type: 0, cse driver version: 0. Slave initialization skipped.
WARNING: [Xicom 50-38] xicom: No CseXsdb register file specified for CseXsdb slave type: 0, cse driver version: 0. Slave initialization skipped.
WARNING: [Xicom 50-38] xicom: No CseXsdb register file specified for CseXsdb slave type: 0, cse driver version: 0. Slave initialization skipped.
WARNING: [Xicom 50-38] xicom: No CseXsdb register file specified for CseXsdb slave type: 0, cse driver version: 0. Slave initialization skipped.
INFO: [Labtools 27-1434] Device xc7z100 (JTAG device index = 1) is programmed with a design that has no supported debug core(s) in it.
WARNING: [Labtools 27-3361] The debug hub core was not detected.
Resolution: 
1. Make sure the clock connected to the debug hub (dbg_hub) core is a free running clock and is active.
2. Make sure the BSCAN_SWITCH_USER_MASK device property in Vivado Hardware Manager reflects the user scan chain setting in the design and refresh the device.  To determine the user scan chain setting in the design, open the implemented design and use 'get_property C_USER_SCAN_CHAIN [get_debug_cores dbg_hub]'.
For more details on setting the scan chain property, consult the Vivado Debug and Programming User Guide (UG908).
WARNING: [Labtools 27-3413] Dropping logic core with cellname:'ila_RX' at location 'uuid_72CC72F785D65FDDA1FCFC47DC5C57F7' from probes file, since it cannot be found on the programmed device.
set_property PROBES.FILE {G:/QH_WORK/Demo/vivado_prj/demo_rb_64/demo_rb_64/demo_rb_64.runs/impl_1/TOP_RB.ltx} [get_hw_devices xc7z100_1]
set_property FULL_PROBES.FILE {G:/QH_WORK/Demo/vivado_prj/demo_rb_64/demo_rb_64/demo_rb_64.runs/impl_1/TOP_RB.ltx} [get_hw_devices xc7z100_1]
set_property PROGRAM.FILE {G:/QH_WORK/Demo/vivado_prj/demo_rb_64/demo_rb_64/demo_rb_64.runs/impl_1/TOP_RB.bit} [get_hw_devices xc7z100_1]
program_hw_devices [get_hw_devices xc7z100_1]
INFO: [Labtools 27-3164] End of startup status: HIGH
program_hw_devices: Time (s): cpu = 00:00:15 ; elapsed = 00:00:15 . Memory (MB): peak = 3303.500 ; gain = 0.000
refresh_hw_device [lindex [get_hw_devices xc7z100_1] 0]
INFO: [Labtools 27-2302] Device xc7z100 (JTAG device index = 1) is programmed with a design that has 1 ILA core(s).
display_hw_ila_data [ get_hw_ila_data hw_ila_data_1 -of_objects [get_hw_ilas -of_objects [get_hw_devices xc7z100_1] -filter {CELL_NAME=~"ila_RX"}]]
run_hw_ila [get_hw_ilas -of_objects [get_hw_devices xc7z100_1] -filter {CELL_NAME=~"ila_RX"}] -trigger_now
INFO: [Labtools 27-1964] The ILA core 'hw_ila_1' trigger was armed at 2020-Jun-15 11:57:40
wait_on_hw_ila [get_hw_ilas -of_objects [get_hw_devices xc7z100_1] -filter {CELL_NAME=~"ila_RX"}]
display_hw_ila_data [upload_hw_ila_data [get_hw_ilas -of_objects [get_hw_devices xc7z100_1] -filter {CELL_NAME=~"ila_RX"}]]
INFO: [Labtools 27-1966] The ILA core 'hw_ila_1' triggered at 2020-Jun-15 11:57:40
INFO: [Labtools 27-3304] ILA Waveform data saved to file G:/QH_WORK/Demo/vivado_prj/demo_rb_64/demo_rb_64/demo_rb_64.hw/backup/hw_ila_data_1.ila. Use Tcl command 'read_hw_ila_data' or Vivado File->Import->Import ILA Data menu item to import the previously saved data.
save_wave_config {G:/QH_WORK/Demo/vivado_prj/demo_rb_64/demo_rb_64/demo_rb_64.hw/hw_1/wave/hw_ila_data_1/hw_ila_data_1.wcfg}
close_hw
open_hw
connect_hw_server
INFO: [Labtools 27-2285] Connecting to hw_server url TCP:localhost:3121
disconnect_hw_server localhost:3121
connect_hw_server
INFO: [Labtools 27-2285] Connecting to hw_server url TCP:localhost:3121
open_hw_target
INFO: [Labtoolstcl 44-466] Opening hw_target localhost:3121/xilinx_tcf/Digilent/210512180081
set_property PROGRAM.FILE {G:/QH_WORK/Demo/vivado_prj/demo_rb_64/demo_rb_64/demo_rb_64.runs/impl_1/TOP_RB.bit} [get_hw_devices xc7z100_1]
set_property PROBES.FILE {G:/QH_WORK/Demo/vivado_prj/demo_rb_64/demo_rb_64/demo_rb_64.runs/impl_1/TOP_RB.ltx} [get_hw_devices xc7z100_1]
set_property FULL_PROBES.FILE {G:/QH_WORK/Demo/vivado_prj/demo_rb_64/demo_rb_64/demo_rb_64.runs/impl_1/TOP_RB.ltx} [get_hw_devices xc7z100_1]
current_hw_device [get_hw_devices xc7z100_1]
refresh_hw_device [lindex [get_hw_devices xc7z100_1] 0]
INFO: [Labtools 27-2302] Device xc7z100 (JTAG device index = 1) is programmed with a design that has 1 ILA core(s).
display_hw_ila_data [ get_hw_ila_data hw_ila_data_1 -of_objects [get_hw_ilas -of_objects [get_hw_devices xc7z100_1] -filter {CELL_NAME=~"ila_RX"}]]
run_hw_ila [get_hw_ilas -of_objects [get_hw_devices xc7z100_1] -filter {CELL_NAME=~"ila_RX"}]
INFO: [Labtools 27-1964] The ILA core 'hw_ila_1' trigger was armed at 2020-Jun-15 11:59:43
wait_on_hw_ila [get_hw_ilas -of_objects [get_hw_devices xc7z100_1] -filter {CELL_NAME=~"ila_RX"}]
display_hw_ila_data [upload_hw_ila_data [get_hw_ilas -of_objects [get_hw_devices xc7z100_1] -filter {CELL_NAME=~"ila_RX"}]]
INFO: [Labtools 27-1966] The ILA core 'hw_ila_1' triggered at 2020-Jun-15 11:59:43
INFO: [Labtools 27-3304] ILA Waveform data saved to file G:/QH_WORK/Demo/vivado_prj/demo_rb_64/demo_rb_64/demo_rb_64.hw/backup/hw_ila_data_1.ila. Use Tcl command 'read_hw_ila_data' or Vivado File->Import->Import ILA Data menu item to import the previously saved data.
ERROR: [Labtoolstcl 44-513] HW Target shutdown. Closing target: localhost:3121/xilinx_tcf/Digilent/210512180081
close_hw
open_hw
connect_hw_server
INFO: [Labtools 27-2285] Connecting to hw_server url TCP:localhost:3121
INFO: [Labtools 27-2222] Launching hw_server...
INFO: [Labtools 27-2221] Launch Output:

****** Xilinx hw_server v2018.3
  **** Build date : Dec  7 2018-00:40:27
    ** Copyright 1986-2018 Xilinx, Inc. All Rights Reserved.


open_hw_target
INFO: [Labtoolstcl 44-466] Opening hw_target localhost:3121/xilinx_tcf/Digilent/210512180081
set_property PROGRAM.FILE {G:/QH_WORK/Demo/vivado_prj/demo_rb_64/demo_rb_64/demo_rb_64.runs/impl_1/TOP_RB.bit} [get_hw_devices xc7z100_1]
set_property PROBES.FILE {G:/QH_WORK/Demo/vivado_prj/demo_rb_64/demo_rb_64/demo_rb_64.runs/impl_1/TOP_RB.ltx} [get_hw_devices xc7z100_1]
set_property FULL_PROBES.FILE {G:/QH_WORK/Demo/vivado_prj/demo_rb_64/demo_rb_64/demo_rb_64.runs/impl_1/TOP_RB.ltx} [get_hw_devices xc7z100_1]
current_hw_device [get_hw_devices xc7z100_1]
refresh_hw_device [lindex [get_hw_devices xc7z100_1] 0]
WARNING: [Xicom 50-38] xicom: No CseXsdb register file specified for CseXsdb slave type: 0, cse driver version: 0. Slave initialization skipped.
WARNING: [Xicom 50-38] xicom: No CseXsdb register file specified for CseXsdb slave type: 0, cse driver version: 0. Slave initialization skipped.
WARNING: [Xicom 50-38] xicom: No CseXsdb register file specified for CseXsdb slave type: 0, cse driver version: 0. Slave initialization skipped.
WARNING: [Xicom 50-38] xicom: No CseXsdb register file specified for CseXsdb slave type: 0, cse driver version: 0. Slave initialization skipped.
INFO: [Labtools 27-1434] Device xc7z100 (JTAG device index = 1) is programmed with a design that has no supported debug core(s) in it.
WARNING: [Labtools 27-3361] The debug hub core was not detected.
Resolution: 
1. Make sure the clock connected to the debug hub (dbg_hub) core is a free running clock and is active.
2. Make sure the BSCAN_SWITCH_USER_MASK device property in Vivado Hardware Manager reflects the user scan chain setting in the design and refresh the device.  To determine the user scan chain setting in the design, open the implemented design and use 'get_property C_USER_SCAN_CHAIN [get_debug_cores dbg_hub]'.
For more details on setting the scan chain property, consult the Vivado Debug and Programming User Guide (UG908).
WARNING: [Labtools 27-3413] Dropping logic core with cellname:'ila_RX' at location 'uuid_72CC72F785D65FDDA1FCFC47DC5C57F7' from probes file, since it cannot be found on the programmed device.
set_property PROBES.FILE {G:/QH_WORK/Demo/vivado_prj/demo_rb_64/demo_rb_64/demo_rb_64.runs/impl_1/TOP_RB.ltx} [get_hw_devices xc7z100_1]
set_property FULL_PROBES.FILE {G:/QH_WORK/Demo/vivado_prj/demo_rb_64/demo_rb_64/demo_rb_64.runs/impl_1/TOP_RB.ltx} [get_hw_devices xc7z100_1]
set_property PROGRAM.FILE {G:/QH_WORK/Demo/vivado_prj/demo_rb_64/demo_rb_64/demo_rb_64.runs/impl_1/TOP_RB.bit} [get_hw_devices xc7z100_1]
program_hw_devices [get_hw_devices xc7z100_1]
INFO: [Labtools 27-3164] End of startup status: HIGH
program_hw_devices: Time (s): cpu = 00:00:14 ; elapsed = 00:00:15 . Memory (MB): peak = 3303.500 ; gain = 0.000
refresh_hw_device [lindex [get_hw_devices xc7z100_1] 0]
INFO: [Labtools 27-2302] Device xc7z100 (JTAG device index = 1) is programmed with a design that has 1 ILA core(s).
display_hw_ila_data [ get_hw_ila_data hw_ila_data_1 -of_objects [get_hw_ilas -of_objects [get_hw_devices xc7z100_1] -filter {CELL_NAME=~"ila_RX"}]]
run_hw_ila [get_hw_ilas -of_objects [get_hw_devices xc7z100_1] -filter {CELL_NAME=~"ila_RX"}] -trigger_now
INFO: [Labtools 27-1964] The ILA core 'hw_ila_1' trigger was armed at 2020-Jun-15 14:07:00
wait_on_hw_ila [get_hw_ilas -of_objects [get_hw_devices xc7z100_1] -filter {CELL_NAME=~"ila_RX"}]
display_hw_ila_data [upload_hw_ila_data [get_hw_ilas -of_objects [get_hw_devices xc7z100_1] -filter {CELL_NAME=~"ila_RX"}]]
INFO: [Labtools 27-1966] The ILA core 'hw_ila_1' triggered at 2020-Jun-15 14:07:00
INFO: [Labtools 27-3304] ILA Waveform data saved to file G:/QH_WORK/Demo/vivado_prj/demo_rb_64/demo_rb_64/demo_rb_64.hw/backup/hw_ila_data_1.ila. Use Tcl command 'read_hw_ila_data' or Vivado File->Import->Import ILA Data menu item to import the previously saved data.
run_hw_ila [get_hw_ilas -of_objects [get_hw_devices xc7z100_1] -filter {CELL_NAME=~"ila_RX"}]
INFO: [Labtools 27-1964] The ILA core 'hw_ila_1' trigger was armed at 2020-Jun-15 14:07:06
save_wave_config {G:/QH_WORK/Demo/vivado_prj/demo_rb_64/demo_rb_64/demo_rb_64.hw/hw_1/wave/hw_ila_data_1/hw_ila_data_1.wcfg}
close_hw
open_hw
connect_hw_server
INFO: [Labtools 27-2285] Connecting to hw_server url TCP:localhost:3121
open_hw_target
INFO: [Labtoolstcl 44-466] Opening hw_target localhost:3121/xilinx_tcf/Digilent/210512180081
set_property PROGRAM.FILE {G:/QH_WORK/Demo/vivado_prj/demo_rb_64/demo_rb_64/demo_rb_64.runs/impl_1/TOP_RB.bit} [get_hw_devices xc7z100_1]
set_property PROBES.FILE {G:/QH_WORK/Demo/vivado_prj/demo_rb_64/demo_rb_64/demo_rb_64.runs/impl_1/TOP_RB.ltx} [get_hw_devices xc7z100_1]
set_property FULL_PROBES.FILE {G:/QH_WORK/Demo/vivado_prj/demo_rb_64/demo_rb_64/demo_rb_64.runs/impl_1/TOP_RB.ltx} [get_hw_devices xc7z100_1]
current_hw_device [get_hw_devices xc7z100_1]
refresh_hw_device [lindex [get_hw_devices xc7z100_1] 0]
INFO: [Labtools 27-2302] Device xc7z100 (JTAG device index = 1) is programmed with a design that has 1 ILA core(s).
display_hw_ila_data [ get_hw_ila_data hw_ila_data_1 -of_objects [get_hw_ilas -of_objects [get_hw_devices xc7z100_1] -filter {CELL_NAME=~"ila_RX"}]]
set_property PROBES.FILE {G:/QH_WORK/Demo/vivado_prj/demo_rb_64/demo_rb_64/demo_rb_64.runs/impl_1/TOP_RB.ltx} [get_hw_devices xc7z100_1]
set_property FULL_PROBES.FILE {G:/QH_WORK/Demo/vivado_prj/demo_rb_64/demo_rb_64/demo_rb_64.runs/impl_1/TOP_RB.ltx} [get_hw_devices xc7z100_1]
set_property PROGRAM.FILE {G:/QH_WORK/Demo/vivado_prj/demo_rb_64/demo_rb_64/demo_rb_64.runs/impl_1/TOP_RB.bit} [get_hw_devices xc7z100_1]
program_hw_devices [get_hw_devices xc7z100_1]
INFO: [Labtools 27-3164] End of startup status: HIGH
program_hw_devices: Time (s): cpu = 00:00:15 ; elapsed = 00:00:15 . Memory (MB): peak = 3303.500 ; gain = 0.000
refresh_hw_device [lindex [get_hw_devices xc7z100_1] 0]
INFO: [Labtools 27-2302] Device xc7z100 (JTAG device index = 1) is programmed with a design that has 1 ILA core(s).
run_hw_ila [get_hw_ilas -of_objects [get_hw_devices xc7z100_1] -filter {CELL_NAME=~"ila_RX"}]
INFO: [Labtools 27-1964] The ILA core 'hw_ila_1' trigger was armed at 2020-Jun-15 14:08:51
wait_on_hw_ila [get_hw_ilas -of_objects [get_hw_devices xc7z100_1] -filter {CELL_NAME=~"ila_RX"}]
display_hw_ila_data [upload_hw_ila_data [get_hw_ilas -of_objects [get_hw_devices xc7z100_1] -filter {CELL_NAME=~"ila_RX"}]]
INFO: [Labtools 27-1966] The ILA core 'hw_ila_1' triggered at 2020-Jun-15 14:08:51
INFO: [Labtools 27-3304] ILA Waveform data saved to file G:/QH_WORK/Demo/vivado_prj/demo_rb_64/demo_rb_64/demo_rb_64.hw/backup/hw_ila_data_1.ila. Use Tcl command 'read_hw_ila_data' or Vivado File->Import->Import ILA Data menu item to import the previously saved data.
save_wave_config {G:/QH_WORK/Demo/vivado_prj/demo_rb_64/demo_rb_64/demo_rb_64.hw/hw_1/wave/hw_ila_data_1/hw_ila_data_1.wcfg}
close_hw
WARNING: [IP_Flow 19-4067] Ignoring invalid widget type specified checkbox.Providing a default widget
create_ip -name ila -vendor xilinx.com -library ip -version 6.2 -module_name ila_1 -dir g:/QH_WORK/Demo/vivado_prj/demo_rb_64/demo_rb_64/demo_rb_64.srcs/sources_1/ip
set_property -dict [list CONFIG.C_PROBE5_WIDTH {64} CONFIG.C_PROBE4_WIDTH {64} CONFIG.C_PROBE3_WIDTH {64} CONFIG.C_PROBE2_WIDTH {64} CONFIG.C_PROBE1_WIDTH {16} CONFIG.C_PROBE0_WIDTH {16} CONFIG.C_NUM_OF_PROBES {6}] [get_ips ila_1]
generate_target {instantiation_template} [get_files g:/QH_WORK/Demo/vivado_prj/demo_rb_64/demo_rb_64/demo_rb_64.srcs/sources_1/ip/ila_1/ila_1.xci]
INFO: [IP_Flow 19-1686] Generating 'Instantiation Template' target for IP 'ila_1'...
generate_target all [get_files  g:/QH_WORK/Demo/vivado_prj/demo_rb_64/demo_rb_64/demo_rb_64.srcs/sources_1/ip/ila_1/ila_1.xci]
INFO: [IP_Flow 19-1686] Generating 'Synthesis' target for IP 'ila_1'...
WARNING: [IP_Flow 19-4994] Overwriting existing constraint file 'g:/QH_WORK/Demo/vivado_prj/demo_rb_64/demo_rb_64/demo_rb_64.srcs/sources_1/ip/ila_1/ila_1_ooc.xdc'
INFO: [IP_Flow 19-1686] Generating 'Simulation' target for IP 'ila_1'...
INFO: [IP_Flow 19-1686] Generating 'Implementation' target for IP 'ila_1'...
INFO: [IP_Flow 19-1686] Generating 'Change Log' target for IP 'ila_1'...
catch { config_ip_cache -export [get_ips -all ila_1] }
export_ip_user_files -of_objects [get_files g:/QH_WORK/Demo/vivado_prj/demo_rb_64/demo_rb_64/demo_rb_64.srcs/sources_1/ip/ila_1/ila_1.xci] -no_script -sync -force -quiet
create_ip_run [get_files -of_objects [get_fileset sources_1] g:/QH_WORK/Demo/vivado_prj/demo_rb_64/demo_rb_64/demo_rb_64.srcs/sources_1/ip/ila_1/ila_1.xci]
launch_runs -jobs 6 ila_1_synth_1
[Mon Jun 15 14:13:00 2020] Launched ila_1_synth_1...
Run output will be captured here: G:/QH_WORK/Demo/vivado_prj/demo_rb_64/demo_rb_64/demo_rb_64.runs/ila_1_synth_1/runme.log
export_simulation -of_objects [get_files g:/QH_WORK/Demo/vivado_prj/demo_rb_64/demo_rb_64/demo_rb_64.srcs/sources_1/ip/ila_1/ila_1.xci] -directory G:/QH_WORK/Demo/vivado_prj/demo_rb_64/demo_rb_64/demo_rb_64.ip_user_files/sim_scripts -ip_user_files_dir G:/QH_WORK/Demo/vivado_prj/demo_rb_64/demo_rb_64/demo_rb_64.ip_user_files -ipstatic_source_dir G:/QH_WORK/Demo/vivado_prj/demo_rb_64/demo_rb_64/demo_rb_64.ip_user_files/ipstatic -lib_map_path [list {modelsim=G:/QH_WORK/Demo/vivado_prj/demo_rb_64/demo_rb_64/demo_rb_64.cache/compile_simlib/modelsim} {questa=G:/QH_WORK/Demo/vivado_prj/demo_rb_64/demo_rb_64/demo_rb_64.cache/compile_simlib/questa} {riviera=G:/QH_WORK/Demo/vivado_prj/demo_rb_64/demo_rb_64/demo_rb_64.cache/compile_simlib/riviera} {activehdl=G:/QH_WORK/Demo/vivado_prj/demo_rb_64/demo_rb_64/demo_rb_64.cache/compile_simlib/activehdl}] -use_ip_compiled_libs -force -quiet
reset_run synth_1
WARNING: [Vivado 12-1017] Problems encountered:
1. Failed to delete one or more files in run directory G:/QH_WORK/Demo/vivado_prj/demo_rb_64/demo_rb_64/demo_rb_64.runs/synth_1

launch_runs impl_1 -to_step write_bitstream -jobs 6
[Mon Jun 15 14:15:55 2020] Launched synth_1...
Run output will be captured here: G:/QH_WORK/Demo/vivado_prj/demo_rb_64/demo_rb_64/demo_rb_64.runs/synth_1/runme.log
[Mon Jun 15 14:15:55 2020] Launched impl_1...
Run output will be captured here: G:/QH_WORK/Demo/vivado_prj/demo_rb_64/demo_rb_64/demo_rb_64.runs/impl_1/runme.log
open_hw
connect_hw_server
INFO: [Labtools 27-2285] Connecting to hw_server url TCP:localhost:3121
INFO: [Labtools 27-2222] Launching hw_server...
INFO: [Labtools 27-2221] Launch Output:

****** Xilinx hw_server v2018.3
  **** Build date : Dec  7 2018-00:40:27
    ** Copyright 1986-2018 Xilinx, Inc. All Rights Reserved.


open_hw_target
INFO: [Labtoolstcl 44-466] Opening hw_target localhost:3121/xilinx_tcf/Digilent/210512180081
set_property PROGRAM.FILE {G:/QH_WORK/Demo/vivado_prj/demo_rb_64/demo_rb_64/demo_rb_64.runs/impl_1/TOP_RB.bit} [get_hw_devices xc7z100_1]
set_property PROBES.FILE {G:/QH_WORK/Demo/vivado_prj/demo_rb_64/demo_rb_64/demo_rb_64.runs/impl_1/TOP_RB.ltx} [get_hw_devices xc7z100_1]
set_property FULL_PROBES.FILE {G:/QH_WORK/Demo/vivado_prj/demo_rb_64/demo_rb_64/demo_rb_64.runs/impl_1/TOP_RB.ltx} [get_hw_devices xc7z100_1]
current_hw_device [get_hw_devices xc7z100_1]
refresh_hw_device [lindex [get_hw_devices xc7z100_1] 0]
INFO: [Labtools 27-2302] Device xc7z100 (JTAG device index = 1) is programmed with a design that has 1 ILA core(s).
WARNING: [Labtools 27-3413] Dropping logic core with cellname:'ila_1_rx' at location 'uuid_FE06D2363B555149AB0E918009892F32' from probes file, since it cannot be found on the programmed device.
display_hw_ila_data [ get_hw_ila_data hw_ila_data_1 -of_objects [get_hw_ilas -of_objects [get_hw_devices xc7z100_1] -filter {CELL_NAME=~"ila_RX"}]]
set_property PROBES.FILE {G:/QH_WORK/Demo/vivado_prj/demo_rb_64/demo_rb_64/demo_rb_64.runs/impl_1/TOP_RB.ltx} [get_hw_devices xc7z100_1]
set_property FULL_PROBES.FILE {G:/QH_WORK/Demo/vivado_prj/demo_rb_64/demo_rb_64/demo_rb_64.runs/impl_1/TOP_RB.ltx} [get_hw_devices xc7z100_1]
set_property PROGRAM.FILE {G:/QH_WORK/Demo/vivado_prj/demo_rb_64/demo_rb_64/demo_rb_64.runs/impl_1/TOP_RB.bit} [get_hw_devices xc7z100_1]
program_hw_devices [get_hw_devices xc7z100_1]
INFO: [Labtools 27-3164] End of startup status: HIGH
program_hw_devices: Time (s): cpu = 00:00:15 ; elapsed = 00:00:15 . Memory (MB): peak = 3322.977 ; gain = 0.000
refresh_hw_device [lindex [get_hw_devices xc7z100_1] 0]
INFO: [Labtools 27-2302] Device xc7z100 (JTAG device index = 1) is programmed with a design that has 2 ILA core(s).
display_hw_ila_data [ get_hw_ila_data hw_ila_data_2 -of_objects [get_hw_ilas -of_objects [get_hw_devices xc7z100_1] -filter {CELL_NAME=~"ila_RX"}]]
run_hw_ila [get_hw_ilas -of_objects [get_hw_devices xc7z100_1] -filter {CELL_NAME=~"ila_RX"}]
INFO: [Labtools 27-1964] The ILA core 'hw_ila_2' trigger was armed at 2020-Jun-15 14:54:33
wait_on_hw_ila [get_hw_ilas -of_objects [get_hw_devices xc7z100_1] -filter {CELL_NAME=~"ila_RX"}]
display_hw_ila_data [upload_hw_ila_data [get_hw_ilas -of_objects [get_hw_devices xc7z100_1] -filter {CELL_NAME=~"ila_RX"}]]
INFO: [Labtools 27-1966] The ILA core 'hw_ila_2' triggered at 2020-Jun-15 14:54:33
INFO: [Labtools 27-3304] ILA Waveform data saved to file G:/QH_WORK/Demo/vivado_prj/demo_rb_64/demo_rb_64/demo_rb_64.hw/backup/hw_ila_data_2.ila. Use Tcl command 'read_hw_ila_data' or Vivado File->Import->Import ILA Data menu item to import the previously saved data.
add_wave -into {hw_ila_data_1.wcfg} -radix hex { {chnnal} {idataInCtrl[0]__0} {idataInCtrl[1]__0} {idataInCtrl[2]__0} {idataInCtrl[3]__0} {read_len} }
run_hw_ila [get_hw_ilas -of_objects [get_hw_devices xc7z100_1] -filter {CELL_NAME=~"ila_1_rx"}]
INFO: [Labtools 27-1964] The ILA core 'hw_ila_1' trigger was armed at 2020-Jun-15 14:55:07
wait_on_hw_ila [get_hw_ilas -of_objects [get_hw_devices xc7z100_1] -filter {CELL_NAME=~"ila_1_rx"}]
display_hw_ila_data [upload_hw_ila_data [get_hw_ilas -of_objects [get_hw_devices xc7z100_1] -filter {CELL_NAME=~"ila_1_rx"}]]
INFO: [Labtools 27-1966] The ILA core 'hw_ila_1' triggered at 2020-Jun-15 14:55:07
INFO: [Labtools 27-3304] ILA Waveform data saved to file G:/QH_WORK/Demo/vivado_prj/demo_rb_64/demo_rb_64/demo_rb_64.hw/backup/hw_ila_data_1.ila. Use Tcl command 'read_hw_ila_data' or Vivado File->Import->Import ILA Data menu item to import the previously saved data.
save_wave_config {G:/QH_WORK/Demo/vivado_prj/demo_rb_64/demo_rb_64/demo_rb_64.hw/hw_1/wave/hw_ila_data_1/hw_ila_data_1.wcfg}
save_wave_config {G:/QH_WORK/Demo/vivado_prj/demo_rb_64/demo_rb_64/demo_rb_64.hw/hw_1/wave/hw_ila_data_2/hw_ila_data_2.wcfg}
close_hw
open_hw
connect_hw_server
INFO: [Labtools 27-2285] Connecting to hw_server url TCP:localhost:3121
open_hw_target
INFO: [Labtoolstcl 44-466] Opening hw_target localhost:3121/xilinx_tcf/Digilent/210512180081
set_property PROGRAM.FILE {G:/QH_WORK/Demo/vivado_prj/demo_rb_64/demo_rb_64/demo_rb_64.runs/impl_1/TOP_RB.bit} [get_hw_devices xc7z100_1]
set_property PROBES.FILE {G:/QH_WORK/Demo/vivado_prj/demo_rb_64/demo_rb_64/demo_rb_64.runs/impl_1/TOP_RB.ltx} [get_hw_devices xc7z100_1]
set_property FULL_PROBES.FILE {G:/QH_WORK/Demo/vivado_prj/demo_rb_64/demo_rb_64/demo_rb_64.runs/impl_1/TOP_RB.ltx} [get_hw_devices xc7z100_1]
current_hw_device [get_hw_devices xc7z100_1]
refresh_hw_device [lindex [get_hw_devices xc7z100_1] 0]
INFO: [Labtools 27-2302] Device xc7z100 (JTAG device index = 1) is programmed with a design that has 2 ILA core(s).
display_hw_ila_data [ get_hw_ila_data hw_ila_data_1 -of_objects [get_hw_ilas -of_objects [get_hw_devices xc7z100_1] -filter {CELL_NAME=~"ila_1_rx"}]]
display_hw_ila_data [ get_hw_ila_data hw_ila_data_2 -of_objects [get_hw_ilas -of_objects [get_hw_devices xc7z100_1] -filter {CELL_NAME=~"ila_RX"}]]
run_hw_ila [get_hw_ilas -of_objects [get_hw_devices xc7z100_1] -filter {CELL_NAME=~"ila_RX"}]
INFO: [Labtools 27-1964] The ILA core 'hw_ila_2' trigger was armed at 2020-Jun-15 17:10:22
wait_on_hw_ila [get_hw_ilas -of_objects [get_hw_devices xc7z100_1] -filter {CELL_NAME=~"ila_RX"}]
display_hw_ila_data [upload_hw_ila_data [get_hw_ilas -of_objects [get_hw_devices xc7z100_1] -filter {CELL_NAME=~"ila_RX"}]]
INFO: [Labtools 27-1966] The ILA core 'hw_ila_2' triggered at 2020-Jun-15 17:10:22
INFO: [Labtools 27-3304] ILA Waveform data saved to file G:/QH_WORK/Demo/vivado_prj/demo_rb_64/demo_rb_64/demo_rb_64.hw/backup/hw_ila_data_2.ila. Use Tcl command 'read_hw_ila_data' or Vivado File->Import->Import ILA Data menu item to import the previously saved data.
run_hw_ila [get_hw_ilas -of_objects [get_hw_devices xc7z100_1] -filter {CELL_NAME=~"ila_1_rx"}]
INFO: [Labtools 27-1964] The ILA core 'hw_ila_1' trigger was armed at 2020-Jun-15 17:10:58
wait_on_hw_ila [get_hw_ilas -of_objects [get_hw_devices xc7z100_1] -filter {CELL_NAME=~"ila_1_rx"}]
display_hw_ila_data [upload_hw_ila_data [get_hw_ilas -of_objects [get_hw_devices xc7z100_1] -filter {CELL_NAME=~"ila_1_rx"}]]
INFO: [Labtools 27-1966] The ILA core 'hw_ila_1' triggered at 2020-Jun-15 17:10:58
INFO: [Labtools 27-3304] ILA Waveform data saved to file G:/QH_WORK/Demo/vivado_prj/demo_rb_64/demo_rb_64/demo_rb_64.hw/backup/hw_ila_data_1.ila. Use Tcl command 'read_hw_ila_data' or Vivado File->Import->Import ILA Data menu item to import the previously saved data.
run_hw_ila [get_hw_ilas -of_objects [get_hw_devices xc7z100_1] -filter {CELL_NAME=~"ila_RX"}]
INFO: [Labtools 27-1964] The ILA core 'hw_ila_2' trigger was armed at 2020-Jun-15 17:11:23
wait_on_hw_ila [get_hw_ilas -of_objects [get_hw_devices xc7z100_1] -filter {CELL_NAME=~"ila_RX"}]
display_hw_ila_data [upload_hw_ila_data [get_hw_ilas -of_objects [get_hw_devices xc7z100_1] -filter {CELL_NAME=~"ila_RX"}]]
INFO: [Labtools 27-1966] The ILA core 'hw_ila_2' triggered at 2020-Jun-15 17:11:23
INFO: [Labtools 27-3304] ILA Waveform data saved to file G:/QH_WORK/Demo/vivado_prj/demo_rb_64/demo_rb_64/demo_rb_64.hw/backup/hw_ila_data_2.ila. Use Tcl command 'read_hw_ila_data' or Vivado File->Import->Import ILA Data menu item to import the previously saved data.
run_hw_ila [get_hw_ilas -of_objects [get_hw_devices xc7z100_1] -filter {CELL_NAME=~"ila_1_rx"}]
INFO: [Labtools 27-1964] The ILA core 'hw_ila_1' trigger was armed at 2020-Jun-15 17:11:27
wait_on_hw_ila [get_hw_ilas -of_objects [get_hw_devices xc7z100_1] -filter {CELL_NAME=~"ila_1_rx"}]
display_hw_ila_data [upload_hw_ila_data [get_hw_ilas -of_objects [get_hw_devices xc7z100_1] -filter {CELL_NAME=~"ila_1_rx"}]]
INFO: [Labtools 27-1966] The ILA core 'hw_ila_1' triggered at 2020-Jun-15 17:11:27
INFO: [Labtools 27-3304] ILA Waveform data saved to file G:/QH_WORK/Demo/vivado_prj/demo_rb_64/demo_rb_64/demo_rb_64.hw/backup/hw_ila_data_1.ila. Use Tcl command 'read_hw_ila_data' or Vivado File->Import->Import ILA Data menu item to import the previously saved data.
run_hw_ila [get_hw_ilas -of_objects [get_hw_devices xc7z100_1] -filter {CELL_NAME=~"ila_1_rx"}]
INFO: [Labtools 27-1964] The ILA core 'hw_ila_1' trigger was armed at 2020-Jun-15 17:11:29
wait_on_hw_ila [get_hw_ilas -of_objects [get_hw_devices xc7z100_1] -filter {CELL_NAME=~"ila_1_rx"}]
display_hw_ila_data [upload_hw_ila_data [get_hw_ilas -of_objects [get_hw_devices xc7z100_1] -filter {CELL_NAME=~"ila_1_rx"}]]
INFO: [Labtools 27-1966] The ILA core 'hw_ila_1' triggered at 2020-Jun-15 17:11:29
INFO: [Labtools 27-3304] ILA Waveform data saved to file G:/QH_WORK/Demo/vivado_prj/demo_rb_64/demo_rb_64/demo_rb_64.hw/backup/hw_ila_data_1.ila. Use Tcl command 'read_hw_ila_data' or Vivado File->Import->Import ILA Data menu item to import the previously saved data.
run_hw_ila [get_hw_ilas -of_objects [get_hw_devices xc7z100_1] -filter {CELL_NAME=~"ila_RX"}]
INFO: [Labtools 27-1964] The ILA core 'hw_ila_2' trigger was armed at 2020-Jun-15 17:11:57
wait_on_hw_ila [get_hw_ilas -of_objects [get_hw_devices xc7z100_1] -filter {CELL_NAME=~"ila_RX"}]
display_hw_ila_data [upload_hw_ila_data [get_hw_ilas -of_objects [get_hw_devices xc7z100_1] -filter {CELL_NAME=~"ila_RX"}]]
INFO: [Labtools 27-1966] The ILA core 'hw_ila_2' triggered at 2020-Jun-15 17:11:57
INFO: [Labtools 27-3304] ILA Waveform data saved to file G:/QH_WORK/Demo/vivado_prj/demo_rb_64/demo_rb_64/demo_rb_64.hw/backup/hw_ila_data_2.ila. Use Tcl command 'read_hw_ila_data' or Vivado File->Import->Import ILA Data menu item to import the previously saved data.
run_hw_ila [get_hw_ilas -of_objects [get_hw_devices xc7z100_1] -filter {CELL_NAME=~"ila_RX"}]
INFO: [Labtools 27-1964] The ILA core 'hw_ila_2' trigger was armed at 2020-Jun-15 17:12:03
wait_on_hw_ila [get_hw_ilas -of_objects [get_hw_devices xc7z100_1] -filter {CELL_NAME=~"ila_RX"}]
display_hw_ila_data [upload_hw_ila_data [get_hw_ilas -of_objects [get_hw_devices xc7z100_1] -filter {CELL_NAME=~"ila_RX"}]]
INFO: [Labtools 27-1966] The ILA core 'hw_ila_2' triggered at 2020-Jun-15 17:12:03
INFO: [Labtools 27-3304] ILA Waveform data saved to file G:/QH_WORK/Demo/vivado_prj/demo_rb_64/demo_rb_64/demo_rb_64.hw/backup/hw_ila_data_2.ila. Use Tcl command 'read_hw_ila_data' or Vivado File->Import->Import ILA Data menu item to import the previously saved data.
run_hw_ila [get_hw_ilas -of_objects [get_hw_devices xc7z100_1] -filter {CELL_NAME=~"ila_RX"}]
INFO: [Labtools 27-1964] The ILA core 'hw_ila_2' trigger was armed at 2020-Jun-15 17:12:07
wait_on_hw_ila [get_hw_ilas -of_objects [get_hw_devices xc7z100_1] -filter {CELL_NAME=~"ila_RX"}]
display_hw_ila_data [upload_hw_ila_data [get_hw_ilas -of_objects [get_hw_devices xc7z100_1] -filter {CELL_NAME=~"ila_RX"}]]
INFO: [Labtools 27-1966] The ILA core 'hw_ila_2' triggered at 2020-Jun-15 17:12:07
INFO: [Labtools 27-3304] ILA Waveform data saved to file G:/QH_WORK/Demo/vivado_prj/demo_rb_64/demo_rb_64/demo_rb_64.hw/backup/hw_ila_data_2.ila. Use Tcl command 'read_hw_ila_data' or Vivado File->Import->Import ILA Data menu item to import the previously saved data.
run_hw_ila [get_hw_ilas -of_objects [get_hw_devices xc7z100_1] -filter {CELL_NAME=~"ila_RX"}] -trigger_now
INFO: [Labtools 27-1964] The ILA core 'hw_ila_2' trigger was armed at 2020-Jun-15 17:12:27
wait_on_hw_ila [get_hw_ilas -of_objects [get_hw_devices xc7z100_1] -filter {CELL_NAME=~"ila_RX"}]
display_hw_ila_data [upload_hw_ila_data [get_hw_ilas -of_objects [get_hw_devices xc7z100_1] -filter {CELL_NAME=~"ila_RX"}]]
INFO: [Labtools 27-1966] The ILA core 'hw_ila_2' triggered at 2020-Jun-15 17:12:27
INFO: [Labtools 27-3304] ILA Waveform data saved to file G:/QH_WORK/Demo/vivado_prj/demo_rb_64/demo_rb_64/demo_rb_64.hw/backup/hw_ila_data_2.ila. Use Tcl command 'read_hw_ila_data' or Vivado File->Import->Import ILA Data menu item to import the previously saved data.
set_property TRIGGER_COMPARE_VALUE eq1'bX [get_hw_probes lane_up -of_objects [get_hw_ilas -of_objects [get_hw_devices xc7z100_1] -filter {CELL_NAME=~"ila_RX"}]]
set_property TRIGGER_COMPARE_VALUE eq1'bX [get_hw_probes channel_up -of_objects [get_hw_ilas -of_objects [get_hw_devices xc7z100_1] -filter {CELL_NAME=~"ila_RX"}]]
set_property TRIGGER_COMPARE_VALUE eq1'bR [get_hw_probes m_axi_rx_tlast -of_objects [get_hw_ilas -of_objects [get_hw_devices xc7z100_1] -filter {CELL_NAME=~"ila_RX"}]]
run_hw_ila [get_hw_ilas -of_objects [get_hw_devices xc7z100_1] -filter {CELL_NAME=~"ila_RX"}]
INFO: [Labtools 27-1964] The ILA core 'hw_ila_2' trigger was armed at 2020-Jun-15 17:12:41
wait_on_hw_ila [get_hw_ilas -of_objects [get_hw_devices xc7z100_1] -filter {CELL_NAME=~"ila_RX"}]
display_hw_ila_data [upload_hw_ila_data [get_hw_ilas -of_objects [get_hw_devices xc7z100_1] -filter {CELL_NAME=~"ila_RX"}]]
INFO: [Labtools 27-1966] The ILA core 'hw_ila_2' triggered at 2020-Jun-15 17:12:42
INFO: [Labtools 27-3304] ILA Waveform data saved to file G:/QH_WORK/Demo/vivado_prj/demo_rb_64/demo_rb_64/demo_rb_64.hw/backup/hw_ila_data_2.ila. Use Tcl command 'read_hw_ila_data' or Vivado File->Import->Import ILA Data menu item to import the previously saved data.
save_wave_config {G:/QH_WORK/Demo/vivado_prj/demo_rb_64/demo_rb_64/demo_rb_64.hw/hw_1/wave/hw_ila_data_1/hw_ila_data_1.wcfg}
save_wave_config {G:/QH_WORK/Demo/vivado_prj/demo_rb_64/demo_rb_64/demo_rb_64.hw/hw_1/wave/hw_ila_data_2/hw_ila_data_2.wcfg}
close_hw
reset_run synth_1
WARNING: [Vivado 12-1017] Problems encountered:
1. Failed to delete one or more files in run directory G:/QH_WORK/Demo/vivado_prj/demo_rb_64/demo_rb_64/demo_rb_64.runs/synth_1

launch_runs impl_1 -to_step write_bitstream -jobs 6
[Mon Jun 15 17:17:17 2020] Launched synth_1...
Run output will be captured here: G:/QH_WORK/Demo/vivado_prj/demo_rb_64/demo_rb_64/demo_rb_64.runs/synth_1/runme.log
[Mon Jun 15 17:17:17 2020] Launched impl_1...
Run output will be captured here: G:/QH_WORK/Demo/vivado_prj/demo_rb_64/demo_rb_64/demo_rb_64.runs/impl_1/runme.log
open_hw
connect_hw_server
INFO: [Labtools 27-2285] Connecting to hw_server url TCP:localhost:3121
ERROR: [Labtoolstcl 44-494] There is no active target available for server at localhost.
 Targets(s) ", jsn-JTAG-HS1-210249855163jsn-JTAG-HS1-210512180081" may be locked by another hw_server.
disconnect_hw_server localhost:3121
connect_hw_server
INFO: [Labtools 27-2285] Connecting to hw_server url TCP:localhost:3121
open_hw_target
INFO: [Labtoolstcl 44-466] Opening hw_target localhost:3121/xilinx_tcf/Digilent/210512180081
set_property PROGRAM.FILE {G:/QH_WORK/Demo/vivado_prj/demo_rb_64/demo_rb_64/demo_rb_64.runs/impl_1/TOP_RB.bit} [get_hw_devices xc7z100_1]
set_property PROBES.FILE {G:/QH_WORK/Demo/vivado_prj/demo_rb_64/demo_rb_64/demo_rb_64.runs/impl_1/TOP_RB.ltx} [get_hw_devices xc7z100_1]
set_property FULL_PROBES.FILE {G:/QH_WORK/Demo/vivado_prj/demo_rb_64/demo_rb_64/demo_rb_64.runs/impl_1/TOP_RB.ltx} [get_hw_devices xc7z100_1]
current_hw_device [get_hw_devices xc7z100_1]
refresh_hw_device [lindex [get_hw_devices xc7z100_1] 0]
INFO: [Labtools 27-2302] Device xc7z100 (JTAG device index = 1) is programmed with a design that has 2 ILA core(s).
display_hw_ila_data [ get_hw_ila_data hw_ila_data_1 -of_objects [get_hw_ilas -of_objects [get_hw_devices xc7z100_1] -filter {CELL_NAME=~"ila_1_rx"}]]
display_hw_ila_data [ get_hw_ila_data hw_ila_data_2 -of_objects [get_hw_ilas -of_objects [get_hw_devices xc7z100_1] -filter {CELL_NAME=~"ila_RX"}]]
close_hw
open_hw
connect_hw_server
INFO: [Labtools 27-2285] Connecting to hw_server url TCP:localhost:3121
open_hw_target
INFO: [Labtoolstcl 44-466] Opening hw_target localhost:3121/xilinx_tcf/Digilent/210512180081
set_property PROGRAM.FILE {G:/QH_WORK/Demo/vivado_prj/demo_rb_64/demo_rb_64/demo_rb_64.runs/impl_1/TOP_RB.bit} [get_hw_devices xc7z100_1]
set_property PROBES.FILE {G:/QH_WORK/Demo/vivado_prj/demo_rb_64/demo_rb_64/demo_rb_64.runs/impl_1/TOP_RB.ltx} [get_hw_devices xc7z100_1]
set_property FULL_PROBES.FILE {G:/QH_WORK/Demo/vivado_prj/demo_rb_64/demo_rb_64/demo_rb_64.runs/impl_1/TOP_RB.ltx} [get_hw_devices xc7z100_1]
current_hw_device [get_hw_devices xc7z100_1]
refresh_hw_device [lindex [get_hw_devices xc7z100_1] 0]
INFO: [Labtools 27-2302] Device xc7z100 (JTAG device index = 1) is programmed with a design that has 2 ILA core(s).
display_hw_ila_data [ get_hw_ila_data hw_ila_data_1 -of_objects [get_hw_ilas -of_objects [get_hw_devices xc7z100_1] -filter {CELL_NAME=~"ila_1_rx"}]]
display_hw_ila_data [ get_hw_ila_data hw_ila_data_2 -of_objects [get_hw_ilas -of_objects [get_hw_devices xc7z100_1] -filter {CELL_NAME=~"ila_RX"}]]
run_hw_ila [get_hw_ilas -of_objects [get_hw_devices xc7z100_1] -filter {CELL_NAME=~"ila_RX"}]
INFO: [Labtools 27-1964] The ILA core 'hw_ila_2' trigger was armed at 2020-Jun-15 17:26:24
wait_on_hw_ila [get_hw_ilas -of_objects [get_hw_devices xc7z100_1] -filter {CELL_NAME=~"ila_RX"}]
display_hw_ila_data [upload_hw_ila_data [get_hw_ilas -of_objects [get_hw_devices xc7z100_1] -filter {CELL_NAME=~"ila_RX"}]]
INFO: [Labtools 27-1966] The ILA core 'hw_ila_2' triggered at 2020-Jun-15 17:26:24
INFO: [Labtools 27-3304] ILA Waveform data saved to file G:/QH_WORK/Demo/vivado_prj/demo_rb_64/demo_rb_64/demo_rb_64.hw/backup/hw_ila_data_2.ila. Use Tcl command 'read_hw_ila_data' or Vivado File->Import->Import ILA Data menu item to import the previously saved data.
run_hw_ila [get_hw_ilas -of_objects [get_hw_devices xc7z100_1] -filter {CELL_NAME=~"ila_1_rx"}]
INFO: [Labtools 27-1964] The ILA core 'hw_ila_1' trigger was armed at 2020-Jun-15 17:26:38
wait_on_hw_ila [get_hw_ilas -of_objects [get_hw_devices xc7z100_1] -filter {CELL_NAME=~"ila_1_rx"}]
display_hw_ila_data [upload_hw_ila_data [get_hw_ilas -of_objects [get_hw_devices xc7z100_1] -filter {CELL_NAME=~"ila_1_rx"}]]
INFO: [Labtools 27-1966] The ILA core 'hw_ila_1' triggered at 2020-Jun-15 17:26:38
INFO: [Labtools 27-3304] ILA Waveform data saved to file G:/QH_WORK/Demo/vivado_prj/demo_rb_64/demo_rb_64/demo_rb_64.hw/backup/hw_ila_data_1.ila. Use Tcl command 'read_hw_ila_data' or Vivado File->Import->Import ILA Data menu item to import the previously saved data.
set_property PROBES.FILE {G:/QH_WORK/Demo/vivado_prj/demo_rb_64/demo_rb_64/demo_rb_64.runs/impl_1/TOP_RB.ltx} [get_hw_devices xc7z100_1]
set_property FULL_PROBES.FILE {G:/QH_WORK/Demo/vivado_prj/demo_rb_64/demo_rb_64/demo_rb_64.runs/impl_1/TOP_RB.ltx} [get_hw_devices xc7z100_1]
set_property PROGRAM.FILE {G:/QH_WORK/Demo/vivado_prj/demo_rb_64/demo_rb_64/demo_rb_64.runs/impl_1/TOP_RB.bit} [get_hw_devices xc7z100_1]
program_hw_devices [get_hw_devices xc7z100_1]
INFO: [Labtools 27-3164] End of startup status: HIGH
program_hw_devices: Time (s): cpu = 00:00:15 ; elapsed = 00:00:15 . Memory (MB): peak = 3904.355 ; gain = 0.000
refresh_hw_device [lindex [get_hw_devices xc7z100_1] 0]
INFO: [Labtools 27-2302] Device xc7z100 (JTAG device index = 1) is programmed with a design that has 2 ILA core(s).
run_hw_ila [get_hw_ilas -of_objects [get_hw_devices xc7z100_1] -filter {CELL_NAME=~"ila_1_rx"}]
INFO: [Labtools 27-1964] The ILA core 'hw_ila_1' trigger was armed at 2020-Jun-15 17:27:09
wait_on_hw_ila [get_hw_ilas -of_objects [get_hw_devices xc7z100_1] -filter {CELL_NAME=~"ila_1_rx"}]
display_hw_ila_data [upload_hw_ila_data [get_hw_ilas -of_objects [get_hw_devices xc7z100_1] -filter {CELL_NAME=~"ila_1_rx"}]]
INFO: [Labtools 27-1966] The ILA core 'hw_ila_1' triggered at 2020-Jun-15 17:27:09
INFO: [Labtools 27-3304] ILA Waveform data saved to file G:/QH_WORK/Demo/vivado_prj/demo_rb_64/demo_rb_64/demo_rb_64.hw/backup/hw_ila_data_1.ila. Use Tcl command 'read_hw_ila_data' or Vivado File->Import->Import ILA Data menu item to import the previously saved data.
run_hw_ila [get_hw_ilas -of_objects [get_hw_devices xc7z100_1] -filter {CELL_NAME=~"ila_1_rx"}]
INFO: [Labtools 27-1964] The ILA core 'hw_ila_1' trigger was armed at 2020-Jun-15 17:27:16
wait_on_hw_ila [get_hw_ilas -of_objects [get_hw_devices xc7z100_1] -filter {CELL_NAME=~"ila_1_rx"}]
display_hw_ila_data [upload_hw_ila_data [get_hw_ilas -of_objects [get_hw_devices xc7z100_1] -filter {CELL_NAME=~"ila_1_rx"}]]
INFO: [Labtools 27-1966] The ILA core 'hw_ila_1' triggered at 2020-Jun-15 17:27:16
INFO: [Labtools 27-3304] ILA Waveform data saved to file G:/QH_WORK/Demo/vivado_prj/demo_rb_64/demo_rb_64/demo_rb_64.hw/backup/hw_ila_data_1.ila. Use Tcl command 'read_hw_ila_data' or Vivado File->Import->Import ILA Data menu item to import the previously saved data.
run_hw_ila [get_hw_ilas -of_objects [get_hw_devices xc7z100_1] -filter {CELL_NAME=~"ila_RX"}]
INFO: [Labtools 27-1964] The ILA core 'hw_ila_2' trigger was armed at 2020-Jun-15 17:27:27
wait_on_hw_ila [get_hw_ilas -of_objects [get_hw_devices xc7z100_1] -filter {CELL_NAME=~"ila_RX"}]
display_hw_ila_data [upload_hw_ila_data [get_hw_ilas -of_objects [get_hw_devices xc7z100_1] -filter {CELL_NAME=~"ila_RX"}]]
INFO: [Labtools 27-1966] The ILA core 'hw_ila_2' triggered at 2020-Jun-15 17:27:27
INFO: [Labtools 27-3304] ILA Waveform data saved to file G:/QH_WORK/Demo/vivado_prj/demo_rb_64/demo_rb_64/demo_rb_64.hw/backup/hw_ila_data_2.ila. Use Tcl command 'read_hw_ila_data' or Vivado File->Import->Import ILA Data menu item to import the previously saved data.
save_wave_config {G:/QH_WORK/Demo/vivado_prj/demo_rb_64/demo_rb_64/demo_rb_64.hw/hw_1/wave/hw_ila_data_1/hw_ila_data_1.wcfg}
save_wave_config {G:/QH_WORK/Demo/vivado_prj/demo_rb_64/demo_rb_64/demo_rb_64.hw/hw_1/wave/hw_ila_data_2/hw_ila_data_2.wcfg}
close_hw
WARNING: [IP_Flow 19-4067] Ignoring invalid widget type specified checkbox.Providing a default widget
WARNING: [IP_Flow 19-4067] Ignoring invalid widget type specified checkbox.Providing a default widget
set_property -dict [list CONFIG.C_NUM_OF_PROBES {8}] [get_ips ila_1]
WARNING: [IP_Flow 19-4067] Ignoring invalid widget type specified checkbox.Providing a default widget
WARNING: [IP_Flow 19-4067] Ignoring invalid widget type specified checkbox.Providing a default widget
set_property -dict [list CONFIG.C_PROBE7_WIDTH {64} CONFIG.C_PROBE3_WIDTH {32} CONFIG.C_PROBE2_WIDTH {32}] [get_ips ila_1]
generate_target all [get_files  g:/QH_WORK/Demo/vivado_prj/demo_rb_64/demo_rb_64/demo_rb_64.srcs/sources_1/ip/ila_1/ila_1.xci]
INFO: [IP_Flow 19-1686] Generating 'Instantiation Template' target for IP 'ila_1'...
INFO: [IP_Flow 19-1686] Generating 'Synthesis' target for IP 'ila_1'...
WARNING: [IP_Flow 19-4994] Overwriting existing constraint file 'g:/QH_WORK/Demo/vivado_prj/demo_rb_64/demo_rb_64/demo_rb_64.srcs/sources_1/ip/ila_1/ila_1_ooc.xdc'
INFO: [IP_Flow 19-1686] Generating 'Simulation' target for IP 'ila_1'...
INFO: [IP_Flow 19-1686] Generating 'Implementation' target for IP 'ila_1'...
INFO: [IP_Flow 19-1686] Generating 'Change Log' target for IP 'ila_1'...
catch { config_ip_cache -export [get_ips -all ila_1] }
export_ip_user_files -of_objects [get_files g:/QH_WORK/Demo/vivado_prj/demo_rb_64/demo_rb_64/demo_rb_64.srcs/sources_1/ip/ila_1/ila_1.xci] -no_script -sync -force -quiet
reset_run ila_1_synth_1
launch_runs -jobs 6 ila_1_synth_1
[Mon Jun 15 17:34:17 2020] Launched ila_1_synth_1...
Run output will be captured here: G:/QH_WORK/Demo/vivado_prj/demo_rb_64/demo_rb_64/demo_rb_64.runs/ila_1_synth_1/runme.log
export_simulation -of_objects [get_files g:/QH_WORK/Demo/vivado_prj/demo_rb_64/demo_rb_64/demo_rb_64.srcs/sources_1/ip/ila_1/ila_1.xci] -directory G:/QH_WORK/Demo/vivado_prj/demo_rb_64/demo_rb_64/demo_rb_64.ip_user_files/sim_scripts -ip_user_files_dir G:/QH_WORK/Demo/vivado_prj/demo_rb_64/demo_rb_64/demo_rb_64.ip_user_files -ipstatic_source_dir G:/QH_WORK/Demo/vivado_prj/demo_rb_64/demo_rb_64/demo_rb_64.ip_user_files/ipstatic -lib_map_path [list {modelsim=G:/QH_WORK/Demo/vivado_prj/demo_rb_64/demo_rb_64/demo_rb_64.cache/compile_simlib/modelsim} {questa=G:/QH_WORK/Demo/vivado_prj/demo_rb_64/demo_rb_64/demo_rb_64.cache/compile_simlib/questa} {riviera=G:/QH_WORK/Demo/vivado_prj/demo_rb_64/demo_rb_64/demo_rb_64.cache/compile_simlib/riviera} {activehdl=G:/QH_WORK/Demo/vivado_prj/demo_rb_64/demo_rb_64/demo_rb_64.cache/compile_simlib/activehdl}] -use_ip_compiled_libs -force -quiet
reset_run synth_1
WARNING: [Vivado 12-1017] Problems encountered:
1. Failed to delete one or more files in run directory G:/QH_WORK/Demo/vivado_prj/demo_rb_64/demo_rb_64/demo_rb_64.runs/synth_1

launch_runs impl_1 -to_step write_bitstream -jobs 6
[Mon Jun 15 17:37:22 2020] Launched synth_1...
Run output will be captured here: G:/QH_WORK/Demo/vivado_prj/demo_rb_64/demo_rb_64/demo_rb_64.runs/synth_1/runme.log
[Mon Jun 15 17:37:22 2020] Launched impl_1...
Run output will be captured here: G:/QH_WORK/Demo/vivado_prj/demo_rb_64/demo_rb_64/demo_rb_64.runs/impl_1/runme.log
open_hw
connect_hw_server
INFO: [Labtools 27-2285] Connecting to hw_server url TCP:localhost:3121
open_hw_target
INFO: [Labtoolstcl 44-466] Opening hw_target localhost:3121/xilinx_tcf/Digilent/210512180081
set_property PROGRAM.FILE {G:/QH_WORK/Demo/vivado_prj/demo_rb_64/demo_rb_64/demo_rb_64.runs/impl_1/TOP_RB.bit} [get_hw_devices xc7z100_1]
set_property PROBES.FILE {G:/QH_WORK/Demo/vivado_prj/demo_rb_64/demo_rb_64/demo_rb_64.runs/impl_1/TOP_RB.ltx} [get_hw_devices xc7z100_1]
set_property FULL_PROBES.FILE {G:/QH_WORK/Demo/vivado_prj/demo_rb_64/demo_rb_64/demo_rb_64.runs/impl_1/TOP_RB.ltx} [get_hw_devices xc7z100_1]
current_hw_device [get_hw_devices xc7z100_1]
refresh_hw_device [lindex [get_hw_devices xc7z100_1] 0]
INFO: [Labtools 27-2302] Device xc7z100 (JTAG device index = 1) is programmed with a design that has 2 ILA core(s).
WARNING: [Labtools 27-3222] Mismatch between the design programmed into the device xc7z100 (JTAG device index = 1) and the probes file(s) G:/QH_WORK/Demo/vivado_prj/demo_rb_64/demo_rb_64/demo_rb_64.runs/impl_1/TOP_RB.ltx.
 The hw_probe  in the probes file has port index 6. This port does not exist in the ILA core at location (uuid_FE06D2363B555149AB0E918009892F32).
set_property PROBES.FILE {G:/QH_WORK/Demo/vivado_prj/demo_rb_64/demo_rb_64/demo_rb_64.runs/impl_1/TOP_RB.ltx} [get_hw_devices xc7z100_1]
set_property FULL_PROBES.FILE {G:/QH_WORK/Demo/vivado_prj/demo_rb_64/demo_rb_64/demo_rb_64.runs/impl_1/TOP_RB.ltx} [get_hw_devices xc7z100_1]
set_property PROGRAM.FILE {G:/QH_WORK/Demo/vivado_prj/demo_rb_64/demo_rb_64/demo_rb_64.runs/impl_1/TOP_RB.bit} [get_hw_devices xc7z100_1]
program_hw_devices [get_hw_devices xc7z100_1]
INFO: [Labtools 27-3164] End of startup status: HIGH
program_hw_devices: Time (s): cpu = 00:00:15 ; elapsed = 00:00:15 . Memory (MB): peak = 3904.355 ; gain = 0.000
refresh_hw_device [lindex [get_hw_devices xc7z100_1] 0]
INFO: [Labtools 27-2302] Device xc7z100 (JTAG device index = 1) is programmed with a design that has 2 ILA core(s).
display_hw_ila_data [ get_hw_ila_data hw_ila_data_1 -of_objects [get_hw_ilas -of_objects [get_hw_devices xc7z100_1] -filter {CELL_NAME=~"ila_1_rx"}]]
WARNING: Simulation object idataInCtrl[1]__0 was not found in the design.
WARNING: Simulation object idataInCtrl[2]__0 was not found in the design.
display_hw_ila_data [ get_hw_ila_data hw_ila_data_2 -of_objects [get_hw_ilas -of_objects [get_hw_devices xc7z100_1] -filter {CELL_NAME=~"ila_RX"}]]
add_wave -into {hw_ila_data_1.wcfg} -radix hex { {chnnal} {DATA_IN[0]__0} {DATA_IN[1]__0} {idataInCtrl[0]__0} {idataInCtrl[3]__0} {read_len} {Rx_flage} {rx_parity} }
set_property TRIGGER_COMPARE_VALUE eq1'bR [get_hw_probes Rx_flage -of_objects [get_hw_ilas -of_objects [get_hw_devices xc7z100_1] -filter {CELL_NAME=~"ila_1_rx"}]]
run_hw_ila [get_hw_ilas -of_objects [get_hw_devices xc7z100_1] -filter {CELL_NAME=~"ila_1_rx"}]
INFO: [Labtools 27-1964] The ILA core 'hw_ila_1' trigger was armed at 2020-Jun-15 18:09:24
wait_on_hw_ila [get_hw_ilas -of_objects [get_hw_devices xc7z100_1] -filter {CELL_NAME=~"ila_1_rx"}]
display_hw_ila_data [upload_hw_ila_data [get_hw_ilas -of_objects [get_hw_devices xc7z100_1] -filter {CELL_NAME=~"ila_1_rx"}]]
INFO: [Labtools 27-1966] The ILA core 'hw_ila_1' triggered at 2020-Jun-15 18:09:24
INFO: [Labtools 27-3304] ILA Waveform data saved to file G:/QH_WORK/Demo/vivado_prj/demo_rb_64/demo_rb_64/demo_rb_64.hw/backup/hw_ila_data_1.ila. Use Tcl command 'read_hw_ila_data' or Vivado File->Import->Import ILA Data menu item to import the previously saved data.
run_hw_ila [get_hw_ilas -of_objects [get_hw_devices xc7z100_1] -filter {CELL_NAME=~"ila_RX"}]
INFO: [Labtools 27-1964] The ILA core 'hw_ila_2' trigger was armed at 2020-Jun-15 18:10:21
wait_on_hw_ila [get_hw_ilas -of_objects [get_hw_devices xc7z100_1] -filter {CELL_NAME=~"ila_RX"}]
display_hw_ila_data [upload_hw_ila_data [get_hw_ilas -of_objects [get_hw_devices xc7z100_1] -filter {CELL_NAME=~"ila_RX"}]]
INFO: [Labtools 27-1966] The ILA core 'hw_ila_2' triggered at 2020-Jun-15 18:10:21
INFO: [Labtools 27-3304] ILA Waveform data saved to file G:/QH_WORK/Demo/vivado_prj/demo_rb_64/demo_rb_64/demo_rb_64.hw/backup/hw_ila_data_2.ila. Use Tcl command 'read_hw_ila_data' or Vivado File->Import->Import ILA Data menu item to import the previously saved data.
set_property TRIGGER_COMPARE_VALUE eq1'bX [get_hw_probes Rx_flage -of_objects [get_hw_ilas -of_objects [get_hw_devices xc7z100_1] -filter {CELL_NAME=~"ila_1_rx"}]]
run_hw_ila [get_hw_ilas -of_objects [get_hw_devices xc7z100_1] -filter {CELL_NAME=~"ila_1_rx"}]
INFO: [Labtools 27-1964] The ILA core 'hw_ila_1' trigger was armed at 2020-Jun-15 18:12:37
wait_on_hw_ila [get_hw_ilas -of_objects [get_hw_devices xc7z100_1] -filter {CELL_NAME=~"ila_1_rx"}]
display_hw_ila_data [upload_hw_ila_data [get_hw_ilas -of_objects [get_hw_devices xc7z100_1] -filter {CELL_NAME=~"ila_1_rx"}]]
INFO: [Labtools 27-1966] The ILA core 'hw_ila_1' triggered at 2020-Jun-15 18:12:37
INFO: [Labtools 27-3304] ILA Waveform data saved to file G:/QH_WORK/Demo/vivado_prj/demo_rb_64/demo_rb_64/demo_rb_64.hw/backup/hw_ila_data_1.ila. Use Tcl command 'read_hw_ila_data' or Vivado File->Import->Import ILA Data menu item to import the previously saved data.
set_property TRIGGER_COMPARE_VALUE eq1'bR [get_hw_probes Rx_flage -of_objects [get_hw_ilas -of_objects [get_hw_devices xc7z100_1] -filter {CELL_NAME=~"ila_1_rx"}]]
run_hw_ila [get_hw_ilas -of_objects [get_hw_devices xc7z100_1] -filter {CELL_NAME=~"ila_1_rx"}]
INFO: [Labtools 27-1964] The ILA core 'hw_ila_1' trigger was armed at 2020-Jun-15 18:12:56
wait_on_hw_ila [get_hw_ilas -of_objects [get_hw_devices xc7z100_1] -filter {CELL_NAME=~"ila_1_rx"}]
display_hw_ila_data [upload_hw_ila_data [get_hw_ilas -of_objects [get_hw_devices xc7z100_1] -filter {CELL_NAME=~"ila_1_rx"}]]
INFO: [Labtools 27-1966] The ILA core 'hw_ila_1' triggered at 2020-Jun-15 18:12:56
INFO: [Labtools 27-3304] ILA Waveform data saved to file G:/QH_WORK/Demo/vivado_prj/demo_rb_64/demo_rb_64/demo_rb_64.hw/backup/hw_ila_data_1.ila. Use Tcl command 'read_hw_ila_data' or Vivado File->Import->Import ILA Data menu item to import the previously saved data.
run_hw_ila [get_hw_ilas -of_objects [get_hw_devices xc7z100_1] -filter {CELL_NAME=~"ila_1_rx"}]
INFO: [Labtools 27-1964] The ILA core 'hw_ila_1' trigger was armed at 2020-Jun-15 18:13:18
wait_on_hw_ila [get_hw_ilas -of_objects [get_hw_devices xc7z100_1] -filter {CELL_NAME=~"ila_1_rx"}]
display_hw_ila_data [upload_hw_ila_data [get_hw_ilas -of_objects [get_hw_devices xc7z100_1] -filter {CELL_NAME=~"ila_1_rx"}]]
INFO: [Labtools 27-1966] The ILA core 'hw_ila_1' triggered at 2020-Jun-15 18:13:18
INFO: [Labtools 27-3304] ILA Waveform data saved to file G:/QH_WORK/Demo/vivado_prj/demo_rb_64/demo_rb_64/demo_rb_64.hw/backup/hw_ila_data_1.ila. Use Tcl command 'read_hw_ila_data' or Vivado File->Import->Import ILA Data menu item to import the previously saved data.
run_hw_ila [get_hw_ilas -of_objects [get_hw_devices xc7z100_1] -filter {CELL_NAME=~"ila_1_rx"}] -trigger_now
INFO: [Labtools 27-1964] The ILA core 'hw_ila_1' trigger was armed at 2020-Jun-15 18:13:22
wait_on_hw_ila [get_hw_ilas -of_objects [get_hw_devices xc7z100_1] -filter {CELL_NAME=~"ila_1_rx"}]
display_hw_ila_data [upload_hw_ila_data [get_hw_ilas -of_objects [get_hw_devices xc7z100_1] -filter {CELL_NAME=~"ila_1_rx"}]]
INFO: [Labtools 27-1966] The ILA core 'hw_ila_1' triggered at 2020-Jun-15 18:13:22
INFO: [Labtools 27-3304] ILA Waveform data saved to file G:/QH_WORK/Demo/vivado_prj/demo_rb_64/demo_rb_64/demo_rb_64.hw/backup/hw_ila_data_1.ila. Use Tcl command 'read_hw_ila_data' or Vivado File->Import->Import ILA Data menu item to import the previously saved data.
run_hw_ila [get_hw_ilas -of_objects [get_hw_devices xc7z100_1] -filter {CELL_NAME=~"ila_1_rx"}]
INFO: [Labtools 27-1964] The ILA core 'hw_ila_1' trigger was armed at 2020-Jun-15 18:13:31
wait_on_hw_ila [get_hw_ilas -of_objects [get_hw_devices xc7z100_1] -filter {CELL_NAME=~"ila_1_rx"}]
display_hw_ila_data [upload_hw_ila_data [get_hw_ilas -of_objects [get_hw_devices xc7z100_1] -filter {CELL_NAME=~"ila_1_rx"}]]
INFO: [Labtools 27-1966] The ILA core 'hw_ila_1' triggered at 2020-Jun-15 18:13:31
INFO: [Labtools 27-3304] ILA Waveform data saved to file G:/QH_WORK/Demo/vivado_prj/demo_rb_64/demo_rb_64/demo_rb_64.hw/backup/hw_ila_data_1.ila. Use Tcl command 'read_hw_ila_data' or Vivado File->Import->Import ILA Data menu item to import the previously saved data.
save_wave_config {G:/QH_WORK/Demo/vivado_prj/demo_rb_64/demo_rb_64/demo_rb_64.hw/hw_1/wave/hw_ila_data_1/hw_ila_data_1.wcfg}
save_wave_config {G:/QH_WORK/Demo/vivado_prj/demo_rb_64/demo_rb_64/demo_rb_64.hw/hw_1/wave/hw_ila_data_2/hw_ila_data_2.wcfg}
exit
INFO: [Common 17-206] Exiting Vivado at Mon Jun 15 18:15:05 2020...
