
*** Running vivado
    with args -log TOP_RB.vdi -applog -m64 -product Vivado -messageDb vivado.pb -mode batch -source TOP_RB.tcl -notrace


****** Vivado v2018.3 (64-bit)
  **** SW Build 2405991 on Thu Dec  6 23:38:27 MST 2018
  **** IP Build 2404404 on Fri Dec  7 01:43:56 MST 2018
    ** Copyright 1986-2018 Xilinx, Inc. All Rights Reserved.

source TOP_RB.tcl -notrace
Command: link_design -top TOP_RB -part xc7z100ffg900-2
Design is defaulting to srcset: sources_1
Design is defaulting to constrset: constrs_1
INFO: [Project 1-454] Reading design checkpoint 'g:/QH_WORK/Demo/vivado_prj/demo_rb_64/demo_rb_64/demo_rb_64.srcs/sources_1/ip/ila_1/ila_1.dcp' for cell 'ila_1_rx'
INFO: [Project 1-454] Reading design checkpoint 'g:/QH_WORK/Demo/vivado_prj/demo_rb_64/demo_rb_64/demo_rb_64.srcs/sources_1/ip/ila_0/ila_0.dcp' for cell 'ila_RX'
INFO: [Netlist 29-17] Analyzing 958 Unisim elements for replacement
INFO: [Netlist 29-28] Unisim Transformation completed in 0 CPU seconds
INFO: [Project 1-479] Netlist was created with Vivado 2018.3
INFO: [Device 21-403] Loading part xc7z100ffg900-2
INFO: [Project 1-570] Preparing netlist for logic optimization
INFO: [Chipscope 16-324] Core: ila_1_rx UUID: fe06d236-3b55-5149-ab0e-918009892f32 
INFO: [Chipscope 16-324] Core: ila_1_tx UUID: 6e458348-5333-5ea8-a3c9-159b219c0c83 
INFO: [Chipscope 16-324] Core: ila_RX UUID: 72cc72f7-85d6-5fdd-a1fc-fc47dc5c57f7 
Parsing XDC File [g:/QH_WORK/Demo/vivado_prj/demo_rb_64/demo_rb_64/demo_rb_64.srcs/sources_1/ip/aurora_64b66b_0/aurora_64b66b_0.xdc] for cell 'aurora_64b66b_rb/inst'
Finished Parsing XDC File [g:/QH_WORK/Demo/vivado_prj/demo_rb_64/demo_rb_64/demo_rb_64.srcs/sources_1/ip/aurora_64b66b_0/aurora_64b66b_0.xdc] for cell 'aurora_64b66b_rb/inst'
Parsing XDC File [g:/QH_WORK/Demo/vivado_prj/demo_rb_64/demo_rb_64/demo_rb_64.srcs/sources_1/ip/ila_0/ila_v6_2/constraints/ila_impl.xdc] for cell 'ila_RX/inst'
Finished Parsing XDC File [g:/QH_WORK/Demo/vivado_prj/demo_rb_64/demo_rb_64/demo_rb_64.srcs/sources_1/ip/ila_0/ila_v6_2/constraints/ila_impl.xdc] for cell 'ila_RX/inst'
Parsing XDC File [g:/QH_WORK/Demo/vivado_prj/demo_rb_64/demo_rb_64/demo_rb_64.srcs/sources_1/ip/ila_0/ila_v6_2/constraints/ila.xdc] for cell 'ila_RX/inst'
Finished Parsing XDC File [g:/QH_WORK/Demo/vivado_prj/demo_rb_64/demo_rb_64/demo_rb_64.srcs/sources_1/ip/ila_0/ila_v6_2/constraints/ila.xdc] for cell 'ila_RX/inst'
Parsing XDC File [g:/QH_WORK/Demo/vivado_prj/demo_rb_64/demo_rb_64/demo_rb_64.srcs/sources_1/ip/ila_1/ila_v6_2/constraints/ila_impl.xdc] for cell 'ila_1_rx/inst'
Finished Parsing XDC File [g:/QH_WORK/Demo/vivado_prj/demo_rb_64/demo_rb_64/demo_rb_64.srcs/sources_1/ip/ila_1/ila_v6_2/constraints/ila_impl.xdc] for cell 'ila_1_rx/inst'
Parsing XDC File [g:/QH_WORK/Demo/vivado_prj/demo_rb_64/demo_rb_64/demo_rb_64.srcs/sources_1/ip/ila_1/ila_v6_2/constraints/ila_impl.xdc] for cell 'ila_1_tx/inst'
Finished Parsing XDC File [g:/QH_WORK/Demo/vivado_prj/demo_rb_64/demo_rb_64/demo_rb_64.srcs/sources_1/ip/ila_1/ila_v6_2/constraints/ila_impl.xdc] for cell 'ila_1_tx/inst'
Parsing XDC File [g:/QH_WORK/Demo/vivado_prj/demo_rb_64/demo_rb_64/demo_rb_64.srcs/sources_1/ip/ila_1/ila_v6_2/constraints/ila.xdc] for cell 'ila_1_rx/inst'
Finished Parsing XDC File [g:/QH_WORK/Demo/vivado_prj/demo_rb_64/demo_rb_64/demo_rb_64.srcs/sources_1/ip/ila_1/ila_v6_2/constraints/ila.xdc] for cell 'ila_1_rx/inst'
Parsing XDC File [g:/QH_WORK/Demo/vivado_prj/demo_rb_64/demo_rb_64/demo_rb_64.srcs/sources_1/ip/ila_1/ila_v6_2/constraints/ila.xdc] for cell 'ila_1_tx/inst'
Finished Parsing XDC File [g:/QH_WORK/Demo/vivado_prj/demo_rb_64/demo_rb_64/demo_rb_64.srcs/sources_1/ip/ila_1/ila_v6_2/constraints/ila.xdc] for cell 'ila_1_tx/inst'
Parsing XDC File [G:/QH_WORK/Demo/vivado_prj/demo_rb_64/demo_rb_64/demo_rb_64.srcs/constrs_1/new/TOP_PIN.xdc]
Finished Parsing XDC File [G:/QH_WORK/Demo/vivado_prj/demo_rb_64/demo_rb_64/demo_rb_64.srcs/constrs_1/new/TOP_PIN.xdc]
Parsing XDC File [g:/QH_WORK/Demo/vivado_prj/demo_rb_64/demo_rb_64/demo_rb_64.srcs/sources_1/ip/aurora_64b66b_0/aurora_64b66b_0_clocks.xdc] for cell 'aurora_64b66b_rb/inst'
Finished Parsing XDC File [g:/QH_WORK/Demo/vivado_prj/demo_rb_64/demo_rb_64/demo_rb_64.srcs/sources_1/ip/aurora_64b66b_0/aurora_64b66b_0_clocks.xdc] for cell 'aurora_64b66b_rb/inst'
INFO: [Opt 31-138] Pushed 0 inverter(s) to 0 load pin(s).
Netlist sorting complete. Time (s): cpu = 00:00:00 ; elapsed = 00:00:00.011 . Memory (MB): peak = 933.465 ; gain = 0.000
INFO: [Project 1-111] Unisim Transformation Summary:
  A total of 568 instances were transformed.
  CFGLUT5 => CFGLUT5 (SRLC32E, SRL16E): 568 instances

12 Infos, 0 Warnings, 0 Critical Warnings and 0 Errors encountered.
link_design completed successfully
link_design: Time (s): cpu = 00:00:16 ; elapsed = 00:00:17 . Memory (MB): peak = 933.465 ; gain = 521.543
INFO: [Common 17-600] The following parameters have non-default value.
tcl.collectionResultDisplayLimit
Command: opt_design
Attempting to get a license for feature 'Implementation' and/or device 'xc7z100'
INFO: [Common 17-349] Got license for feature 'Implementation' and/or device 'xc7z100'
Running DRC as a precondition to command opt_design

Starting DRC Task
INFO: [DRC 23-27] Running DRC with 2 threads
INFO: [Project 1-461] DRC finished with 0 Errors
INFO: [Project 1-462] Please refer to the DRC report (report_drc) for more information.

Time (s): cpu = 00:00:02 ; elapsed = 00:00:00.897 . Memory (MB): peak = 941.676 ; gain = 8.188

Starting Cache Timing Information Task
INFO: [Timing 38-35] Done setting XDC timing constraints.
INFO: [Timing 38-2] Deriving generated clocks
Ending Cache Timing Information Task | Checksum: 202d659cc

Time (s): cpu = 00:00:11 ; elapsed = 00:00:11 . Memory (MB): peak = 1548.477 ; gain = 606.801

Starting Logic Optimization Task

Phase 1 Generate And Synthesize Debug Cores
INFO: [Chipscope 16-329] Generating Script for core instance : dbg_hub 
INFO: [IP_Flow 19-3806] Processing IP xilinx.com:ip:xsdbm:3.0 for cell dbg_hub_CV.
INFO: [Chipscope 16-220] Re-using generated and synthesized IP, "xilinx.com:ip:xsdbm:3.0", from Vivado IP cache entry "fdf173965cdc9a31".
Netlist sorting complete. Time (s): cpu = 00:00:00 ; elapsed = 00:00:00.044 . Memory (MB): peak = 1665.281 ; gain = 0.000
Phase 1 Generate And Synthesize Debug Cores | Checksum: 193947e96

Time (s): cpu = 00:00:04 ; elapsed = 00:00:14 . Memory (MB): peak = 1665.281 ; gain = 15.313

Phase 2 Retarget
INFO: [Opt 31-138] Pushed 3 inverter(s) to 12 load pin(s).
INFO: [Opt 31-49] Retargeted 0 cell(s).
Phase 2 Retarget | Checksum: 20415e31c

Time (s): cpu = 00:00:06 ; elapsed = 00:00:16 . Memory (MB): peak = 1665.281 ; gain = 15.313
INFO: [Opt 31-389] Phase Retarget created 198 cells and removed 2211 cells
INFO: [Opt 31-1021] In phase Retarget, 775 netlist objects are constrained preventing optimization. Please run opt_design with -debug_log to get more detail. 

Phase 3 Constant propagation
INFO: [Opt 31-138] Pushed 0 inverter(s) to 0 load pin(s).
Phase 3 Constant propagation | Checksum: 169d5d400

Time (s): cpu = 00:00:06 ; elapsed = 00:00:16 . Memory (MB): peak = 1665.281 ; gain = 15.313
INFO: [Opt 31-389] Phase Constant propagation created 12 cells and removed 81 cells
INFO: [Opt 31-1021] In phase Constant propagation, 719 netlist objects are constrained preventing optimization. Please run opt_design with -debug_log to get more detail. 

Phase 4 Sweep
Phase 4 Sweep | Checksum: 218d2384f

Time (s): cpu = 00:00:07 ; elapsed = 00:00:17 . Memory (MB): peak = 1665.281 ; gain = 15.313
INFO: [Opt 31-389] Phase Sweep created 0 cells and removed 178 cells
INFO: [Opt 31-1021] In phase Sweep, 2363 netlist objects are constrained preventing optimization. Please run opt_design with -debug_log to get more detail. 

Phase 5 BUFG optimization
INFO: [Opt 31-194] Inserted BUFG aurora_64b66b_rb/inst/clock_module_i/user_clk_i_BUFG_inst to drive 0 load(s) on clock net aurora_64b66b_rb/inst/clock_module_i/user_clk_i_BUFG
INFO: [Opt 31-194] Inserted BUFG aurora_64b66b_rb/inst/clock_module_i/sync_clk_i_BUFG_inst to drive 0 load(s) on clock net aurora_64b66b_rb/inst/clock_module_i/sync_clk_i_BUFG
INFO: [Opt 31-193] Inserted 2 BUFG(s) on clock nets
INFO: [Opt 31-274] Optimized connectivity to 1 cascaded buffer cells
Phase 5 BUFG optimization | Checksum: 21c1593eb

Time (s): cpu = 00:00:07 ; elapsed = 00:00:18 . Memory (MB): peak = 1665.281 ; gain = 15.313
INFO: [Opt 31-662] Phase BUFG optimization created 0 cells of which 0 are BUFGs and removed 1 cells.

Phase 6 Shift Register Optimization
Phase 6 Shift Register Optimization | Checksum: 23c2bf5d7

Time (s): cpu = 00:00:09 ; elapsed = 00:00:19 . Memory (MB): peak = 1665.281 ; gain = 15.313
INFO: [Opt 31-389] Phase Shift Register Optimization created 0 cells and removed 0 cells

Phase 7 Post Processing Netlist
Phase 7 Post Processing Netlist | Checksum: 1ed4b4c23

Time (s): cpu = 00:00:09 ; elapsed = 00:00:19 . Memory (MB): peak = 1665.281 ; gain = 15.313
INFO: [Opt 31-389] Phase Post Processing Netlist created 0 cells and removed 0 cells
INFO: [Opt 31-1021] In phase Post Processing Netlist, 70 netlist objects are constrained preventing optimization. Please run opt_design with -debug_log to get more detail. 
Opt_design Change Summary
=========================


-------------------------------------------------------------------------------------------------------------------------
|  Phase                        |  #Cells created  |  #Cells Removed  |  #Constrained objects preventing optimizations  |
-------------------------------------------------------------------------------------------------------------------------
|  Retarget                     |             198  |            2211  |                                            775  |
|  Constant propagation         |              12  |              81  |                                            719  |
|  Sweep                        |               0  |             178  |                                           2363  |
|  BUFG optimization            |               0  |               1  |                                              0  |
|  Shift Register Optimization  |               0  |               0  |                                              0  |
|  Post Processing Netlist      |               0  |               0  |                                             70  |
-------------------------------------------------------------------------------------------------------------------------



Starting Connectivity Check Task

Time (s): cpu = 00:00:00 ; elapsed = 00:00:00.035 . Memory (MB): peak = 1665.281 ; gain = 0.000
Ending Logic Optimization Task | Checksum: 1c2748e2c

Time (s): cpu = 00:00:09 ; elapsed = 00:00:19 . Memory (MB): peak = 1665.281 ; gain = 15.313

Starting Power Optimization Task
INFO: [Pwropt 34-132] Skipping clock gating for clocks with a period < 2.00 ns.
INFO: [Timing 38-35] Done setting XDC timing constraints.
INFO: [Pwropt 34-9] Applying IDT optimizations ...
INFO: [Pwropt 34-10] Applying ODC optimizations ...
INFO: [Physopt 32-619] Estimated Timing Summary | WNS=3.936 | TNS=0.000 |
Running Vector-less Activity Propagation...

Finished Running Vector-less Activity Propagation


Starting PowerOpt Patch Enables Task
INFO: [Pwropt 34-162] WRITE_MODE attribute of 0 BRAM(s) out of a total of 27 has been updated to save power. Run report_power_opt to get a complete listing of the BRAMs updated.
INFO: [Pwropt 34-201] Structural ODC has moved 0 WE to EN ports
Number of BRAM Ports augmented: 27 newly gated: 0 Total Ports: 54
Ending PowerOpt Patch Enables Task | Checksum: 19ff63345

Time (s): cpu = 00:00:00 ; elapsed = 00:00:00.207 . Memory (MB): peak = 1914.363 ; gain = 0.000
Ending Power Optimization Task | Checksum: 19ff63345

Time (s): cpu = 00:00:12 ; elapsed = 00:00:06 . Memory (MB): peak = 1914.363 ; gain = 249.082

Starting Final Cleanup Task
Ending Final Cleanup Task | Checksum: 19ff63345

Time (s): cpu = 00:00:00 ; elapsed = 00:00:00 . Memory (MB): peak = 1914.363 ; gain = 0.000

Starting Netlist Obfuscation Task
Netlist sorting complete. Time (s): cpu = 00:00:00 ; elapsed = 00:00:00.021 . Memory (MB): peak = 1914.363 ; gain = 0.000
Ending Netlist Obfuscation Task | Checksum: 17eb7fe49

Time (s): cpu = 00:00:00 ; elapsed = 00:00:00.021 . Memory (MB): peak = 1914.363 ; gain = 0.000
INFO: [Common 17-83] Releasing license: Implementation
50 Infos, 0 Warnings, 0 Critical Warnings and 0 Errors encountered.
opt_design completed successfully
opt_design: Time (s): cpu = 00:00:35 ; elapsed = 00:00:39 . Memory (MB): peak = 1914.363 ; gain = 980.898
INFO: [Common 17-600] The following parameters have non-default value.
tcl.collectionResultDisplayLimit
Netlist sorting complete. Time (s): cpu = 00:00:00 ; elapsed = 00:00:00.012 . Memory (MB): peak = 1914.363 ; gain = 0.000
INFO: [Timing 38-480] Writing timing data to binary archive.
Writing placer database...
Writing XDEF routing.
Writing XDEF routing logical nets.
Writing XDEF routing special nets.
Write XDEF Complete: Time (s): cpu = 00:00:00 ; elapsed = 00:00:00.048 . Memory (MB): peak = 1914.363 ; gain = 0.000
Netlist sorting complete. Time (s): cpu = 00:00:00 ; elapsed = 00:00:00.012 . Memory (MB): peak = 1914.363 ; gain = 0.000
INFO: [Common 17-1381] The checkpoint 'G:/QH_WORK/Demo/vivado_prj/demo_rb_64/demo_rb_64/demo_rb_64.runs/impl_1/TOP_RB_opt.dcp' has been generated.
INFO: [runtcl-4] Executing : report_drc -file TOP_RB_drc_opted.rpt -pb TOP_RB_drc_opted.pb -rpx TOP_RB_drc_opted.rpx
Command: report_drc -file TOP_RB_drc_opted.rpt -pb TOP_RB_drc_opted.pb -rpx TOP_RB_drc_opted.rpx
INFO: [IP_Flow 19-1839] IP Catalog is up to date.
INFO: [DRC 23-27] Running DRC with 2 threads
INFO: [Coretcl 2-168] The results of DRC are in file G:/QH_WORK/Demo/vivado_prj/demo_rb_64/demo_rb_64/demo_rb_64.runs/impl_1/TOP_RB_drc_opted.rpt.
report_drc completed successfully
INFO: [Chipscope 16-240] Debug cores have already been implemented
Command: place_design
Attempting to get a license for feature 'Implementation' and/or device 'xc7z100'
INFO: [Common 17-349] Got license for feature 'Implementation' and/or device 'xc7z100'
INFO: [DRC 23-27] Running DRC with 2 threads
INFO: [Vivado_Tcl 4-198] DRC finished with 0 Errors
INFO: [Vivado_Tcl 4-199] Please refer to the DRC report (report_drc) for more information.
Running DRC as a precondition to command place_design
INFO: [DRC 23-27] Running DRC with 2 threads
INFO: [Vivado_Tcl 4-198] DRC finished with 0 Errors
INFO: [Vivado_Tcl 4-199] Please refer to the DRC report (report_drc) for more information.

Starting Placer Task
INFO: [Place 30-611] Multithreading enabled for place_design using a maximum of 2 CPUs

Phase 1 Placer Initialization

Phase 1.1 Placer Initialization Netlist Sorting
Netlist sorting complete. Time (s): cpu = 00:00:00 ; elapsed = 00:00:00.012 . Memory (MB): peak = 1914.363 ; gain = 0.000
Phase 1.1 Placer Initialization Netlist Sorting | Checksum: 1666d616f

Time (s): cpu = 00:00:00 ; elapsed = 00:00:00.017 . Memory (MB): peak = 1914.363 ; gain = 0.000
Netlist sorting complete. Time (s): cpu = 00:00:00 ; elapsed = 00:00:00.011 . Memory (MB): peak = 1914.363 ; gain = 0.000

Phase 1.2 IO Placement/ Clock Placement/ Build Placer Device
INFO: [Timing 38-35] Done setting XDC timing constraints.
Phase 1.2 IO Placement/ Clock Placement/ Build Placer Device | Checksum: 1728a1ada

Time (s): cpu = 00:00:06 ; elapsed = 00:00:04 . Memory (MB): peak = 1914.363 ; gain = 0.000

Phase 1.3 Build Placer Netlist Model
Phase 1.3 Build Placer Netlist Model | Checksum: 24e7c5bca

Time (s): cpu = 00:00:14 ; elapsed = 00:00:09 . Memory (MB): peak = 1914.363 ; gain = 0.000

Phase 1.4 Constrain Clocks/Macros
Phase 1.4 Constrain Clocks/Macros | Checksum: 24e7c5bca

Time (s): cpu = 00:00:14 ; elapsed = 00:00:09 . Memory (MB): peak = 1914.363 ; gain = 0.000
Phase 1 Placer Initialization | Checksum: 24e7c5bca

Time (s): cpu = 00:00:14 ; elapsed = 00:00:09 . Memory (MB): peak = 1914.363 ; gain = 0.000

Phase 2 Global Placement

Phase 2.1 Floorplanning
Phase 2.1 Floorplanning | Checksum: 1eeeac686

Time (s): cpu = 00:00:15 ; elapsed = 00:00:10 . Memory (MB): peak = 1914.363 ; gain = 0.000

Phase 2.2 Physical Synthesis In Placer
INFO: [Physopt 32-65] No nets found for high-fanout optimization.
INFO: [Physopt 32-232] Optimized 0 net. Created 0 new instance.
INFO: [Physopt 32-775] End 1 Pass. Optimized 0 net or cell. Created 0 new cell, deleted 0 existing cell and moved 0 existing cell
INFO: [Physopt 32-670] No setup violation found.  DSP Register Optimization was not performed.
INFO: [Physopt 32-670] No setup violation found.  Shift Register Optimization was not performed.
INFO: [Physopt 32-670] No setup violation found.  BRAM Register Optimization was not performed.
INFO: [Physopt 32-949] No candidate nets found for HD net replication
INFO: [Physopt 32-775] End 1 Pass. Optimized 0 net or cell. Created 0 new cell, deleted 0 existing cell and moved 0 existing cell
Netlist sorting complete. Time (s): cpu = 00:00:00 ; elapsed = 00:00:00.011 . Memory (MB): peak = 1914.363 ; gain = 0.000

Summary of Physical Synthesis Optimizations
============================================


----------------------------------------------------------------------------------------------------------------------------------------
|  Optimization                  |  Added Cells  |  Removed Cells  |  Optimized Cells/Nets  |  Dont Touch  |  Iterations  |  Elapsed   |
----------------------------------------------------------------------------------------------------------------------------------------
|  Very High Fanout              |            0  |              0  |                     0  |           0  |           1  |  00:00:00  |
|  DSP Register                  |            0  |              0  |                     0  |           0  |           0  |  00:00:00  |
|  Shift Register                |            0  |              0  |                     0  |           0  |           0  |  00:00:00  |
|  BRAM Register                 |            0  |              0  |                     0  |           0  |           0  |  00:00:00  |
|  HD Interface Net Replication  |            0  |              0  |                     0  |           0  |           1  |  00:00:00  |
|  Total                         |            0  |              0  |                     0  |           0  |           2  |  00:00:00  |
----------------------------------------------------------------------------------------------------------------------------------------


Phase 2.2 Physical Synthesis In Placer | Checksum: 1ee4a2386

Time (s): cpu = 00:00:36 ; elapsed = 00:00:25 . Memory (MB): peak = 1914.363 ; gain = 0.000
Phase 2 Global Placement | Checksum: 18aecb7cf

Time (s): cpu = 00:00:38 ; elapsed = 00:00:26 . Memory (MB): peak = 1914.363 ; gain = 0.000

Phase 3 Detail Placement

Phase 3.1 Commit Multi Column Macros
Phase 3.1 Commit Multi Column Macros | Checksum: 18aecb7cf

Time (s): cpu = 00:00:38 ; elapsed = 00:00:26 . Memory (MB): peak = 1914.363 ; gain = 0.000

Phase 3.2 Commit Most Macros & LUTRAMs
Phase 3.2 Commit Most Macros & LUTRAMs | Checksum: 214451ab4

Time (s): cpu = 00:00:41 ; elapsed = 00:00:28 . Memory (MB): peak = 1914.363 ; gain = 0.000

Phase 3.3 Area Swap Optimization
Phase 3.3 Area Swap Optimization | Checksum: 1b4ae740f

Time (s): cpu = 00:00:41 ; elapsed = 00:00:28 . Memory (MB): peak = 1914.363 ; gain = 0.000

Phase 3.4 Pipeline Register Optimization
Phase 3.4 Pipeline Register Optimization | Checksum: 20503e6b3

Time (s): cpu = 00:00:41 ; elapsed = 00:00:28 . Memory (MB): peak = 1914.363 ; gain = 0.000

Phase 3.5 Small Shape Detail Placement
Phase 3.5 Small Shape Detail Placement | Checksum: 20f57c2ab

Time (s): cpu = 00:00:46 ; elapsed = 00:00:33 . Memory (MB): peak = 1914.363 ; gain = 0.000

Phase 3.6 Re-assign LUT pins
Phase 3.6 Re-assign LUT pins | Checksum: 20a63c0ea

Time (s): cpu = 00:00:47 ; elapsed = 00:00:33 . Memory (MB): peak = 1914.363 ; gain = 0.000

Phase 3.7 Pipeline Register Optimization
Phase 3.7 Pipeline Register Optimization | Checksum: 17ca444c7

Time (s): cpu = 00:00:47 ; elapsed = 00:00:34 . Memory (MB): peak = 1914.363 ; gain = 0.000
Phase 3 Detail Placement | Checksum: 17ca444c7

Time (s): cpu = 00:00:47 ; elapsed = 00:00:34 . Memory (MB): peak = 1914.363 ; gain = 0.000

Phase 4 Post Placement Optimization and Clean-Up

Phase 4.1 Post Commit Optimization
INFO: [Timing 38-35] Done setting XDC timing constraints.

Phase 4.1.1 Post Placement Optimization
Post Placement Optimization Initialization | Checksum: fd2ff8a0

Phase 4.1.1.1 BUFG Insertion
INFO: [Place 46-46] BUFG insertion identified 0 candidate nets, 0 success, 0 bufg driver replicated, 0 skipped for placement/routing, 0 skipped for timing, 0 skipped for netlist change reason
Phase 4.1.1.1 BUFG Insertion | Checksum: fd2ff8a0

Time (s): cpu = 00:00:52 ; elapsed = 00:00:37 . Memory (MB): peak = 1914.363 ; gain = 0.000
INFO: [Place 30-746] Post Placement Timing Summary WNS=4.032. For the most accurate timing information please run report_timing.
Phase 4.1.1 Post Placement Optimization | Checksum: 704c27e3

Time (s): cpu = 00:00:52 ; elapsed = 00:00:37 . Memory (MB): peak = 1914.363 ; gain = 0.000
Phase 4.1 Post Commit Optimization | Checksum: 704c27e3

Time (s): cpu = 00:00:52 ; elapsed = 00:00:37 . Memory (MB): peak = 1914.363 ; gain = 0.000

Phase 4.2 Post Placement Cleanup
Phase 4.2 Post Placement Cleanup | Checksum: 704c27e3

Time (s): cpu = 00:00:52 ; elapsed = 00:00:37 . Memory (MB): peak = 1914.363 ; gain = 0.000

Phase 4.3 Placer Reporting
Phase 4.3 Placer Reporting | Checksum: 704c27e3

Time (s): cpu = 00:00:52 ; elapsed = 00:00:37 . Memory (MB): peak = 1914.363 ; gain = 0.000

Phase 4.4 Final Placement Cleanup
Netlist sorting complete. Time (s): cpu = 00:00:00 ; elapsed = 00:00:00.011 . Memory (MB): peak = 1914.363 ; gain = 0.000
Phase 4.4 Final Placement Cleanup | Checksum: 822a51dd

Time (s): cpu = 00:00:52 ; elapsed = 00:00:37 . Memory (MB): peak = 1914.363 ; gain = 0.000
Phase 4 Post Placement Optimization and Clean-Up | Checksum: 822a51dd

Time (s): cpu = 00:00:52 ; elapsed = 00:00:37 . Memory (MB): peak = 1914.363 ; gain = 0.000
Ending Placer Task | Checksum: 6686b7f6

Time (s): cpu = 00:00:52 ; elapsed = 00:00:37 . Memory (MB): peak = 1914.363 ; gain = 0.000
INFO: [Common 17-83] Releasing license: Implementation
79 Infos, 0 Warnings, 0 Critical Warnings and 0 Errors encountered.
place_design completed successfully
place_design: Time (s): cpu = 00:00:54 ; elapsed = 00:00:39 . Memory (MB): peak = 1914.363 ; gain = 0.000
Netlist sorting complete. Time (s): cpu = 00:00:01 ; elapsed = 00:00:00.012 . Memory (MB): peak = 1914.363 ; gain = 0.000
INFO: [Timing 38-480] Writing timing data to binary archive.
Writing placer database...
Netlist sorting complete. Time (s): cpu = 00:00:00 ; elapsed = 00:00:00.012 . Memory (MB): peak = 1914.363 ; gain = 0.000
Writing XDEF routing.
Writing XDEF routing logical nets.
Writing XDEF routing special nets.
Write XDEF Complete: Time (s): cpu = 00:00:04 ; elapsed = 00:00:01 . Memory (MB): peak = 1914.363 ; gain = 0.000
INFO: [Common 17-1381] The checkpoint 'G:/QH_WORK/Demo/vivado_prj/demo_rb_64/demo_rb_64/demo_rb_64.runs/impl_1/TOP_RB_placed.dcp' has been generated.
INFO: [runtcl-4] Executing : report_io -file TOP_RB_io_placed.rpt
report_io: Time (s): cpu = 00:00:00 ; elapsed = 00:00:00.085 . Memory (MB): peak = 1914.363 ; gain = 0.000
INFO: [runtcl-4] Executing : report_utilization -file TOP_RB_utilization_placed.rpt -pb TOP_RB_utilization_placed.pb
INFO: [runtcl-4] Executing : report_control_sets -verbose -file TOP_RB_control_sets_placed.rpt
report_control_sets: Time (s): cpu = 00:00:00 ; elapsed = 00:00:00.098 . Memory (MB): peak = 1914.363 ; gain = 0.000
Command: route_design
Attempting to get a license for feature 'Implementation' and/or device 'xc7z100'
INFO: [Common 17-349] Got license for feature 'Implementation' and/or device 'xc7z100'
Running DRC as a precondition to command route_design
INFO: [DRC 23-27] Running DRC with 2 threads
INFO: [Vivado_Tcl 4-198] DRC finished with 0 Errors
INFO: [Vivado_Tcl 4-199] Please refer to the DRC report (report_drc) for more information.


Starting Routing Task
INFO: [Route 35-254] Multithreading enabled for route_design using a maximum of 2 CPUs
Checksum: PlaceDB: 273a895b ConstDB: 0 ShapeSum: 3f4c2e9b RouteDB: 0

Phase 1 Build RT Design
Phase 1 Build RT Design | Checksum: d9fb1852

Time (s): cpu = 00:02:07 ; elapsed = 00:01:50 . Memory (MB): peak = 2098.504 ; gain = 184.141
Post Restoration Checksum: NetGraph: b26b72da NumContArr: 278fa578 Constraints: 0 Timing: 0

Phase 2 Router Initialization

Phase 2.1 Create Timer
Phase 2.1 Create Timer | Checksum: d9fb1852

Time (s): cpu = 00:02:07 ; elapsed = 00:01:50 . Memory (MB): peak = 2127.363 ; gain = 213.000

Phase 2.2 Fix Topology Constraints
Phase 2.2 Fix Topology Constraints | Checksum: d9fb1852

Time (s): cpu = 00:02:07 ; elapsed = 00:01:50 . Memory (MB): peak = 2136.352 ; gain = 221.988

Phase 2.3 Pre Route Cleanup
Phase 2.3 Pre Route Cleanup | Checksum: d9fb1852

Time (s): cpu = 00:02:07 ; elapsed = 00:01:50 . Memory (MB): peak = 2136.352 ; gain = 221.988
 Number of Nodes with overlaps = 0

Phase 2.4 Update Timing
Phase 2.4 Update Timing | Checksum: 16aa5db3d

Time (s): cpu = 00:02:15 ; elapsed = 00:01:56 . Memory (MB): peak = 2239.453 ; gain = 325.090
INFO: [Route 35-416] Intermediate Timing Summary | WNS=3.997  | TNS=0.000  | WHS=-0.351 | THS=-720.755|


Phase 2.5 Update Timing for Bus Skew

Phase 2.5.1 Update Timing
Phase 2.5.1 Update Timing | Checksum: 1e0215b7a

Time (s): cpu = 00:02:19 ; elapsed = 00:01:58 . Memory (MB): peak = 2239.453 ; gain = 325.090
INFO: [Route 35-416] Intermediate Timing Summary | WNS=3.997  | TNS=0.000  | WHS=N/A    | THS=N/A    |

Phase 2.5 Update Timing for Bus Skew | Checksum: 147b2568f

Time (s): cpu = 00:02:19 ; elapsed = 00:01:59 . Memory (MB): peak = 2239.453 ; gain = 325.090
Phase 2 Router Initialization | Checksum: 2dc88a24b

Time (s): cpu = 00:02:19 ; elapsed = 00:01:59 . Memory (MB): peak = 2239.453 ; gain = 325.090

Phase 3 Initial Routing
Phase 3 Initial Routing | Checksum: ba603644

Time (s): cpu = 00:02:23 ; elapsed = 00:02:01 . Memory (MB): peak = 2239.453 ; gain = 325.090

Phase 4 Rip-up And Reroute

Phase 4.1 Global Iteration 0
 Number of Nodes with overlaps = 788
 Number of Nodes with overlaps = 27
 Number of Nodes with overlaps = 0
INFO: [Route 35-416] Intermediate Timing Summary | WNS=3.910  | TNS=0.000  | WHS=N/A    | THS=N/A    |

Phase 4.1 Global Iteration 0 | Checksum: 19c495c24

Time (s): cpu = 00:02:28 ; elapsed = 00:02:04 . Memory (MB): peak = 2239.453 ; gain = 325.090
Phase 4 Rip-up And Reroute | Checksum: 19c495c24

Time (s): cpu = 00:02:29 ; elapsed = 00:02:04 . Memory (MB): peak = 2239.453 ; gain = 325.090

Phase 5 Delay and Skew Optimization

Phase 5.1 Delay CleanUp
Phase 5.1 Delay CleanUp | Checksum: 19c495c24

Time (s): cpu = 00:02:29 ; elapsed = 00:02:04 . Memory (MB): peak = 2239.453 ; gain = 325.090

Phase 5.2 Clock Skew Optimization
Phase 5.2 Clock Skew Optimization | Checksum: 19c495c24

Time (s): cpu = 00:02:29 ; elapsed = 00:02:05 . Memory (MB): peak = 2239.453 ; gain = 325.090
Phase 5 Delay and Skew Optimization | Checksum: 19c495c24

Time (s): cpu = 00:02:29 ; elapsed = 00:02:05 . Memory (MB): peak = 2239.453 ; gain = 325.090

Phase 6 Post Hold Fix

Phase 6.1 Hold Fix Iter

Phase 6.1.1 Update Timing
Phase 6.1.1 Update Timing | Checksum: 1aebd7ab0

Time (s): cpu = 00:02:30 ; elapsed = 00:02:05 . Memory (MB): peak = 2239.453 ; gain = 325.090
INFO: [Route 35-416] Intermediate Timing Summary | WNS=3.997  | TNS=0.000  | WHS=0.043  | THS=0.000  |

Phase 6.1 Hold Fix Iter | Checksum: 1dc32a8df

Time (s): cpu = 00:02:30 ; elapsed = 00:02:05 . Memory (MB): peak = 2239.453 ; gain = 325.090
Phase 6 Post Hold Fix | Checksum: 1dc32a8df

Time (s): cpu = 00:02:30 ; elapsed = 00:02:05 . Memory (MB): peak = 2239.453 ; gain = 325.090

Phase 7 Route finalize

Router Utilization Summary
  Global Vertical Routing Utilization    = 0.598657 %
  Global Horizontal Routing Utilization  = 0.746174 %
  Routable Net Status*
  *Does not include unroutable nets such as driverless and loadless.
  Run report_route_status for detailed report.
  Number of Failed Nets               = 0
  Number of Unrouted Nets             = 0
  Number of Partially Routed Nets     = 0
  Number of Node Overlaps             = 0

Phase 7 Route finalize | Checksum: 1c19c7594

Time (s): cpu = 00:02:30 ; elapsed = 00:02:05 . Memory (MB): peak = 2239.453 ; gain = 325.090

Phase 8 Verifying routed nets

 Verification completed successfully
Phase 8 Verifying routed nets | Checksum: 1c19c7594

Time (s): cpu = 00:02:30 ; elapsed = 00:02:06 . Memory (MB): peak = 2239.453 ; gain = 325.090

Phase 9 Depositing Routes
INFO: [Route 35-467] Router swapped GT pin aurora_64b66b_rb/inst/aurora_64b66b_0_core_i/aurora_64b66b_0_wrapper_i/aurora_64b66b_0_multi_gt_i/aurora_64b66b_0_gtx_inst/gtxe2_i/GTREFCLK0 to physical pin GTXE2_CHANNEL_X0Y7/GTREFCLK1
INFO: [Route 35-467] Router swapped GT pin aurora_64b66b_rb/inst/gt_common_support/gtxe2_common_i/GTREFCLK0 to physical pin GTXE2_COMMON_X0Y1/GTREFCLK1
Phase 9 Depositing Routes | Checksum: 1d678f47a

Time (s): cpu = 00:02:31 ; elapsed = 00:02:07 . Memory (MB): peak = 2239.453 ; gain = 325.090

Phase 10 Post Router Timing
INFO: [Route 35-57] Estimated Timing Summary | WNS=3.997  | TNS=0.000  | WHS=0.043  | THS=0.000  |

INFO: [Route 35-327] The final timing numbers are based on the router estimated timing analysis. For a complete and accurate timing signoff, please run report_timing_summary.
Phase 10 Post Router Timing | Checksum: 1d678f47a

Time (s): cpu = 00:02:31 ; elapsed = 00:02:07 . Memory (MB): peak = 2239.453 ; gain = 325.090
INFO: [Route 35-16] Router Completed Successfully

Time (s): cpu = 00:02:31 ; elapsed = 00:02:07 . Memory (MB): peak = 2239.453 ; gain = 325.090

Routing Is Done.
INFO: [Common 17-83] Releasing license: Implementation
99 Infos, 0 Warnings, 0 Critical Warnings and 0 Errors encountered.
route_design completed successfully
route_design: Time (s): cpu = 00:02:34 ; elapsed = 00:02:09 . Memory (MB): peak = 2239.453 ; gain = 325.090
Netlist sorting complete. Time (s): cpu = 00:00:00 ; elapsed = 00:00:00.012 . Memory (MB): peak = 2239.453 ; gain = 0.000
INFO: [Timing 38-480] Writing timing data to binary archive.
Writing placer database...
Netlist sorting complete. Time (s): cpu = 00:00:00 ; elapsed = 00:00:00.015 . Memory (MB): peak = 2239.453 ; gain = 0.000
Writing XDEF routing.
Writing XDEF routing logical nets.
Writing XDEF routing special nets.
Write XDEF Complete: Time (s): cpu = 00:00:05 ; elapsed = 00:00:02 . Memory (MB): peak = 2239.453 ; gain = 0.000
INFO: [Common 17-1381] The checkpoint 'G:/QH_WORK/Demo/vivado_prj/demo_rb_64/demo_rb_64/demo_rb_64.runs/impl_1/TOP_RB_routed.dcp' has been generated.
INFO: [runtcl-4] Executing : report_drc -file TOP_RB_drc_routed.rpt -pb TOP_RB_drc_routed.pb -rpx TOP_RB_drc_routed.rpx
Command: report_drc -file TOP_RB_drc_routed.rpt -pb TOP_RB_drc_routed.pb -rpx TOP_RB_drc_routed.rpx
INFO: [IP_Flow 19-1839] IP Catalog is up to date.
INFO: [DRC 23-27] Running DRC with 2 threads
INFO: [Coretcl 2-168] The results of DRC are in file G:/QH_WORK/Demo/vivado_prj/demo_rb_64/demo_rb_64/demo_rb_64.runs/impl_1/TOP_RB_drc_routed.rpt.
report_drc completed successfully
INFO: [runtcl-4] Executing : report_methodology -file TOP_RB_methodology_drc_routed.rpt -pb TOP_RB_methodology_drc_routed.pb -rpx TOP_RB_methodology_drc_routed.rpx
Command: report_methodology -file TOP_RB_methodology_drc_routed.rpt -pb TOP_RB_methodology_drc_routed.pb -rpx TOP_RB_methodology_drc_routed.rpx
INFO: [Timing 38-35] Done setting XDC timing constraints.
INFO: [DRC 23-133] Running Methodology with 2 threads
INFO: [Coretcl 2-1520] The results of Report Methodology are in file G:/QH_WORK/Demo/vivado_prj/demo_rb_64/demo_rb_64/demo_rb_64.runs/impl_1/TOP_RB_methodology_drc_routed.rpt.
report_methodology completed successfully
report_methodology: Time (s): cpu = 00:00:12 ; elapsed = 00:00:07 . Memory (MB): peak = 2239.453 ; gain = 0.000
INFO: [runtcl-4] Executing : report_power -file TOP_RB_power_routed.rpt -pb TOP_RB_power_summary_routed.pb -rpx TOP_RB_power_routed.rpx
Command: report_power -file TOP_RB_power_routed.rpt -pb TOP_RB_power_summary_routed.pb -rpx TOP_RB_power_routed.rpx
INFO: [Timing 38-35] Done setting XDC timing constraints.
Running Vector-less Activity Propagation...

Finished Running Vector-less Activity Propagation
WARNING: [Power 33-332] Found switching activity that implies high-fanout reset nets being asserted for excessive periods of time which may result in inaccurate power analysis.
Resolution: To review and fix problems, please run Power Constraints Advisor in the GUI from Tools > Power Constraints Advisor or run report_power with the -advisory option to generate a text report.
111 Infos, 1 Warnings, 0 Critical Warnings and 0 Errors encountered.
report_power completed successfully
INFO: [runtcl-4] Executing : report_route_status -file TOP_RB_route_status.rpt -pb TOP_RB_route_status.pb
INFO: [runtcl-4] Executing : report_timing_summary -max_paths 10 -file TOP_RB_timing_summary_routed.rpt -pb TOP_RB_timing_summary_routed.pb -rpx TOP_RB_timing_summary_routed.rpx -warn_on_violation 
INFO: [Timing 38-91] UpdateTimingParams: Speed grade: -2, Delay Type: min_max.
INFO: [Timing 38-191] Multithreading enabled for timing update using a maximum of 2 CPUs
WARNING: [Timing 38-436] There are set_bus_skew constraint(s) in this design. Please run report_bus_skew to ensure that bus skew requirements are met.
INFO: [runtcl-4] Executing : report_incremental_reuse -file TOP_RB_incremental_reuse_routed.rpt
INFO: [Vivado_Tcl 4-1062] Incremental flow is disabled. No incremental reuse Info to report.
INFO: [runtcl-4] Executing : report_clock_utilization -file TOP_RB_clock_utilization_routed.rpt
INFO: [runtcl-4] Executing : report_bus_skew -warn_on_violation -file TOP_RB_bus_skew_routed.rpt -pb TOP_RB_bus_skew_routed.pb -rpx TOP_RB_bus_skew_routed.rpx
INFO: [Timing 38-91] UpdateTimingParams: Speed grade: -2, Delay Type: min_max.
INFO: [Timing 38-191] Multithreading enabled for timing update using a maximum of 2 CPUs
Command: write_bitstream -force TOP_RB.bit
Attempting to get a license for feature 'Implementation' and/or device 'xc7z100'
INFO: [Common 17-349] Got license for feature 'Implementation' and/or device 'xc7z100'
Running DRC as a precondition to command write_bitstream
INFO: [IP_Flow 19-1839] IP Catalog is up to date.
INFO: [DRC 23-27] Running DRC with 2 threads
WARNING: [DRC PDRC-153] Gated clock check: Net DATA_IN_reg[1][0]_LDC_i_1_n_0 is a gated clock net sourced by a combinational pin DATA_IN_reg[1][0]_LDC_i_1/O, cell DATA_IN_reg[1][0]_LDC_i_1. This is not good design practice and will likely impact performance. For SLICE registers, for example, use the CE pin to control the loading of data.
WARNING: [DRC PDRC-153] Gated clock check: Net DATA_IN_reg[1][10]_LDC_i_1_n_0 is a gated clock net sourced by a combinational pin DATA_IN_reg[1][10]_LDC_i_1/O, cell DATA_IN_reg[1][10]_LDC_i_1. This is not good design practice and will likely impact performance. For SLICE registers, for example, use the CE pin to control the loading of data.
WARNING: [DRC PDRC-153] Gated clock check: Net DATA_IN_reg[1][11]_LDC_i_1_n_0 is a gated clock net sourced by a combinational pin DATA_IN_reg[1][11]_LDC_i_1/O, cell DATA_IN_reg[1][11]_LDC_i_1. This is not good design practice and will likely impact performance. For SLICE registers, for example, use the CE pin to control the loading of data.
WARNING: [DRC PDRC-153] Gated clock check: Net DATA_IN_reg[1][12]_LDC_i_1_n_0 is a gated clock net sourced by a combinational pin DATA_IN_reg[1][12]_LDC_i_1/O, cell DATA_IN_reg[1][12]_LDC_i_1. This is not good design practice and will likely impact performance. For SLICE registers, for example, use the CE pin to control the loading of data.
WARNING: [DRC PDRC-153] Gated clock check: Net DATA_IN_reg[1][13]_LDC_i_1_n_0 is a gated clock net sourced by a combinational pin DATA_IN_reg[1][13]_LDC_i_1/O, cell DATA_IN_reg[1][13]_LDC_i_1. This is not good design practice and will likely impact performance. For SLICE registers, for example, use the CE pin to control the loading of data.
WARNING: [DRC PDRC-153] Gated clock check: Net DATA_IN_reg[1][14]_LDC_i_1_n_0 is a gated clock net sourced by a combinational pin DATA_IN_reg[1][14]_LDC_i_1/O, cell DATA_IN_reg[1][14]_LDC_i_1. This is not good design practice and will likely impact performance. For SLICE registers, for example, use the CE pin to control the loading of data.
WARNING: [DRC PDRC-153] Gated clock check: Net DATA_IN_reg[1][15]_LDC_i_1_n_0 is a gated clock net sourced by a combinational pin DATA_IN_reg[1][15]_LDC_i_1/O, cell DATA_IN_reg[1][15]_LDC_i_1. This is not good design practice and will likely impact performance. For SLICE registers, for example, use the CE pin to control the loading of data.
WARNING: [DRC PDRC-153] Gated clock check: Net DATA_IN_reg[1][16]_LDC_i_1_n_0 is a gated clock net sourced by a combinational pin DATA_IN_reg[1][16]_LDC_i_1/O, cell DATA_IN_reg[1][16]_LDC_i_1. This is not good design practice and will likely impact performance. For SLICE registers, for example, use the CE pin to control the loading of data.
WARNING: [DRC PDRC-153] Gated clock check: Net DATA_IN_reg[1][17]_LDC_i_1_n_0 is a gated clock net sourced by a combinational pin DATA_IN_reg[1][17]_LDC_i_1/O, cell DATA_IN_reg[1][17]_LDC_i_1. This is not good design practice and will likely impact performance. For SLICE registers, for example, use the CE pin to control the loading of data.
WARNING: [DRC PDRC-153] Gated clock check: Net DATA_IN_reg[1][18]_LDC_i_1_n_0 is a gated clock net sourced by a combinational pin DATA_IN_reg[1][18]_LDC_i_1/O, cell DATA_IN_reg[1][18]_LDC_i_1. This is not good design practice and will likely impact performance. For SLICE registers, for example, use the CE pin to control the loading of data.
WARNING: [DRC PDRC-153] Gated clock check: Net DATA_IN_reg[1][19]_LDC_i_1_n_0 is a gated clock net sourced by a combinational pin DATA_IN_reg[1][19]_LDC_i_1/O, cell DATA_IN_reg[1][19]_LDC_i_1. This is not good design practice and will likely impact performance. For SLICE registers, for example, use the CE pin to control the loading of data.
WARNING: [DRC PDRC-153] Gated clock check: Net DATA_IN_reg[1][1]_LDC_i_1_n_0 is a gated clock net sourced by a combinational pin DATA_IN_reg[1][1]_LDC_i_1/O, cell DATA_IN_reg[1][1]_LDC_i_1. This is not good design practice and will likely impact performance. For SLICE registers, for example, use the CE pin to control the loading of data.
WARNING: [DRC PDRC-153] Gated clock check: Net DATA_IN_reg[1][20]_LDC_i_1_n_0 is a gated clock net sourced by a combinational pin DATA_IN_reg[1][20]_LDC_i_1/O, cell DATA_IN_reg[1][20]_LDC_i_1. This is not good design practice and will likely impact performance. For SLICE registers, for example, use the CE pin to control the loading of data.
WARNING: [DRC PDRC-153] Gated clock check: Net DATA_IN_reg[1][21]_LDC_i_1_n_0 is a gated clock net sourced by a combinational pin DATA_IN_reg[1][21]_LDC_i_1/O, cell DATA_IN_reg[1][21]_LDC_i_1. This is not good design practice and will likely impact performance. For SLICE registers, for example, use the CE pin to control the loading of data.
WARNING: [DRC PDRC-153] Gated clock check: Net DATA_IN_reg[1][22]_LDC_i_1_n_0 is a gated clock net sourced by a combinational pin DATA_IN_reg[1][22]_LDC_i_1/O, cell DATA_IN_reg[1][22]_LDC_i_1. This is not good design practice and will likely impact performance. For SLICE registers, for example, use the CE pin to control the loading of data.
WARNING: [DRC PDRC-153] Gated clock check: Net DATA_IN_reg[1][23]_LDC_i_1_n_0 is a gated clock net sourced by a combinational pin DATA_IN_reg[1][23]_LDC_i_1/O, cell DATA_IN_reg[1][23]_LDC_i_1. This is not good design practice and will likely impact performance. For SLICE registers, for example, use the CE pin to control the loading of data.
WARNING: [DRC PDRC-153] Gated clock check: Net DATA_IN_reg[1][24]_LDC_i_1_n_0 is a gated clock net sourced by a combinational pin DATA_IN_reg[1][24]_LDC_i_1/O, cell DATA_IN_reg[1][24]_LDC_i_1. This is not good design practice and will likely impact performance. For SLICE registers, for example, use the CE pin to control the loading of data.
WARNING: [DRC PDRC-153] Gated clock check: Net DATA_IN_reg[1][25]_LDC_i_1_n_0 is a gated clock net sourced by a combinational pin DATA_IN_reg[1][25]_LDC_i_1/O, cell DATA_IN_reg[1][25]_LDC_i_1. This is not good design practice and will likely impact performance. For SLICE registers, for example, use the CE pin to control the loading of data.
WARNING: [DRC PDRC-153] Gated clock check: Net DATA_IN_reg[1][26]_LDC_i_1_n_0 is a gated clock net sourced by a combinational pin DATA_IN_reg[1][26]_LDC_i_1/O, cell DATA_IN_reg[1][26]_LDC_i_1. This is not good design practice and will likely impact performance. For SLICE registers, for example, use the CE pin to control the loading of data.
WARNING: [DRC PDRC-153] Gated clock check: Net DATA_IN_reg[1][27]_LDC_i_1_n_0 is a gated clock net sourced by a combinational pin DATA_IN_reg[1][27]_LDC_i_1/O, cell DATA_IN_reg[1][27]_LDC_i_1. This is not good design practice and will likely impact performance. For SLICE registers, for example, use the CE pin to control the loading of data.
WARNING: [DRC PDRC-153] Gated clock check: Net DATA_IN_reg[1][28]_LDC_i_1_n_0 is a gated clock net sourced by a combinational pin DATA_IN_reg[1][28]_LDC_i_1/O, cell DATA_IN_reg[1][28]_LDC_i_1. This is not good design practice and will likely impact performance. For SLICE registers, for example, use the CE pin to control the loading of data.
WARNING: [DRC PDRC-153] Gated clock check: Net DATA_IN_reg[1][29]_LDC_i_1_n_0 is a gated clock net sourced by a combinational pin DATA_IN_reg[1][29]_LDC_i_1/O, cell DATA_IN_reg[1][29]_LDC_i_1. This is not good design practice and will likely impact performance. For SLICE registers, for example, use the CE pin to control the loading of data.
WARNING: [DRC PDRC-153] Gated clock check: Net DATA_IN_reg[1][2]_LDC_i_1_n_0 is a gated clock net sourced by a combinational pin DATA_IN_reg[1][2]_LDC_i_1/O, cell DATA_IN_reg[1][2]_LDC_i_1. This is not good design practice and will likely impact performance. For SLICE registers, for example, use the CE pin to control the loading of data.
WARNING: [DRC PDRC-153] Gated clock check: Net DATA_IN_reg[1][30]_LDC_i_1_n_0 is a gated clock net sourced by a combinational pin DATA_IN_reg[1][30]_LDC_i_1/O, cell DATA_IN_reg[1][30]_LDC_i_1. This is not good design practice and will likely impact performance. For SLICE registers, for example, use the CE pin to control the loading of data.
WARNING: [DRC PDRC-153] Gated clock check: Net DATA_IN_reg[1][31]_LDC_i_1_n_0 is a gated clock net sourced by a combinational pin DATA_IN_reg[1][31]_LDC_i_1/O, cell DATA_IN_reg[1][31]_LDC_i_1. This is not good design practice and will likely impact performance. For SLICE registers, for example, use the CE pin to control the loading of data.
WARNING: [DRC PDRC-153] Gated clock check: Net DATA_IN_reg[1][32]_LDC_i_1_n_0 is a gated clock net sourced by a combinational pin DATA_IN_reg[1][32]_LDC_i_1/O, cell DATA_IN_reg[1][32]_LDC_i_1. This is not good design practice and will likely impact performance. For SLICE registers, for example, use the CE pin to control the loading of data.
WARNING: [DRC PDRC-153] Gated clock check: Net DATA_IN_reg[1][33]_LDC_i_1_n_0 is a gated clock net sourced by a combinational pin DATA_IN_reg[1][33]_LDC_i_1/O, cell DATA_IN_reg[1][33]_LDC_i_1. This is not good design practice and will likely impact performance. For SLICE registers, for example, use the CE pin to control the loading of data.
WARNING: [DRC PDRC-153] Gated clock check: Net DATA_IN_reg[1][34]_LDC_i_1_n_0 is a gated clock net sourced by a combinational pin DATA_IN_reg[1][34]_LDC_i_1/O, cell DATA_IN_reg[1][34]_LDC_i_1. This is not good design practice and will likely impact performance. For SLICE registers, for example, use the CE pin to control the loading of data.
WARNING: [DRC PDRC-153] Gated clock check: Net DATA_IN_reg[1][35]_LDC_i_1_n_0 is a gated clock net sourced by a combinational pin DATA_IN_reg[1][35]_LDC_i_1/O, cell DATA_IN_reg[1][35]_LDC_i_1. This is not good design practice and will likely impact performance. For SLICE registers, for example, use the CE pin to control the loading of data.
WARNING: [DRC PDRC-153] Gated clock check: Net DATA_IN_reg[1][36]_LDC_i_1_n_0 is a gated clock net sourced by a combinational pin DATA_IN_reg[1][36]_LDC_i_1/O, cell DATA_IN_reg[1][36]_LDC_i_1. This is not good design practice and will likely impact performance. For SLICE registers, for example, use the CE pin to control the loading of data.
WARNING: [DRC PDRC-153] Gated clock check: Net DATA_IN_reg[1][37]_LDC_i_1_n_0 is a gated clock net sourced by a combinational pin DATA_IN_reg[1][37]_LDC_i_1/O, cell DATA_IN_reg[1][37]_LDC_i_1. This is not good design practice and will likely impact performance. For SLICE registers, for example, use the CE pin to control the loading of data.
WARNING: [DRC PDRC-153] Gated clock check: Net DATA_IN_reg[1][38]_LDC_i_1_n_0 is a gated clock net sourced by a combinational pin DATA_IN_reg[1][38]_LDC_i_1/O, cell DATA_IN_reg[1][38]_LDC_i_1. This is not good design practice and will likely impact performance. For SLICE registers, for example, use the CE pin to control the loading of data.
WARNING: [DRC PDRC-153] Gated clock check: Net DATA_IN_reg[1][39]_LDC_i_1_n_0 is a gated clock net sourced by a combinational pin DATA_IN_reg[1][39]_LDC_i_1/O, cell DATA_IN_reg[1][39]_LDC_i_1. This is not good design practice and will likely impact performance. For SLICE registers, for example, use the CE pin to control the loading of data.
WARNING: [DRC PDRC-153] Gated clock check: Net DATA_IN_reg[1][3]_LDC_i_1_n_0 is a gated clock net sourced by a combinational pin DATA_IN_reg[1][3]_LDC_i_1/O, cell DATA_IN_reg[1][3]_LDC_i_1. This is not good design practice and will likely impact performance. For SLICE registers, for example, use the CE pin to control the loading of data.
WARNING: [DRC PDRC-153] Gated clock check: Net DATA_IN_reg[1][40]_LDC_i_1_n_0 is a gated clock net sourced by a combinational pin DATA_IN_reg[1][40]_LDC_i_1/O, cell DATA_IN_reg[1][40]_LDC_i_1. This is not good design practice and will likely impact performance. For SLICE registers, for example, use the CE pin to control the loading of data.
WARNING: [DRC PDRC-153] Gated clock check: Net DATA_IN_reg[1][41]_LDC_i_1_n_0 is a gated clock net sourced by a combinational pin DATA_IN_reg[1][41]_LDC_i_1/O, cell DATA_IN_reg[1][41]_LDC_i_1. This is not good design practice and will likely impact performance. For SLICE registers, for example, use the CE pin to control the loading of data.
WARNING: [DRC PDRC-153] Gated clock check: Net DATA_IN_reg[1][42]_LDC_i_1_n_0 is a gated clock net sourced by a combinational pin DATA_IN_reg[1][42]_LDC_i_1/O, cell DATA_IN_reg[1][42]_LDC_i_1. This is not good design practice and will likely impact performance. For SLICE registers, for example, use the CE pin to control the loading of data.
WARNING: [DRC PDRC-153] Gated clock check: Net DATA_IN_reg[1][43]_LDC_i_1_n_0 is a gated clock net sourced by a combinational pin DATA_IN_reg[1][43]_LDC_i_1/O, cell DATA_IN_reg[1][43]_LDC_i_1. This is not good design practice and will likely impact performance. For SLICE registers, for example, use the CE pin to control the loading of data.
WARNING: [DRC PDRC-153] Gated clock check: Net DATA_IN_reg[1][44]_LDC_i_1_n_0 is a gated clock net sourced by a combinational pin DATA_IN_reg[1][44]_LDC_i_1/O, cell DATA_IN_reg[1][44]_LDC_i_1. This is not good design practice and will likely impact performance. For SLICE registers, for example, use the CE pin to control the loading of data.
WARNING: [DRC PDRC-153] Gated clock check: Net DATA_IN_reg[1][45]_LDC_i_1_n_0 is a gated clock net sourced by a combinational pin DATA_IN_reg[1][45]_LDC_i_1/O, cell DATA_IN_reg[1][45]_LDC_i_1. This is not good design practice and will likely impact performance. For SLICE registers, for example, use the CE pin to control the loading of data.
WARNING: [DRC PDRC-153] Gated clock check: Net DATA_IN_reg[1][46]_LDC_i_1_n_0 is a gated clock net sourced by a combinational pin DATA_IN_reg[1][46]_LDC_i_1/O, cell DATA_IN_reg[1][46]_LDC_i_1. This is not good design practice and will likely impact performance. For SLICE registers, for example, use the CE pin to control the loading of data.
WARNING: [DRC PDRC-153] Gated clock check: Net DATA_IN_reg[1][47]_LDC_i_1_n_0 is a gated clock net sourced by a combinational pin DATA_IN_reg[1][47]_LDC_i_1/O, cell DATA_IN_reg[1][47]_LDC_i_1. This is not good design practice and will likely impact performance. For SLICE registers, for example, use the CE pin to control the loading of data.
WARNING: [DRC PDRC-153] Gated clock check: Net DATA_IN_reg[1][48]_LDC_i_1_n_0 is a gated clock net sourced by a combinational pin DATA_IN_reg[1][48]_LDC_i_1/O, cell DATA_IN_reg[1][48]_LDC_i_1. This is not good design practice and will likely impact performance. For SLICE registers, for example, use the CE pin to control the loading of data.
WARNING: [DRC PDRC-153] Gated clock check: Net DATA_IN_reg[1][49]_LDC_i_1_n_0 is a gated clock net sourced by a combinational pin DATA_IN_reg[1][49]_LDC_i_1/O, cell DATA_IN_reg[1][49]_LDC_i_1. This is not good design practice and will likely impact performance. For SLICE registers, for example, use the CE pin to control the loading of data.
WARNING: [DRC PDRC-153] Gated clock check: Net DATA_IN_reg[1][4]_LDC_i_1_n_0 is a gated clock net sourced by a combinational pin DATA_IN_reg[1][4]_LDC_i_1/O, cell DATA_IN_reg[1][4]_LDC_i_1. This is not good design practice and will likely impact performance. For SLICE registers, for example, use the CE pin to control the loading of data.
WARNING: [DRC PDRC-153] Gated clock check: Net DATA_IN_reg[1][50]_LDC_i_1_n_0 is a gated clock net sourced by a combinational pin DATA_IN_reg[1][50]_LDC_i_1/O, cell DATA_IN_reg[1][50]_LDC_i_1. This is not good design practice and will likely impact performance. For SLICE registers, for example, use the CE pin to control the loading of data.
WARNING: [DRC PDRC-153] Gated clock check: Net DATA_IN_reg[1][51]_LDC_i_1_n_0 is a gated clock net sourced by a combinational pin DATA_IN_reg[1][51]_LDC_i_1/O, cell DATA_IN_reg[1][51]_LDC_i_1. This is not good design practice and will likely impact performance. For SLICE registers, for example, use the CE pin to control the loading of data.
WARNING: [DRC PDRC-153] Gated clock check: Net DATA_IN_reg[1][52]_LDC_i_1_n_0 is a gated clock net sourced by a combinational pin DATA_IN_reg[1][52]_LDC_i_1/O, cell DATA_IN_reg[1][52]_LDC_i_1. This is not good design practice and will likely impact performance. For SLICE registers, for example, use the CE pin to control the loading of data.
WARNING: [DRC PDRC-153] Gated clock check: Net DATA_IN_reg[1][53]_LDC_i_1_n_0 is a gated clock net sourced by a combinational pin DATA_IN_reg[1][53]_LDC_i_1/O, cell DATA_IN_reg[1][53]_LDC_i_1. This is not good design practice and will likely impact performance. For SLICE registers, for example, use the CE pin to control the loading of data.
WARNING: [DRC PDRC-153] Gated clock check: Net DATA_IN_reg[1][54]_LDC_i_1_n_0 is a gated clock net sourced by a combinational pin DATA_IN_reg[1][54]_LDC_i_1/O, cell DATA_IN_reg[1][54]_LDC_i_1. This is not good design practice and will likely impact performance. For SLICE registers, for example, use the CE pin to control the loading of data.
WARNING: [DRC PDRC-153] Gated clock check: Net DATA_IN_reg[1][55]_LDC_i_1_n_0 is a gated clock net sourced by a combinational pin DATA_IN_reg[1][55]_LDC_i_1/O, cell DATA_IN_reg[1][55]_LDC_i_1. This is not good design practice and will likely impact performance. For SLICE registers, for example, use the CE pin to control the loading of data.
WARNING: [DRC PDRC-153] Gated clock check: Net DATA_IN_reg[1][56]_LDC_i_1_n_0 is a gated clock net sourced by a combinational pin DATA_IN_reg[1][56]_LDC_i_1/O, cell DATA_IN_reg[1][56]_LDC_i_1. This is not good design practice and will likely impact performance. For SLICE registers, for example, use the CE pin to control the loading of data.
WARNING: [DRC PDRC-153] Gated clock check: Net DATA_IN_reg[1][57]_LDC_i_1_n_0 is a gated clock net sourced by a combinational pin DATA_IN_reg[1][57]_LDC_i_1/O, cell DATA_IN_reg[1][57]_LDC_i_1. This is not good design practice and will likely impact performance. For SLICE registers, for example, use the CE pin to control the loading of data.
WARNING: [DRC PDRC-153] Gated clock check: Net DATA_IN_reg[1][58]_LDC_i_1_n_0 is a gated clock net sourced by a combinational pin DATA_IN_reg[1][58]_LDC_i_1/O, cell DATA_IN_reg[1][58]_LDC_i_1. This is not good design practice and will likely impact performance. For SLICE registers, for example, use the CE pin to control the loading of data.
WARNING: [DRC PDRC-153] Gated clock check: Net DATA_IN_reg[1][59]_LDC_i_1_n_0 is a gated clock net sourced by a combinational pin DATA_IN_reg[1][59]_LDC_i_1/O, cell DATA_IN_reg[1][59]_LDC_i_1. This is not good design practice and will likely impact performance. For SLICE registers, for example, use the CE pin to control the loading of data.
WARNING: [DRC PDRC-153] Gated clock check: Net DATA_IN_reg[1][5]_LDC_i_1_n_0 is a gated clock net sourced by a combinational pin DATA_IN_reg[1][5]_LDC_i_1/O, cell DATA_IN_reg[1][5]_LDC_i_1. This is not good design practice and will likely impact performance. For SLICE registers, for example, use the CE pin to control the loading of data.
WARNING: [DRC PDRC-153] Gated clock check: Net DATA_IN_reg[1][60]_LDC_i_1_n_0 is a gated clock net sourced by a combinational pin DATA_IN_reg[1][60]_LDC_i_1/O, cell DATA_IN_reg[1][60]_LDC_i_1. This is not good design practice and will likely impact performance. For SLICE registers, for example, use the CE pin to control the loading of data.
WARNING: [DRC PDRC-153] Gated clock check: Net DATA_IN_reg[1][61]_LDC_i_1_n_0 is a gated clock net sourced by a combinational pin DATA_IN_reg[1][61]_LDC_i_1/O, cell DATA_IN_reg[1][61]_LDC_i_1. This is not good design practice and will likely impact performance. For SLICE registers, for example, use the CE pin to control the loading of data.
WARNING: [DRC PDRC-153] Gated clock check: Net DATA_IN_reg[1][62]_LDC_i_1_n_0 is a gated clock net sourced by a combinational pin DATA_IN_reg[1][62]_LDC_i_1/O, cell DATA_IN_reg[1][62]_LDC_i_1. This is not good design practice and will likely impact performance. For SLICE registers, for example, use the CE pin to control the loading of data.
WARNING: [DRC PDRC-153] Gated clock check: Net DATA_IN_reg[1][63]_LDC_i_1_n_0 is a gated clock net sourced by a combinational pin DATA_IN_reg[1][63]_LDC_i_1/O, cell DATA_IN_reg[1][63]_LDC_i_1. This is not good design practice and will likely impact performance. For SLICE registers, for example, use the CE pin to control the loading of data.
WARNING: [DRC PDRC-153] Gated clock check: Net DATA_IN_reg[1][6]_LDC_i_1_n_0 is a gated clock net sourced by a combinational pin DATA_IN_reg[1][6]_LDC_i_1/O, cell DATA_IN_reg[1][6]_LDC_i_1. This is not good design practice and will likely impact performance. For SLICE registers, for example, use the CE pin to control the loading of data.
WARNING: [DRC PDRC-153] Gated clock check: Net DATA_IN_reg[1][7]_LDC_i_1_n_0 is a gated clock net sourced by a combinational pin DATA_IN_reg[1][7]_LDC_i_1/O, cell DATA_IN_reg[1][7]_LDC_i_1. This is not good design practice and will likely impact performance. For SLICE registers, for example, use the CE pin to control the loading of data.
WARNING: [DRC PDRC-153] Gated clock check: Net DATA_IN_reg[1][8]_LDC_i_1_n_0 is a gated clock net sourced by a combinational pin DATA_IN_reg[1][8]_LDC_i_1/O, cell DATA_IN_reg[1][8]_LDC_i_1. This is not good design practice and will likely impact performance. For SLICE registers, for example, use the CE pin to control the loading of data.
WARNING: [DRC PDRC-153] Gated clock check: Net DATA_IN_reg[1][9]_LDC_i_1_n_0 is a gated clock net sourced by a combinational pin DATA_IN_reg[1][9]_LDC_i_1/O, cell DATA_IN_reg[1][9]_LDC_i_1. This is not good design practice and will likely impact performance. For SLICE registers, for example, use the CE pin to control the loading of data.
WARNING: [DRC PDRC-153] Gated clock check: Net DATA_IN_reg[3][0]_LDC_i_1_n_0 is a gated clock net sourced by a combinational pin DATA_IN_reg[3][0]_LDC_i_1/O, cell DATA_IN_reg[3][0]_LDC_i_1. This is not good design practice and will likely impact performance. For SLICE registers, for example, use the CE pin to control the loading of data.
WARNING: [DRC PDRC-153] Gated clock check: Net DATA_IN_reg[3][10]_LDC_i_1_n_0 is a gated clock net sourced by a combinational pin DATA_IN_reg[3][10]_LDC_i_1/O, cell DATA_IN_reg[3][10]_LDC_i_1. This is not good design practice and will likely impact performance. For SLICE registers, for example, use the CE pin to control the loading of data.
WARNING: [DRC PDRC-153] Gated clock check: Net DATA_IN_reg[3][11]_LDC_i_1_n_0 is a gated clock net sourced by a combinational pin DATA_IN_reg[3][11]_LDC_i_1/O, cell DATA_IN_reg[3][11]_LDC_i_1. This is not good design practice and will likely impact performance. For SLICE registers, for example, use the CE pin to control the loading of data.
WARNING: [DRC PDRC-153] Gated clock check: Net DATA_IN_reg[3][12]_LDC_i_1_n_0 is a gated clock net sourced by a combinational pin DATA_IN_reg[3][12]_LDC_i_1/O, cell DATA_IN_reg[3][12]_LDC_i_1. This is not good design practice and will likely impact performance. For SLICE registers, for example, use the CE pin to control the loading of data.
WARNING: [DRC PDRC-153] Gated clock check: Net DATA_IN_reg[3][13]_LDC_i_1_n_0 is a gated clock net sourced by a combinational pin DATA_IN_reg[3][13]_LDC_i_1/O, cell DATA_IN_reg[3][13]_LDC_i_1. This is not good design practice and will likely impact performance. For SLICE registers, for example, use the CE pin to control the loading of data.
WARNING: [DRC PDRC-153] Gated clock check: Net DATA_IN_reg[3][14]_LDC_i_1_n_0 is a gated clock net sourced by a combinational pin DATA_IN_reg[3][14]_LDC_i_1/O, cell DATA_IN_reg[3][14]_LDC_i_1. This is not good design practice and will likely impact performance. For SLICE registers, for example, use the CE pin to control the loading of data.
WARNING: [DRC PDRC-153] Gated clock check: Net DATA_IN_reg[3][15]_LDC_i_1_n_0 is a gated clock net sourced by a combinational pin DATA_IN_reg[3][15]_LDC_i_1/O, cell DATA_IN_reg[3][15]_LDC_i_1. This is not good design practice and will likely impact performance. For SLICE registers, for example, use the CE pin to control the loading of data.
WARNING: [DRC PDRC-153] Gated clock check: Net DATA_IN_reg[3][16]_LDC_i_1_n_0 is a gated clock net sourced by a combinational pin DATA_IN_reg[3][16]_LDC_i_1/O, cell DATA_IN_reg[3][16]_LDC_i_1. This is not good design practice and will likely impact performance. For SLICE registers, for example, use the CE pin to control the loading of data.
WARNING: [DRC PDRC-153] Gated clock check: Net DATA_IN_reg[3][17]_LDC_i_1_n_0 is a gated clock net sourced by a combinational pin DATA_IN_reg[3][17]_LDC_i_1/O, cell DATA_IN_reg[3][17]_LDC_i_1. This is not good design practice and will likely impact performance. For SLICE registers, for example, use the CE pin to control the loading of data.
WARNING: [DRC PDRC-153] Gated clock check: Net DATA_IN_reg[3][18]_LDC_i_1_n_0 is a gated clock net sourced by a combinational pin DATA_IN_reg[3][18]_LDC_i_1/O, cell DATA_IN_reg[3][18]_LDC_i_1. This is not good design practice and will likely impact performance. For SLICE registers, for example, use the CE pin to control the loading of data.
WARNING: [DRC PDRC-153] Gated clock check: Net DATA_IN_reg[3][19]_LDC_i_1_n_0 is a gated clock net sourced by a combinational pin DATA_IN_reg[3][19]_LDC_i_1/O, cell DATA_IN_reg[3][19]_LDC_i_1. This is not good design practice and will likely impact performance. For SLICE registers, for example, use the CE pin to control the loading of data.
WARNING: [DRC PDRC-153] Gated clock check: Net DATA_IN_reg[3][1]_LDC_i_1_n_0 is a gated clock net sourced by a combinational pin DATA_IN_reg[3][1]_LDC_i_1/O, cell DATA_IN_reg[3][1]_LDC_i_1. This is not good design practice and will likely impact performance. For SLICE registers, for example, use the CE pin to control the loading of data.
WARNING: [DRC PDRC-153] Gated clock check: Net DATA_IN_reg[3][20]_LDC_i_1_n_0 is a gated clock net sourced by a combinational pin DATA_IN_reg[3][20]_LDC_i_1/O, cell DATA_IN_reg[3][20]_LDC_i_1. This is not good design practice and will likely impact performance. For SLICE registers, for example, use the CE pin to control the loading of data.
WARNING: [DRC PDRC-153] Gated clock check: Net DATA_IN_reg[3][21]_LDC_i_1_n_0 is a gated clock net sourced by a combinational pin DATA_IN_reg[3][21]_LDC_i_1/O, cell DATA_IN_reg[3][21]_LDC_i_1. This is not good design practice and will likely impact performance. For SLICE registers, for example, use the CE pin to control the loading of data.
WARNING: [DRC PDRC-153] Gated clock check: Net DATA_IN_reg[3][22]_LDC_i_1_n_0 is a gated clock net sourced by a combinational pin DATA_IN_reg[3][22]_LDC_i_1/O, cell DATA_IN_reg[3][22]_LDC_i_1. This is not good design practice and will likely impact performance. For SLICE registers, for example, use the CE pin to control the loading of data.
WARNING: [DRC PDRC-153] Gated clock check: Net DATA_IN_reg[3][23]_LDC_i_1_n_0 is a gated clock net sourced by a combinational pin DATA_IN_reg[3][23]_LDC_i_1/O, cell DATA_IN_reg[3][23]_LDC_i_1. This is not good design practice and will likely impact performance. For SLICE registers, for example, use the CE pin to control the loading of data.
WARNING: [DRC PDRC-153] Gated clock check: Net DATA_IN_reg[3][24]_LDC_i_1_n_0 is a gated clock net sourced by a combinational pin DATA_IN_reg[3][24]_LDC_i_1/O, cell DATA_IN_reg[3][24]_LDC_i_1. This is not good design practice and will likely impact performance. For SLICE registers, for example, use the CE pin to control the loading of data.
WARNING: [DRC PDRC-153] Gated clock check: Net DATA_IN_reg[3][25]_LDC_i_1_n_0 is a gated clock net sourced by a combinational pin DATA_IN_reg[3][25]_LDC_i_1/O, cell DATA_IN_reg[3][25]_LDC_i_1. This is not good design practice and will likely impact performance. For SLICE registers, for example, use the CE pin to control the loading of data.
WARNING: [DRC PDRC-153] Gated clock check: Net DATA_IN_reg[3][26]_LDC_i_1_n_0 is a gated clock net sourced by a combinational pin DATA_IN_reg[3][26]_LDC_i_1/O, cell DATA_IN_reg[3][26]_LDC_i_1. This is not good design practice and will likely impact performance. For SLICE registers, for example, use the CE pin to control the loading of data.
WARNING: [DRC PDRC-153] Gated clock check: Net DATA_IN_reg[3][27]_LDC_i_1_n_0 is a gated clock net sourced by a combinational pin DATA_IN_reg[3][27]_LDC_i_1/O, cell DATA_IN_reg[3][27]_LDC_i_1. This is not good design practice and will likely impact performance. For SLICE registers, for example, use the CE pin to control the loading of data.
WARNING: [DRC PDRC-153] Gated clock check: Net DATA_IN_reg[3][28]_LDC_i_1_n_0 is a gated clock net sourced by a combinational pin DATA_IN_reg[3][28]_LDC_i_1/O, cell DATA_IN_reg[3][28]_LDC_i_1. This is not good design practice and will likely impact performance. For SLICE registers, for example, use the CE pin to control the loading of data.
WARNING: [DRC PDRC-153] Gated clock check: Net DATA_IN_reg[3][29]_LDC_i_1_n_0 is a gated clock net sourced by a combinational pin DATA_IN_reg[3][29]_LDC_i_1/O, cell DATA_IN_reg[3][29]_LDC_i_1. This is not good design practice and will likely impact performance. For SLICE registers, for example, use the CE pin to control the loading of data.
WARNING: [DRC PDRC-153] Gated clock check: Net DATA_IN_reg[3][2]_LDC_i_1_n_0 is a gated clock net sourced by a combinational pin DATA_IN_reg[3][2]_LDC_i_1/O, cell DATA_IN_reg[3][2]_LDC_i_1. This is not good design practice and will likely impact performance. For SLICE registers, for example, use the CE pin to control the loading of data.
WARNING: [DRC PDRC-153] Gated clock check: Net DATA_IN_reg[3][30]_LDC_i_1_n_0 is a gated clock net sourced by a combinational pin DATA_IN_reg[3][30]_LDC_i_1/O, cell DATA_IN_reg[3][30]_LDC_i_1. This is not good design practice and will likely impact performance. For SLICE registers, for example, use the CE pin to control the loading of data.
WARNING: [DRC PDRC-153] Gated clock check: Net DATA_IN_reg[3][31]_LDC_i_1_n_0 is a gated clock net sourced by a combinational pin DATA_IN_reg[3][31]_LDC_i_1/O, cell DATA_IN_reg[3][31]_LDC_i_1. This is not good design practice and will likely impact performance. For SLICE registers, for example, use the CE pin to control the loading of data.
WARNING: [DRC PDRC-153] Gated clock check: Net DATA_IN_reg[3][32]_LDC_i_1_n_0 is a gated clock net sourced by a combinational pin DATA_IN_reg[3][32]_LDC_i_1/O, cell DATA_IN_reg[3][32]_LDC_i_1. This is not good design practice and will likely impact performance. For SLICE registers, for example, use the CE pin to control the loading of data.
WARNING: [DRC PDRC-153] Gated clock check: Net DATA_IN_reg[3][33]_LDC_i_1_n_0 is a gated clock net sourced by a combinational pin DATA_IN_reg[3][33]_LDC_i_1/O, cell DATA_IN_reg[3][33]_LDC_i_1. This is not good design practice and will likely impact performance. For SLICE registers, for example, use the CE pin to control the loading of data.
WARNING: [DRC PDRC-153] Gated clock check: Net DATA_IN_reg[3][34]_LDC_i_1_n_0 is a gated clock net sourced by a combinational pin DATA_IN_reg[3][34]_LDC_i_1/O, cell DATA_IN_reg[3][34]_LDC_i_1. This is not good design practice and will likely impact performance. For SLICE registers, for example, use the CE pin to control the loading of data.
WARNING: [DRC PDRC-153] Gated clock check: Net DATA_IN_reg[3][35]_LDC_i_1_n_0 is a gated clock net sourced by a combinational pin DATA_IN_reg[3][35]_LDC_i_1/O, cell DATA_IN_reg[3][35]_LDC_i_1. This is not good design practice and will likely impact performance. For SLICE registers, for example, use the CE pin to control the loading of data.
WARNING: [DRC PDRC-153] Gated clock check: Net DATA_IN_reg[3][36]_LDC_i_1_n_0 is a gated clock net sourced by a combinational pin DATA_IN_reg[3][36]_LDC_i_1/O, cell DATA_IN_reg[3][36]_LDC_i_1. This is not good design practice and will likely impact performance. For SLICE registers, for example, use the CE pin to control the loading of data.
WARNING: [DRC PDRC-153] Gated clock check: Net DATA_IN_reg[3][37]_LDC_i_1_n_0 is a gated clock net sourced by a combinational pin DATA_IN_reg[3][37]_LDC_i_1/O, cell DATA_IN_reg[3][37]_LDC_i_1. This is not good design practice and will likely impact performance. For SLICE registers, for example, use the CE pin to control the loading of data.
WARNING: [DRC PDRC-153] Gated clock check: Net DATA_IN_reg[3][38]_LDC_i_1_n_0 is a gated clock net sourced by a combinational pin DATA_IN_reg[3][38]_LDC_i_1/O, cell DATA_IN_reg[3][38]_LDC_i_1. This is not good design practice and will likely impact performance. For SLICE registers, for example, use the CE pin to control the loading of data.
WARNING: [DRC PDRC-153] Gated clock check: Net DATA_IN_reg[3][39]_LDC_i_1_n_0 is a gated clock net sourced by a combinational pin DATA_IN_reg[3][39]_LDC_i_1/O, cell DATA_IN_reg[3][39]_LDC_i_1. This is not good design practice and will likely impact performance. For SLICE registers, for example, use the CE pin to control the loading of data.
WARNING: [DRC PDRC-153] Gated clock check: Net DATA_IN_reg[3][3]_LDC_i_1_n_0 is a gated clock net sourced by a combinational pin DATA_IN_reg[3][3]_LDC_i_1/O, cell DATA_IN_reg[3][3]_LDC_i_1. This is not good design practice and will likely impact performance. For SLICE registers, for example, use the CE pin to control the loading of data.
WARNING: [DRC PDRC-153] Gated clock check: Net DATA_IN_reg[3][40]_LDC_i_1_n_0 is a gated clock net sourced by a combinational pin DATA_IN_reg[3][40]_LDC_i_1/O, cell DATA_IN_reg[3][40]_LDC_i_1. This is not good design practice and will likely impact performance. For SLICE registers, for example, use the CE pin to control the loading of data.
WARNING: [DRC PDRC-153] Gated clock check: Net DATA_IN_reg[3][41]_LDC_i_1_n_0 is a gated clock net sourced by a combinational pin DATA_IN_reg[3][41]_LDC_i_1/O, cell DATA_IN_reg[3][41]_LDC_i_1. This is not good design practice and will likely impact performance. For SLICE registers, for example, use the CE pin to control the loading of data.
INFO: [Common 17-14] Message 'DRC PDRC-153' appears 100 times and further instances of the messages will be disabled. Use the Tcl command set_msg_config to change the current settings.
WARNING: [DRC RTSTAT-10] No routable loads: 37 net(s) have no routable loads. The problem bus(es) and/or net(s) are dbg_hub/inst/BSCANID.u_xsdbm_id/CORE_XSDB.UUT_MASTER/U_ICON_INTERFACE/U_CMD6_RD/U_RD_FIFO/SUBCORE_FIFO.xsdbm_v3_0_0_rdfifo_inst/inst_fifo_gen/gconvfifo.rf/grf.rf/gntv_or_sync_fifo.gl0.rd/gr1.gr1_int.rfwft/aempty_fwft_i, dbg_hub/inst/BSCANID.u_xsdbm_id/CORE_XSDB.UUT_MASTER/U_ICON_INTERFACE/U_CMD7_CTL/ctl_reg[2:0], dbg_hub/inst/BSCANID.u_xsdbm_id/CORE_XSDB.UUT_MASTER/U_ICON_INTERFACE/U_CMD1/ctl_reg_en_2[1], dbg_hub/inst/BSCANID.u_xsdbm_id/CORE_XSDB.UUT_MASTER/U_ICON_INTERFACE/U_CMD7_CTL/ctl_reg_en_2[1], dbg_hub/inst/BSCANID.u_xsdbm_id/SWITCH_N_EXT_BSCAN.bscan_switch/m_bscan_capture[0], dbg_hub/inst/BSCANID.u_xsdbm_id/SWITCH_N_EXT_BSCAN.bscan_switch/m_bscan_drck[0], dbg_hub/inst/BSCANID.u_xsdbm_id/SWITCH_N_EXT_BSCAN.bscan_switch/m_bscan_runtest[0], dbg_hub/inst/BSCANID.u_xsdbm_id/CORE_XSDB.UUT_MASTER/U_ICON_INTERFACE/U_CMD6_WR/U_WR_FIFO/SUBCORE_FIFO.xsdbm_v3_0_0_wrfifo_inst/inst_fifo_gen/gconvfifo.rf/grf.rf/gntv_or_sync_fifo.gl0.wr/gwhf.whf/overflow, dbg_hub/inst/BSCANID.u_xsdbm_id/CORE_XSDB.UUT_MASTER/U_ICON_INTERFACE/U_CMD6_RD/U_RD_FIFO/SUBCORE_FIFO.xsdbm_v3_0_0_rdfifo_inst/inst_fifo_gen/gconvfifo.rf/grf.rf/gntv_or_sync_fifo.gl0.wr/gwhf.whf/overflow, dbg_hub/inst/BSCANID.u_xsdbm_id/CORE_XSDB.UUT_MASTER/U_ICON_INTERFACE/U_CMD6_RD/U_RD_FIFO/SUBCORE_FIFO.xsdbm_v3_0_0_rdfifo_inst/inst_fifo_gen/gconvfifo.rf/grf.rf/gntv_or_sync_fifo.gl0.rd/gras.rsts/ram_empty_i, dbg_hub/inst/BSCANID.u_xsdbm_id/CORE_XSDB.UUT_MASTER/U_ICON_INTERFACE/U_CMD6_WR/U_WR_FIFO/SUBCORE_FIFO.xsdbm_v3_0_0_wrfifo_inst/inst_fifo_gen/gconvfifo.rf/grf.rf/gntv_or_sync_fifo.gl0.wr/gwas.wsts/ram_full_i, dbg_hub/inst/BSCANID.u_xsdbm_id/CORE_XSDB.UUT_MASTER/U_ICON_INTERFACE/U_CMD6_WR/U_WR_FIFO/SUBCORE_FIFO.xsdbm_v3_0_0_wrfifo_inst/inst_fifo_gen/gconvfifo.rf/grf.rf/rstblk/rd_rst_reg[0], dbg_hub/inst/BSCANID.u_xsdbm_id/SWITCH_N_EXT_BSCAN.bscan_inst/s_bscan_tms, ila_1_rx/inst/ila_core_inst/u_ila_regs/U_XSDB_SLAVE/s_daddr_o[13], ila_1_tx/inst/ila_core_inst/u_ila_regs/U_XSDB_SLAVE/s_daddr_o[13]... and (the first 15 of 35 listed).
WARNING: [DRC ZPS7-1] PS7 block required: The PS7 cell must be used in this Zynq design in order to enable correct default configuration.
INFO: [Vivado 12-3199] DRC finished with 0 Errors, 258 Warnings
INFO: [Vivado 12-3200] Please refer to the DRC report (report_drc) for more information.
INFO: [Designutils 20-2272] Running write_bitstream with 2 threads.
Loading data files...
Loading site data...
Loading route data...
Processing options...
Creating bitmap...
Creating bitstream...
Writing bitstream ./TOP_RB.bit...
INFO: [Vivado 12-1842] Bitgen Completed Successfully.
INFO: [Project 1-118] WebTalk data collection is enabled (User setting is ON. Install Setting is ON.).
INFO: [Common 17-83] Releasing license: Implementation
131 Infos, 104 Warnings, 0 Critical Warnings and 0 Errors encountered.
write_bitstream completed successfully
write_bitstream: Time (s): cpu = 00:00:51 ; elapsed = 00:00:47 . Memory (MB): peak = 2897.977 ; gain = 616.828
INFO: [Common 17-206] Exiting Vivado at Thu Jun 18 10:13:37 2020...
